<?xml version="1.0" encoding="UTF-8"?>
<testsuite name="TestCategory" tests="1" skipped="0" failures="0" errors="0" timestamp="2020-08-06T06:26:43" hostname="NanaminoMacBook-Pro.local" time="0.099">
  <properties/>
  <testcase name="create_category_insert_table" classname="TestCategory" time="0.099"/>
  <system-out><![CDATA[before ancestor: , now ancestor: Beauty
新しい大カテゴリーの登場
before ancestor: , now ancestor: Beauty
新しい中カテゴリーの登場
before descendant: , now descendant: Bath & Body
before ancestor: Beauty, now ancestor: Beauty
前回と大カテゴリーが一緒
before ancestor: Beauty, now ancestor: Beauty
中カテゴリーは前回と一緒
before descendant: Bath & Body, now descendant: Bath & Body
before ancestor: Beauty, now ancestor: Beauty
前回と大カテゴリーが一緒
before ancestor: Beauty, now ancestor: Beauty
中カテゴリーは前回と一緒
before descendant: Bath & Body, now descendant: Bath & Body
before ancestor: Beauty, now ancestor: Beauty
前回と大カテゴリーが一緒
before ancestor: Beauty, now ancestor: Beauty
中カテゴリーは前回と一緒
before descendant: Bath & Body, now descendant: Bath & Body
before ancestor: Beauty, now ancestor: Beauty
前回と大カテゴリーが一緒
before ancestor: Beauty, now ancestor: Beauty
中カテゴリーは前回と一緒
before descendant: Bath & Body, now descendant: Bath & Body
before ancestor: Beauty, now ancestor: Beauty
前回と大カテゴリーが一緒
before ancestor: Beauty, now ancestor: Beauty
中カテゴリーは前回と一緒
before descendant: Bath & Body, now descendant: Bath & Body
before ancestor: Beauty, now ancestor: Beauty
前回と大カテゴリーが一緒
before ancestor: Beauty, now ancestor: Beauty
前回と中カテゴリーが一緒
before descendant: Bath & Body, now descendant: Fragrance
before ancestor: Beauty, now ancestor: Beauty
前回と大カテゴリーが一緒
before ancestor: Beauty, now ancestor: Beauty
中カテゴリーは前回と一緒
before descendant: Fragrance, now descendant: Fragrance
before ancestor: Beauty, now ancestor: Beauty
前回と大カテゴリーが一緒
before ancestor: Beauty, now ancestor: Beauty
中カテゴリーは前回と一緒
before descendant: Fragrance, now descendant: Fragrance
before ancestor: Beauty, now ancestor: Beauty
前回と大カテゴリーが一緒
before ancestor: Beauty, now ancestor: Beauty
中カテゴリーは前回と一緒
before descendant: Fragrance, now descendant: Fragrance
before ancestor: Beauty, now ancestor: Beauty
前回と大カテゴリーが一緒
before ancestor: Beauty, now ancestor: Beauty
中カテゴリーは前回と一緒
before descendant: Fragrance, now descendant: Fragrance
before ancestor: Beauty, now ancestor: Beauty
前回と大カテゴリーが一緒
before ancestor: Beauty, now ancestor: Beauty
中カテゴリーは前回と一緒
before descendant: Fragrance, now descendant: Fragrance
before ancestor: Beauty, now ancestor: Beauty
前回と大カテゴリーが一緒
before ancestor: Beauty, now ancestor: Beauty
前回と中カテゴリーが一緒
before descendant: Fragrance, now descendant: Hair Care
before ancestor: Beauty, now ancestor: Beauty
前回と大カテゴリーが一緒
before ancestor: Beauty, now ancestor: Beauty
中カテゴリーは前回と一緒
before descendant: Hair Care, now descendant: Hair Care
before ancestor: Beauty, now ancestor: Beauty
前回と大カテゴリーが一緒
before ancestor: Beauty, now ancestor: Beauty
中カテゴリーは前回と一緒
before descendant: Hair Care, now descendant: Hair Care
before ancestor: Beauty, now ancestor: Beauty
前回と大カテゴリーが一緒
before ancestor: Beauty, now ancestor: Beauty
中カテゴリーは前回と一緒
before descendant: Hair Care, now descendant: Hair Care
before ancestor: Beauty, now ancestor: Beauty
前回と大カテゴリーが一緒
before ancestor: Beauty, now ancestor: Beauty
中カテゴリーは前回と一緒
before descendant: Hair Care, now descendant: Hair Care
before ancestor: Beauty, now ancestor: Beauty
前回と大カテゴリーが一緒
before ancestor: Beauty, now ancestor: Beauty
中カテゴリーは前回と一緒
before descendant: Hair Care, now descendant: Hair Care
before ancestor: Beauty, now ancestor: Beauty
前回と大カテゴリーが一緒
before ancestor: Beauty, now ancestor: Beauty
中カテゴリーは前回と一緒
before descendant: Hair Care, now descendant: Hair Care
before ancestor: Beauty, now ancestor: Beauty
前回と大カテゴリーが一緒
before ancestor: Beauty, now ancestor: Beauty
中カテゴリーは前回と一緒
before descendant: Hair Care, now descendant: Hair Care
before ancestor: Beauty, now ancestor: Beauty
前回と大カテゴリーが一緒
before ancestor: Beauty, now ancestor: Beauty
中カテゴリーは前回と一緒
before descendant: Hair Care, now descendant: Hair Care
before ancestor: Beauty, now ancestor: Beauty
前回と大カテゴリーが一緒
before ancestor: Beauty, now ancestor: Beauty
中カテゴリーは前回と一緒
before descendant: Hair Care, now descendant: Hair Care
before ancestor: Beauty, now ancestor: Beauty
前回と大カテゴリーが一緒
before ancestor: Beauty, now ancestor: Beauty
中カテゴリーは前回と一緒
before descendant: Hair Care, now descendant: Hair Care
before ancestor: Beauty, now ancestor: Beauty
前回と大カテゴリーが一緒
before ancestor: Beauty, now ancestor: Beauty
中カテゴリーは前回と一緒
before descendant: Hair Care, now descendant: Hair Care
before ancestor: Beauty, now ancestor: Beauty
前回と大カテゴリーが一緒
before ancestor: Beauty, now ancestor: Beauty
前回と中カテゴリーが一緒
before descendant: Hair Care, now descendant: Makeup
before ancestor: Beauty, now ancestor: Beauty
前回と大カテゴリーが一緒
before ancestor: Beauty, now ancestor: Beauty
中カテゴリーは前回と一緒
before descendant: Makeup, now descendant: Makeup
before ancestor: Beauty, now ancestor: Beauty
前回と大カテゴリーが一緒
before ancestor: Beauty, now ancestor: Beauty
中カテゴリーは前回と一緒
before descendant: Makeup, now descendant: Makeup
before ancestor: Beauty, now ancestor: Beauty
前回と大カテゴリーが一緒
before ancestor: Beauty, now ancestor: Beauty
中カテゴリーは前回と一緒
before descendant: Makeup, now descendant: Makeup
before ancestor: Beauty, now ancestor: Beauty
前回と大カテゴリーが一緒
before ancestor: Beauty, now ancestor: Beauty
中カテゴリーは前回と一緒
before descendant: Makeup, now descendant: Makeup
before ancestor: Beauty, now ancestor: Beauty
前回と大カテゴリーが一緒
before ancestor: Beauty, now ancestor: Beauty
中カテゴリーは前回と一緒
before descendant: Makeup, now descendant: Makeup
before ancestor: Beauty, now ancestor: Beauty
前回と大カテゴリーが一緒
before ancestor: Beauty, now ancestor: Beauty
中カテゴリーは前回と一緒
before descendant: Makeup, now descendant: Makeup
before ancestor: Beauty, now ancestor: Beauty
前回と大カテゴリーが一緒
before ancestor: Beauty, now ancestor: Beauty
中カテゴリーは前回と一緒
before descendant: Makeup, now descendant: Makeup
before ancestor: Beauty, now ancestor: Beauty
前回と大カテゴリーが一緒
before ancestor: Beauty, now ancestor: Beauty
中カテゴリーは前回と一緒
before descendant: Makeup, now descendant: Makeup
before ancestor: Beauty, now ancestor: Beauty
前回と大カテゴリーが一緒
before ancestor: Beauty, now ancestor: Beauty
中カテゴリーは前回と一緒
before descendant: Makeup, now descendant: Makeup
before ancestor: Beauty, now ancestor: Beauty
前回と大カテゴリーが一緒
before ancestor: Beauty, now ancestor: Beauty
前回と中カテゴリーが一緒
before descendant: Makeup, now descendant: Other
before ancestor: Beauty, now ancestor: Beauty
前回と大カテゴリーが一緒
before ancestor: Beauty, now ancestor: Beauty
前回と中カテゴリーが一緒
before descendant: Other, now descendant: Skin Care
before ancestor: Beauty, now ancestor: Beauty
前回と大カテゴリーが一緒
before ancestor: Beauty, now ancestor: Beauty
中カテゴリーは前回と一緒
before descendant: Skin Care, now descendant: Skin Care
before ancestor: Beauty, now ancestor: Beauty
前回と大カテゴリーが一緒
before ancestor: Beauty, now ancestor: Beauty
中カテゴリーは前回と一緒
before descendant: Skin Care, now descendant: Skin Care
before ancestor: Beauty, now ancestor: Beauty
前回と大カテゴリーが一緒
before ancestor: Beauty, now ancestor: Beauty
中カテゴリーは前回と一緒
before descendant: Skin Care, now descendant: Skin Care
before ancestor: Beauty, now ancestor: Beauty
前回と大カテゴリーが一緒
before ancestor: Beauty, now ancestor: Beauty
中カテゴリーは前回と一緒
before descendant: Skin Care, now descendant: Skin Care
before ancestor: Beauty, now ancestor: Beauty
前回と大カテゴリーが一緒
before ancestor: Beauty, now ancestor: Beauty
中カテゴリーは前回と一緒
before descendant: Skin Care, now descendant: Skin Care
before ancestor: Beauty, now ancestor: Beauty
前回と大カテゴリーが一緒
before ancestor: Beauty, now ancestor: Beauty
中カテゴリーは前回と一緒
before descendant: Skin Care, now descendant: Skin Care
before ancestor: Beauty, now ancestor: Beauty
前回と大カテゴリーが一緒
before ancestor: Beauty, now ancestor: Beauty
中カテゴリーは前回と一緒
before descendant: Skin Care, now descendant: Skin Care
before ancestor: Beauty, now ancestor: Beauty
前回と大カテゴリーが一緒
before ancestor: Beauty, now ancestor: Beauty
中カテゴリーは前回と一緒
before descendant: Skin Care, now descendant: Skin Care
before ancestor: Beauty, now ancestor: Beauty
前回と大カテゴリーが一緒
before ancestor: Beauty, now ancestor: Beauty
中カテゴリーは前回と一緒
before descendant: Skin Care, now descendant: Skin Care
before ancestor: Beauty, now ancestor: Beauty
前回と大カテゴリーが一緒
before ancestor: Beauty, now ancestor: Beauty
前回と中カテゴリーが一緒
before descendant: Skin Care, now descendant: Tools & Accessories
before ancestor: Beauty, now ancestor: Beauty
前回と大カテゴリーが一緒
before ancestor: Beauty, now ancestor: Beauty
中カテゴリーは前回と一緒
before descendant: Tools & Accessories, now descendant: Tools & Accessories
before ancestor: Beauty, now ancestor: Beauty
前回と大カテゴリーが一緒
before ancestor: Beauty, now ancestor: Beauty
中カテゴリーは前回と一緒
before descendant: Tools & Accessories, now descendant: Tools & Accessories
before ancestor: Beauty, now ancestor: Beauty
前回と大カテゴリーが一緒
before ancestor: Beauty, now ancestor: Beauty
中カテゴリーは前回と一緒
before descendant: Tools & Accessories, now descendant: Tools & Accessories
before ancestor: Beauty, now ancestor: Beauty
前回と大カテゴリーが一緒
before ancestor: Beauty, now ancestor: Beauty
中カテゴリーは前回と一緒
before descendant: Tools & Accessories, now descendant: Tools & Accessories
before ancestor: Beauty, now ancestor: Beauty
前回と大カテゴリーが一緒
before ancestor: Beauty, now ancestor: Beauty
中カテゴリーは前回と一緒
before descendant: Tools & Accessories, now descendant: Tools & Accessories
before ancestor: Beauty, now ancestor: Beauty
前回と大カテゴリーが一緒
before ancestor: Beauty, now ancestor: Beauty
中カテゴリーは前回と一緒
before descendant: Tools & Accessories, now descendant: Tools & Accessories
before ancestor: Beauty, now ancestor: Beauty
前回と大カテゴリーが一緒
before ancestor: Beauty, now ancestor: Beauty
中カテゴリーは前回と一緒
before descendant: Tools & Accessories, now descendant: Tools & Accessories
before ancestor: Beauty, now ancestor: Beauty
前回と大カテゴリーが一緒
before ancestor: Beauty, now ancestor: Beauty
中カテゴリーは前回と一緒
before descendant: Tools & Accessories, now descendant: Tools & Accessories
before ancestor: Beauty, now ancestor: Beauty
前回と大カテゴリーが一緒
before ancestor: Beauty, now ancestor: Beauty
中カテゴリーは前回と一緒
before descendant: Tools & Accessories, now descendant: Tools & Accessories
before ancestor: Beauty, now ancestor: Beauty
前回と大カテゴリーが一緒
before ancestor: Beauty, now ancestor: Beauty
中カテゴリーは前回と一緒
before descendant: Tools & Accessories, now descendant: Tools & Accessories
before ancestor: Beauty, now ancestor: Beauty
前回と大カテゴリーが一緒
before ancestor: Beauty, now ancestor: Beauty
中カテゴリーは前回と一緒
before descendant: Tools & Accessories, now descendant: Tools & Accessories
before ancestor: Beauty, now ancestor: Beauty
前回と大カテゴリーが一緒
before ancestor: Beauty, now ancestor: Beauty
中カテゴリーは前回と一緒
before descendant: Tools & Accessories, now descendant: Tools & Accessories
before ancestor: Beauty, now ancestor: Electronics
新しい大カテゴリーの登場
before ancestor: Beauty, now ancestor: Electronics
新しい中カテゴリーの登場
before descendant: Tools & Accessories, now descendant: Cameras & Photography
before ancestor: Electronics, now ancestor: Electronics
前回と大カテゴリーが一緒
before ancestor: Electronics, now ancestor: Electronics
中カテゴリーは前回と一緒
before descendant: Cameras & Photography, now descendant: Cameras & Photography
before ancestor: Electronics, now ancestor: Electronics
前回と大カテゴリーが一緒
before ancestor: Electronics, now ancestor: Electronics
中カテゴリーは前回と一緒
before descendant: Cameras & Photography, now descendant: Cameras & Photography
before ancestor: Electronics, now ancestor: Electronics
前回と大カテゴリーが一緒
before ancestor: Electronics, now ancestor: Electronics
中カテゴリーは前回と一緒
before descendant: Cameras & Photography, now descendant: Cameras & Photography
before ancestor: Electronics, now ancestor: Electronics
前回と大カテゴリーが一緒
before ancestor: Electronics, now ancestor: Electronics
中カテゴリーは前回と一緒
before descendant: Cameras & Photography, now descendant: Cameras & Photography
before ancestor: Electronics, now ancestor: Electronics
前回と大カテゴリーが一緒
before ancestor: Electronics, now ancestor: Electronics
中カテゴリーは前回と一緒
before descendant: Cameras & Photography, now descendant: Cameras & Photography
before ancestor: Electronics, now ancestor: Electronics
前回と大カテゴリーが一緒
before ancestor: Electronics, now ancestor: Electronics
中カテゴリーは前回と一緒
before descendant: Cameras & Photography, now descendant: Cameras & Photography
before ancestor: Electronics, now ancestor: Electronics
前回と大カテゴリーが一緒
before ancestor: Electronics, now ancestor: Electronics
中カテゴリーは前回と一緒
before descendant: Cameras & Photography, now descendant: Cameras & Photography
before ancestor: Electronics, now ancestor: Electronics
前回と大カテゴリーが一緒
before ancestor: Electronics, now ancestor: Electronics
中カテゴリーは前回と一緒
before descendant: Cameras & Photography, now descendant: Cameras & Photography
before ancestor: Electronics, now ancestor: Electronics
前回と大カテゴリーが一緒
before ancestor: Electronics, now ancestor: Electronics
中カテゴリーは前回と一緒
before descendant: Cameras & Photography, now descendant: Cameras & Photography
before ancestor: Electronics, now ancestor: Electronics
前回と大カテゴリーが一緒
before ancestor: Electronics, now ancestor: Electronics
前回と中カテゴリーが一緒
before descendant: Cameras & Photography, now descendant: Car Audio, Video & GPS
before ancestor: Electronics, now ancestor: Electronics
前回と大カテゴリーが一緒
before ancestor: Electronics, now ancestor: Electronics
中カテゴリーは前回と一緒
before descendant: Car Audio, Video & GPS, now descendant: Car Audio, Video & GPS
before ancestor: Electronics, now ancestor: Electronics
前回と大カテゴリーが一緒
before ancestor: Electronics, now ancestor: Electronics
中カテゴリーは前回と一緒
before descendant: Car Audio, Video & GPS, now descendant: Car Audio, Video & GPS
before ancestor: Electronics, now ancestor: Electronics
前回と大カテゴリーが一緒
before ancestor: Electronics, now ancestor: Electronics
中カテゴリーは前回と一緒
before descendant: Car Audio, Video & GPS, now descendant: Car Audio, Video & GPS
before ancestor: Electronics, now ancestor: Electronics
前回と大カテゴリーが一緒
before ancestor: Electronics, now ancestor: Electronics
中カテゴリーは前回と一緒
before descendant: Car Audio, Video & GPS, now descendant: Car Audio, Video & GPS
before ancestor: Electronics, now ancestor: Electronics
前回と大カテゴリーが一緒
before ancestor: Electronics, now ancestor: Electronics
中カテゴリーは前回と一緒
before descendant: Car Audio, Video & GPS, now descendant: Car Audio, Video & GPS
before ancestor: Electronics, now ancestor: Electronics
前回と大カテゴリーが一緒
before ancestor: Electronics, now ancestor: Electronics
中カテゴリーは前回と一緒
before descendant: Car Audio, Video & GPS, now descendant: Car Audio, Video & GPS
before ancestor: Electronics, now ancestor: Electronics
前回と大カテゴリーが一緒
before ancestor: Electronics, now ancestor: Electronics
中カテゴリーは前回と一緒
before descendant: Car Audio, Video & GPS, now descendant: Car Audio, Video & GPS
before ancestor: Electronics, now ancestor: Electronics
前回と大カテゴリーが一緒
before ancestor: Electronics, now ancestor: Electronics
中カテゴリーは前回と一緒
before descendant: Car Audio, Video & GPS, now descendant: Car Audio, Video & GPS
before ancestor: Electronics, now ancestor: Electronics
前回と大カテゴリーが一緒
before ancestor: Electronics, now ancestor: Electronics
前回と中カテゴリーが一緒
before descendant: Car Audio, Video & GPS, now descendant: Cell Phones & Accessories
before ancestor: Electronics, now ancestor: Electronics
前回と大カテゴリーが一緒
before ancestor: Electronics, now ancestor: Electronics
中カテゴリーは前回と一緒
before descendant: Cell Phones & Accessories, now descendant: Cell Phones & Accessories
before ancestor: Electronics, now ancestor: Electronics
前回と大カテゴリーが一緒
before ancestor: Electronics, now ancestor: Electronics
中カテゴリーは前回と一緒
before descendant: Cell Phones & Accessories, now descendant: Cell Phones & Accessories
before ancestor: Electronics, now ancestor: Electronics
前回と大カテゴリーが一緒
before ancestor: Electronics, now ancestor: Electronics
中カテゴリーは前回と一緒
before descendant: Cell Phones & Accessories, now descendant: Cell Phones & Accessories
before ancestor: Electronics, now ancestor: Electronics
前回と大カテゴリーが一緒
before ancestor: Electronics, now ancestor: Electronics
中カテゴリーは前回と一緒
before descendant: Cell Phones & Accessories, now descendant: Cell Phones & Accessories
before ancestor: Electronics, now ancestor: Electronics
前回と大カテゴリーが一緒
before ancestor: Electronics, now ancestor: Electronics
中カテゴリーは前回と一緒
before descendant: Cell Phones & Accessories, now descendant: Cell Phones & Accessories
before ancestor: Electronics, now ancestor: Electronics
前回と大カテゴリーが一緒
before ancestor: Electronics, now ancestor: Electronics
中カテゴリーは前回と一緒
before descendant: Cell Phones & Accessories, now descendant: Cell Phones & Accessories
before ancestor: Electronics, now ancestor: Electronics
前回と大カテゴリーが一緒
before ancestor: Electronics, now ancestor: Electronics
中カテゴリーは前回と一緒
before descendant: Cell Phones & Accessories, now descendant: Cell Phones & Accessories
before ancestor: Electronics, now ancestor: Electronics
前回と大カテゴリーが一緒
before ancestor: Electronics, now ancestor: Electronics
中カテゴリーは前回と一緒
before descendant: Cell Phones & Accessories, now descendant: Cell Phones & Accessories
before ancestor: Electronics, now ancestor: Electronics
前回と大カテゴリーが一緒
before ancestor: Electronics, now ancestor: Electronics
前回と中カテゴリーが一緒
before descendant: Cell Phones & Accessories, now descendant: Computers & Tablets
before ancestor: Electronics, now ancestor: Electronics
前回と大カテゴリーが一緒
before ancestor: Electronics, now ancestor: Electronics
中カテゴリーは前回と一緒
before descendant: Computers & Tablets, now descendant: Computers & Tablets
before ancestor: Electronics, now ancestor: Electronics
前回と大カテゴリーが一緒
before ancestor: Electronics, now ancestor: Electronics
中カテゴリーは前回と一緒
before descendant: Computers & Tablets, now descendant: Computers & Tablets
before ancestor: Electronics, now ancestor: Electronics
前回と大カテゴリーが一緒
before ancestor: Electronics, now ancestor: Electronics
中カテゴリーは前回と一緒
before descendant: Computers & Tablets, now descendant: Computers & Tablets
before ancestor: Electronics, now ancestor: Electronics
前回と大カテゴリーが一緒
before ancestor: Electronics, now ancestor: Electronics
中カテゴリーは前回と一緒
before descendant: Computers & Tablets, now descendant: Computers & Tablets
before ancestor: Electronics, now ancestor: Electronics
前回と大カテゴリーが一緒
before ancestor: Electronics, now ancestor: Electronics
中カテゴリーは前回と一緒
before descendant: Computers & Tablets, now descendant: Computers & Tablets
before ancestor: Electronics, now ancestor: Electronics
前回と大カテゴリーが一緒
before ancestor: Electronics, now ancestor: Electronics
中カテゴリーは前回と一緒
before descendant: Computers & Tablets, now descendant: Computers & Tablets
before ancestor: Electronics, now ancestor: Electronics
前回と大カテゴリーが一緒
before ancestor: Electronics, now ancestor: Electronics
中カテゴリーは前回と一緒
before descendant: Computers & Tablets, now descendant: Computers & Tablets
before ancestor: Electronics, now ancestor: Electronics
前回と大カテゴリーが一緒
before ancestor: Electronics, now ancestor: Electronics
中カテゴリーは前回と一緒
before descendant: Computers & Tablets, now descendant: Computers & Tablets
before ancestor: Electronics, now ancestor: Electronics
前回と大カテゴリーが一緒
before ancestor: Electronics, now ancestor: Electronics
前回と中カテゴリーが一緒
before descendant: Computers & Tablets, now descendant: Media
before ancestor: Electronics, now ancestor: Electronics
前回と大カテゴリーが一緒
before ancestor: Electronics, now ancestor: Electronics
中カテゴリーは前回と一緒
before descendant: Media, now descendant: Media
before ancestor: Electronics, now ancestor: Electronics
前回と大カテゴリーが一緒
before ancestor: Electronics, now ancestor: Electronics
中カテゴリーは前回と一緒
before descendant: Media, now descendant: Media
before ancestor: Electronics, now ancestor: Electronics
前回と大カテゴリーが一緒
before ancestor: Electronics, now ancestor: Electronics
中カテゴリーは前回と一緒
before descendant: Media, now descendant: Media
before ancestor: Electronics, now ancestor: Electronics
前回と大カテゴリーが一緒
before ancestor: Electronics, now ancestor: Electronics
中カテゴリーは前回と一緒
before descendant: Media, now descendant: Media
before ancestor: Electronics, now ancestor: Electronics
前回と大カテゴリーが一緒
before ancestor: Electronics, now ancestor: Electronics
前回と中カテゴリーが一緒
before descendant: Media, now descendant: Other
before ancestor: Electronics, now ancestor: Electronics
前回と大カテゴリーが一緒
before ancestor: Electronics, now ancestor: Electronics
前回と中カテゴリーが一緒
before descendant: Other, now descendant: TV, Audio & Surveillance
before ancestor: Electronics, now ancestor: Electronics
前回と大カテゴリーが一緒
before ancestor: Electronics, now ancestor: Electronics
中カテゴリーは前回と一緒
before descendant: TV, Audio & Surveillance, now descendant: TV, Audio & Surveillance
before ancestor: Electronics, now ancestor: Electronics
前回と大カテゴリーが一緒
before ancestor: Electronics, now ancestor: Electronics
中カテゴリーは前回と一緒
before descendant: TV, Audio & Surveillance, now descendant: TV, Audio & Surveillance
before ancestor: Electronics, now ancestor: Electronics
前回と大カテゴリーが一緒
before ancestor: Electronics, now ancestor: Electronics
中カテゴリーは前回と一緒
before descendant: TV, Audio & Surveillance, now descendant: TV, Audio & Surveillance
before ancestor: Electronics, now ancestor: Electronics
前回と大カテゴリーが一緒
before ancestor: Electronics, now ancestor: Electronics
中カテゴリーは前回と一緒
before descendant: TV, Audio & Surveillance, now descendant: TV, Audio & Surveillance
before ancestor: Electronics, now ancestor: Electronics
前回と大カテゴリーが一緒
before ancestor: Electronics, now ancestor: Electronics
中カテゴリーは前回と一緒
before descendant: TV, Audio & Surveillance, now descendant: TV, Audio & Surveillance
before ancestor: Electronics, now ancestor: Electronics
前回と大カテゴリーが一緒
before ancestor: Electronics, now ancestor: Electronics
中カテゴリーは前回と一緒
before descendant: TV, Audio & Surveillance, now descendant: TV, Audio & Surveillance
before ancestor: Electronics, now ancestor: Electronics
前回と大カテゴリーが一緒
before ancestor: Electronics, now ancestor: Electronics
中カテゴリーは前回と一緒
before descendant: TV, Audio & Surveillance, now descendant: TV, Audio & Surveillance
before ancestor: Electronics, now ancestor: Electronics
前回と大カテゴリーが一緒
before ancestor: Electronics, now ancestor: Electronics
中カテゴリーは前回と一緒
before descendant: TV, Audio & Surveillance, now descendant: TV, Audio & Surveillance
before ancestor: Electronics, now ancestor: Electronics
前回と大カテゴリーが一緒
before ancestor: Electronics, now ancestor: Electronics
前回と中カテゴリーが一緒
before descendant: TV, Audio & Surveillance, now descendant: Video Games & Consoles
before ancestor: Electronics, now ancestor: Electronics
前回と大カテゴリーが一緒
before ancestor: Electronics, now ancestor: Electronics
中カテゴリーは前回と一緒
before descendant: Video Games & Consoles, now descendant: Video Games & Consoles
before ancestor: Electronics, now ancestor: Electronics
前回と大カテゴリーが一緒
before ancestor: Electronics, now ancestor: Electronics
中カテゴリーは前回と一緒
before descendant: Video Games & Consoles, now descendant: Video Games & Consoles
before ancestor: Electronics, now ancestor: Electronics
前回と大カテゴリーが一緒
before ancestor: Electronics, now ancestor: Electronics
中カテゴリーは前回と一緒
before descendant: Video Games & Consoles, now descendant: Video Games & Consoles
before ancestor: Electronics, now ancestor: Electronics
前回と大カテゴリーが一緒
before ancestor: Electronics, now ancestor: Electronics
中カテゴリーは前回と一緒
before descendant: Video Games & Consoles, now descendant: Video Games & Consoles
before ancestor: Electronics, now ancestor: Electronics
前回と大カテゴリーが一緒
before ancestor: Electronics, now ancestor: Electronics
中カテゴリーは前回と一緒
before descendant: Video Games & Consoles, now descendant: Video Games & Consoles
before ancestor: Electronics, now ancestor: Electronics
前回と大カテゴリーが一緒
before ancestor: Electronics, now ancestor: Electronics
中カテゴリーは前回と一緒
before descendant: Video Games & Consoles, now descendant: Video Games & Consoles
before ancestor: Electronics, now ancestor: Handmade
新しい大カテゴリーの登場
before ancestor: Electronics, now ancestor: Handmade
新しい中カテゴリーの登場
before descendant: Video Games & Consoles, now descendant: Accessories
before ancestor: Handmade, now ancestor: Handmade
前回と大カテゴリーが一緒
before ancestor: Handmade, now ancestor: Handmade
中カテゴリーは前回と一緒
before descendant: Accessories, now descendant: Accessories
before ancestor: Handmade, now ancestor: Handmade
前回と大カテゴリーが一緒
before ancestor: Handmade, now ancestor: Handmade
中カテゴリーは前回と一緒
before descendant: Accessories, now descendant: Accessories
before ancestor: Handmade, now ancestor: Handmade
前回と大カテゴリーが一緒
before ancestor: Handmade, now ancestor: Handmade
中カテゴリーは前回と一緒
before descendant: Accessories, now descendant: Accessories
before ancestor: Handmade, now ancestor: Handmade
前回と大カテゴリーが一緒
before ancestor: Handmade, now ancestor: Handmade
中カテゴリーは前回と一緒
before descendant: Accessories, now descendant: Accessories
before ancestor: Handmade, now ancestor: Handmade
前回と大カテゴリーが一緒
before ancestor: Handmade, now ancestor: Handmade
中カテゴリーは前回と一緒
before descendant: Accessories, now descendant: Accessories
before ancestor: Handmade, now ancestor: Handmade
前回と大カテゴリーが一緒
before ancestor: Handmade, now ancestor: Handmade
中カテゴリーは前回と一緒
before descendant: Accessories, now descendant: Accessories
before ancestor: Handmade, now ancestor: Handmade
前回と大カテゴリーが一緒
before ancestor: Handmade, now ancestor: Handmade
中カテゴリーは前回と一緒
before descendant: Accessories, now descendant: Accessories
before ancestor: Handmade, now ancestor: Handmade
前回と大カテゴリーが一緒
before ancestor: Handmade, now ancestor: Handmade
中カテゴリーは前回と一緒
before descendant: Accessories, now descendant: Accessories
before ancestor: Handmade, now ancestor: Handmade
前回と大カテゴリーが一緒
before ancestor: Handmade, now ancestor: Handmade
中カテゴリーは前回と一緒
before descendant: Accessories, now descendant: Accessories
before ancestor: Handmade, now ancestor: Handmade
前回と大カテゴリーが一緒
before ancestor: Handmade, now ancestor: Handmade
中カテゴリーは前回と一緒
before descendant: Accessories, now descendant: Accessories
before ancestor: Handmade, now ancestor: Handmade
前回と大カテゴリーが一緒
before ancestor: Handmade, now ancestor: Handmade
中カテゴリーは前回と一緒
before descendant: Accessories, now descendant: Accessories
before ancestor: Handmade, now ancestor: Handmade
前回と大カテゴリーが一緒
before ancestor: Handmade, now ancestor: Handmade
中カテゴリーは前回と一緒
before descendant: Accessories, now descendant: Accessories
before ancestor: Handmade, now ancestor: Handmade
前回と大カテゴリーが一緒
before ancestor: Handmade, now ancestor: Handmade
中カテゴリーは前回と一緒
before descendant: Accessories, now descendant: Accessories
before ancestor: Handmade, now ancestor: Handmade
前回と大カテゴリーが一緒
before ancestor: Handmade, now ancestor: Handmade
中カテゴリーは前回と一緒
before descendant: Accessories, now descendant: Accessories
before ancestor: Handmade, now ancestor: Handmade
前回と大カテゴリーが一緒
before ancestor: Handmade, now ancestor: Handmade
中カテゴリーは前回と一緒
before descendant: Accessories, now descendant: Accessories
before ancestor: Handmade, now ancestor: Handmade
前回と大カテゴリーが一緒
before ancestor: Handmade, now ancestor: Handmade
中カテゴリーは前回と一緒
before descendant: Accessories, now descendant: Accessories
before ancestor: Handmade, now ancestor: Handmade
前回と大カテゴリーが一緒
before ancestor: Handmade, now ancestor: Handmade
中カテゴリーは前回と一緒
before descendant: Accessories, now descendant: Accessories
before ancestor: Handmade, now ancestor: Handmade
前回と大カテゴリーが一緒
before ancestor: Handmade, now ancestor: Handmade
中カテゴリーは前回と一緒
before descendant: Accessories, now descendant: Accessories
before ancestor: Handmade, now ancestor: Handmade
前回と大カテゴリーが一緒
before ancestor: Handmade, now ancestor: Handmade
中カテゴリーは前回と一緒
before descendant: Accessories, now descendant: Accessories
before ancestor: Handmade, now ancestor: Handmade
前回と大カテゴリーが一緒
before ancestor: Handmade, now ancestor: Handmade
中カテゴリーは前回と一緒
before descendant: Accessories, now descendant: Accessories
before ancestor: Handmade, now ancestor: Handmade
前回と大カテゴリーが一緒
before ancestor: Handmade, now ancestor: Handmade
中カテゴリーは前回と一緒
before descendant: Accessories, now descendant: Accessories
before ancestor: Handmade, now ancestor: Handmade
前回と大カテゴリーが一緒
before ancestor: Handmade, now ancestor: Handmade
中カテゴリーは前回と一緒
before descendant: Accessories, now descendant: Accessories
before ancestor: Handmade, now ancestor: Handmade
前回と大カテゴリーが一緒
before ancestor: Handmade, now ancestor: Handmade
中カテゴリーは前回と一緒
before descendant: Accessories, now descendant: Accessories
before ancestor: Handmade, now ancestor: Handmade
前回と大カテゴリーが一緒
before ancestor: Handmade, now ancestor: Handmade
前回と中カテゴリーが一緒
before descendant: Accessories, now descendant: Art
before ancestor: Handmade, now ancestor: Handmade
前回と大カテゴリーが一緒
before ancestor: Handmade, now ancestor: Handmade
中カテゴリーは前回と一緒
before descendant: Art, now descendant: Art
before ancestor: Handmade, now ancestor: Handmade
前回と大カテゴリーが一緒
before ancestor: Handmade, now ancestor: Handmade
中カテゴリーは前回と一緒
before descendant: Art, now descendant: Art
before ancestor: Handmade, now ancestor: Handmade
前回と大カテゴリーが一緒
before ancestor: Handmade, now ancestor: Handmade
中カテゴリーは前回と一緒
before descendant: Art, now descendant: Art
before ancestor: Handmade, now ancestor: Handmade
前回と大カテゴリーが一緒
before ancestor: Handmade, now ancestor: Handmade
中カテゴリーは前回と一緒
before descendant: Art, now descendant: Art
before ancestor: Handmade, now ancestor: Handmade
前回と大カテゴリーが一緒
before ancestor: Handmade, now ancestor: Handmade
中カテゴリーは前回と一緒
before descendant: Art, now descendant: Art
before ancestor: Handmade, now ancestor: Handmade
前回と大カテゴリーが一緒
before ancestor: Handmade, now ancestor: Handmade
中カテゴリーは前回と一緒
before descendant: Art, now descendant: Art
before ancestor: Handmade, now ancestor: Handmade
前回と大カテゴリーが一緒
before ancestor: Handmade, now ancestor: Handmade
中カテゴリーは前回と一緒
before descendant: Art, now descendant: Art
before ancestor: Handmade, now ancestor: Handmade
前回と大カテゴリーが一緒
before ancestor: Handmade, now ancestor: Handmade
中カテゴリーは前回と一緒
before descendant: Art, now descendant: Art
before ancestor: Handmade, now ancestor: Handmade
前回と大カテゴリーが一緒
before ancestor: Handmade, now ancestor: Handmade
中カテゴリーは前回と一緒
before descendant: Art, now descendant: Art
before ancestor: Handmade, now ancestor: Handmade
前回と大カテゴリーが一緒
before ancestor: Handmade, now ancestor: Handmade
中カテゴリーは前回と一緒
before descendant: Art, now descendant: Art
before ancestor: Handmade, now ancestor: Handmade
前回と大カテゴリーが一緒
before ancestor: Handmade, now ancestor: Handmade
前回と中カテゴリーが一緒
before descendant: Art, now descendant: Bags and Purses
before ancestor: Handmade, now ancestor: Handmade
前回と大カテゴリーが一緒
before ancestor: Handmade, now ancestor: Handmade
中カテゴリーは前回と一緒
before descendant: Bags and Purses, now descendant: Bags and Purses
before ancestor: Handmade, now ancestor: Handmade
前回と大カテゴリーが一緒
before ancestor: Handmade, now ancestor: Handmade
中カテゴリーは前回と一緒
before descendant: Bags and Purses, now descendant: Bags and Purses
before ancestor: Handmade, now ancestor: Handmade
前回と大カテゴリーが一緒
before ancestor: Handmade, now ancestor: Handmade
中カテゴリーは前回と一緒
before descendant: Bags and Purses, now descendant: Bags and Purses
before ancestor: Handmade, now ancestor: Handmade
前回と大カテゴリーが一緒
before ancestor: Handmade, now ancestor: Handmade
中カテゴリーは前回と一緒
before descendant: Bags and Purses, now descendant: Bags and Purses
before ancestor: Handmade, now ancestor: Handmade
前回と大カテゴリーが一緒
before ancestor: Handmade, now ancestor: Handmade
中カテゴリーは前回と一緒
before descendant: Bags and Purses, now descendant: Bags and Purses
before ancestor: Handmade, now ancestor: Handmade
前回と大カテゴリーが一緒
before ancestor: Handmade, now ancestor: Handmade
中カテゴリーは前回と一緒
before descendant: Bags and Purses, now descendant: Bags and Purses
before ancestor: Handmade, now ancestor: Handmade
前回と大カテゴリーが一緒
before ancestor: Handmade, now ancestor: Handmade
中カテゴリーは前回と一緒
before descendant: Bags and Purses, now descendant: Bags and Purses
before ancestor: Handmade, now ancestor: Handmade
前回と大カテゴリーが一緒
before ancestor: Handmade, now ancestor: Handmade
中カテゴリーは前回と一緒
before descendant: Bags and Purses, now descendant: Bags and Purses
before ancestor: Handmade, now ancestor: Handmade
前回と大カテゴリーが一緒
before ancestor: Handmade, now ancestor: Handmade
中カテゴリーは前回と一緒
before descendant: Bags and Purses, now descendant: Bags and Purses
before ancestor: Handmade, now ancestor: Handmade
前回と大カテゴリーが一緒
before ancestor: Handmade, now ancestor: Handmade
中カテゴリーは前回と一緒
before descendant: Bags and Purses, now descendant: Bags and Purses
before ancestor: Handmade, now ancestor: Handmade
前回と大カテゴリーが一緒
before ancestor: Handmade, now ancestor: Handmade
中カテゴリーは前回と一緒
before descendant: Bags and Purses, now descendant: Bags and Purses
before ancestor: Handmade, now ancestor: Handmade
前回と大カテゴリーが一緒
before ancestor: Handmade, now ancestor: Handmade
前回と中カテゴリーが一緒
before descendant: Bags and Purses, now descendant: Books and Zines
before ancestor: Handmade, now ancestor: Handmade
前回と大カテゴリーが一緒
before ancestor: Handmade, now ancestor: Handmade
中カテゴリーは前回と一緒
before descendant: Books and Zines, now descendant: Books and Zines
before ancestor: Handmade, now ancestor: Handmade
前回と大カテゴリーが一緒
before ancestor: Handmade, now ancestor: Handmade
中カテゴリーは前回と一緒
before descendant: Books and Zines, now descendant: Books and Zines
before ancestor: Handmade, now ancestor: Handmade
前回と大カテゴリーが一緒
before ancestor: Handmade, now ancestor: Handmade
中カテゴリーは前回と一緒
before descendant: Books and Zines, now descendant: Books and Zines
before ancestor: Handmade, now ancestor: Handmade
前回と大カテゴリーが一緒
before ancestor: Handmade, now ancestor: Handmade
中カテゴリーは前回と一緒
before descendant: Books and Zines, now descendant: Books and Zines
before ancestor: Handmade, now ancestor: Handmade
前回と大カテゴリーが一緒
before ancestor: Handmade, now ancestor: Handmade
前回と中カテゴリーが一緒
before descendant: Books and Zines, now descendant: Candles
before ancestor: Handmade, now ancestor: Handmade
前回と大カテゴリーが一緒
before ancestor: Handmade, now ancestor: Handmade
中カテゴリーは前回と一緒
before descendant: Candles, now descendant: Candles
before ancestor: Handmade, now ancestor: Handmade
前回と大カテゴリーが一緒
before ancestor: Handmade, now ancestor: Handmade
中カテゴリーは前回と一緒
before descendant: Candles, now descendant: Candles
before ancestor: Handmade, now ancestor: Handmade
前回と大カテゴリーが一緒
before ancestor: Handmade, now ancestor: Handmade
中カテゴリーは前回と一緒
before descendant: Candles, now descendant: Candles
before ancestor: Handmade, now ancestor: Handmade
前回と大カテゴリーが一緒
before ancestor: Handmade, now ancestor: Handmade
前回と中カテゴリーが一緒
before descendant: Candles, now descendant: Ceramics and Pottery
before ancestor: Handmade, now ancestor: Handmade
前回と大カテゴリーが一緒
before ancestor: Handmade, now ancestor: Handmade
中カテゴリーは前回と一緒
before descendant: Ceramics and Pottery, now descendant: Ceramics and Pottery
before ancestor: Handmade, now ancestor: Handmade
前回と大カテゴリーが一緒
before ancestor: Handmade, now ancestor: Handmade
中カテゴリーは前回と一緒
before descendant: Ceramics and Pottery, now descendant: Ceramics and Pottery
before ancestor: Handmade, now ancestor: Handmade
前回と大カテゴリーが一緒
before ancestor: Handmade, now ancestor: Handmade
中カテゴリーは前回と一緒
before descendant: Ceramics and Pottery, now descendant: Ceramics and Pottery
before ancestor: Handmade, now ancestor: Handmade
前回と大カテゴリーが一緒
before ancestor: Handmade, now ancestor: Handmade
中カテゴリーは前回と一緒
before descendant: Ceramics and Pottery, now descendant: Ceramics and Pottery
before ancestor: Handmade, now ancestor: Handmade
前回と大カテゴリーが一緒
before ancestor: Handmade, now ancestor: Handmade
中カテゴリーは前回と一緒
before descendant: Ceramics and Pottery, now descendant: Ceramics and Pottery
before ancestor: Handmade, now ancestor: Handmade
前回と大カテゴリーが一緒
before ancestor: Handmade, now ancestor: Handmade
中カテゴリーは前回と一緒
before descendant: Ceramics and Pottery, now descendant: Ceramics and Pottery
before ancestor: Handmade, now ancestor: Handmade
前回と大カテゴリーが一緒
before ancestor: Handmade, now ancestor: Handmade
中カテゴリーは前回と一緒
before descendant: Ceramics and Pottery, now descendant: Ceramics and Pottery
before ancestor: Handmade, now ancestor: Handmade
前回と大カテゴリーが一緒
before ancestor: Handmade, now ancestor: Handmade
中カテゴリーは前回と一緒
before descendant: Ceramics and Pottery, now descendant: Ceramics and Pottery
before ancestor: Handmade, now ancestor: Handmade
前回と大カテゴリーが一緒
before ancestor: Handmade, now ancestor: Handmade
中カテゴリーは前回と一緒
before descendant: Ceramics and Pottery, now descendant: Ceramics and Pottery
before ancestor: Handmade, now ancestor: Handmade
前回と大カテゴリーが一緒
before ancestor: Handmade, now ancestor: Handmade
中カテゴリーは前回と一緒
before descendant: Ceramics and Pottery, now descendant: Ceramics and Pottery
before ancestor: Handmade, now ancestor: Handmade
前回と大カテゴリーが一緒
before ancestor: Handmade, now ancestor: Handmade
前回と中カテゴリーが一緒
before descendant: Ceramics and Pottery, now descendant: Children
before ancestor: Handmade, now ancestor: Handmade
前回と大カテゴリーが一緒
before ancestor: Handmade, now ancestor: Handmade
中カテゴリーは前回と一緒
before descendant: Children, now descendant: Children
before ancestor: Handmade, now ancestor: Handmade
前回と大カテゴリーが一緒
before ancestor: Handmade, now ancestor: Handmade
中カテゴリーは前回と一緒
before descendant: Children, now descendant: Children
before ancestor: Handmade, now ancestor: Handmade
前回と大カテゴリーが一緒
before ancestor: Handmade, now ancestor: Handmade
中カテゴリーは前回と一緒
before descendant: Children, now descendant: Children
before ancestor: Handmade, now ancestor: Handmade
前回と大カテゴリーが一緒
before ancestor: Handmade, now ancestor: Handmade
中カテゴリーは前回と一緒
before descendant: Children, now descendant: Children
before ancestor: Handmade, now ancestor: Handmade
前回と大カテゴリーが一緒
before ancestor: Handmade, now ancestor: Handmade
中カテゴリーは前回と一緒
before descendant: Children, now descendant: Children
before ancestor: Handmade, now ancestor: Handmade
前回と大カテゴリーが一緒
before ancestor: Handmade, now ancestor: Handmade
中カテゴリーは前回と一緒
before descendant: Children, now descendant: Children
before ancestor: Handmade, now ancestor: Handmade
前回と大カテゴリーが一緒
before ancestor: Handmade, now ancestor: Handmade
中カテゴリーは前回と一緒
before descendant: Children, now descendant: Children
before ancestor: Handmade, now ancestor: Handmade
前回と大カテゴリーが一緒
before ancestor: Handmade, now ancestor: Handmade
中カテゴリーは前回と一緒
before descendant: Children, now descendant: Children
before ancestor: Handmade, now ancestor: Handmade
前回と大カテゴリーが一緒
before ancestor: Handmade, now ancestor: Handmade
前回と中カテゴリーが一緒
before descendant: Children, now descendant: Clothing
before ancestor: Handmade, now ancestor: Handmade
前回と大カテゴリーが一緒
before ancestor: Handmade, now ancestor: Handmade
中カテゴリーは前回と一緒
before descendant: Clothing, now descendant: Clothing
before ancestor: Handmade, now ancestor: Handmade
前回と大カテゴリーが一緒
before ancestor: Handmade, now ancestor: Handmade
中カテゴリーは前回と一緒
before descendant: Clothing, now descendant: Clothing
before ancestor: Handmade, now ancestor: Handmade
前回と大カテゴリーが一緒
before ancestor: Handmade, now ancestor: Handmade
中カテゴリーは前回と一緒
before descendant: Clothing, now descendant: Clothing
before ancestor: Handmade, now ancestor: Handmade
前回と大カテゴリーが一緒
before ancestor: Handmade, now ancestor: Handmade
中カテゴリーは前回と一緒
before descendant: Clothing, now descendant: Clothing
before ancestor: Handmade, now ancestor: Handmade
前回と大カテゴリーが一緒
before ancestor: Handmade, now ancestor: Handmade
中カテゴリーは前回と一緒
before descendant: Clothing, now descendant: Clothing
before ancestor: Handmade, now ancestor: Handmade
前回と大カテゴリーが一緒
before ancestor: Handmade, now ancestor: Handmade
中カテゴリーは前回と一緒
before descendant: Clothing, now descendant: Clothing
before ancestor: Handmade, now ancestor: Handmade
前回と大カテゴリーが一緒
before ancestor: Handmade, now ancestor: Handmade
中カテゴリーは前回と一緒
before descendant: Clothing, now descendant: Clothing
before ancestor: Handmade, now ancestor: Handmade
前回と大カテゴリーが一緒
before ancestor: Handmade, now ancestor: Handmade
中カテゴリーは前回と一緒
before descendant: Clothing, now descendant: Clothing
before ancestor: Handmade, now ancestor: Handmade
前回と大カテゴリーが一緒
before ancestor: Handmade, now ancestor: Handmade
中カテゴリーは前回と一緒
before descendant: Clothing, now descendant: Clothing
before ancestor: Handmade, now ancestor: Handmade
前回と大カテゴリーが一緒
before ancestor: Handmade, now ancestor: Handmade
前回と中カテゴリーが一緒
before descendant: Clothing, now descendant: Crochet
before ancestor: Handmade, now ancestor: Handmade
前回と大カテゴリーが一緒
before ancestor: Handmade, now ancestor: Handmade
中カテゴリーは前回と一緒
before descendant: Crochet, now descendant: Crochet
before ancestor: Handmade, now ancestor: Handmade
前回と大カテゴリーが一緒
before ancestor: Handmade, now ancestor: Handmade
中カテゴリーは前回と一緒
before descendant: Crochet, now descendant: Crochet
before ancestor: Handmade, now ancestor: Handmade
前回と大カテゴリーが一緒
before ancestor: Handmade, now ancestor: Handmade
中カテゴリーは前回と一緒
before descendant: Crochet, now descendant: Crochet
before ancestor: Handmade, now ancestor: Handmade
前回と大カテゴリーが一緒
before ancestor: Handmade, now ancestor: Handmade
中カテゴリーは前回と一緒
before descendant: Crochet, now descendant: Crochet
before ancestor: Handmade, now ancestor: Handmade
前回と大カテゴリーが一緒
before ancestor: Handmade, now ancestor: Handmade
中カテゴリーは前回と一緒
before descendant: Crochet, now descendant: Crochet
before ancestor: Handmade, now ancestor: Handmade
前回と大カテゴリーが一緒
before ancestor: Handmade, now ancestor: Handmade
中カテゴリーは前回と一緒
before descendant: Crochet, now descendant: Crochet
before ancestor: Handmade, now ancestor: Handmade
前回と大カテゴリーが一緒
before ancestor: Handmade, now ancestor: Handmade
中カテゴリーは前回と一緒
before descendant: Crochet, now descendant: Crochet
before ancestor: Handmade, now ancestor: Handmade
前回と大カテゴリーが一緒
before ancestor: Handmade, now ancestor: Handmade
中カテゴリーは前回と一緒
before descendant: Crochet, now descendant: Crochet
before ancestor: Handmade, now ancestor: Handmade
前回と大カテゴリーが一緒
before ancestor: Handmade, now ancestor: Handmade
中カテゴリーは前回と一緒
before descendant: Crochet, now descendant: Crochet
before ancestor: Handmade, now ancestor: Handmade
前回と大カテゴリーが一緒
before ancestor: Handmade, now ancestor: Handmade
前回と中カテゴリーが一緒
before descendant: Crochet, now descendant: Dolls and Miniatures
before ancestor: Handmade, now ancestor: Handmade
前回と大カテゴリーが一緒
before ancestor: Handmade, now ancestor: Handmade
中カテゴリーは前回と一緒
before descendant: Dolls and Miniatures, now descendant: Dolls and Miniatures
before ancestor: Handmade, now ancestor: Handmade
前回と大カテゴリーが一緒
before ancestor: Handmade, now ancestor: Handmade
中カテゴリーは前回と一緒
before descendant: Dolls and Miniatures, now descendant: Dolls and Miniatures
before ancestor: Handmade, now ancestor: Handmade
前回と大カテゴリーが一緒
before ancestor: Handmade, now ancestor: Handmade
中カテゴリーは前回と一緒
before descendant: Dolls and Miniatures, now descendant: Dolls and Miniatures
before ancestor: Handmade, now ancestor: Handmade
前回と大カテゴリーが一緒
before ancestor: Handmade, now ancestor: Handmade
中カテゴリーは前回と一緒
before descendant: Dolls and Miniatures, now descendant: Dolls and Miniatures
before ancestor: Handmade, now ancestor: Handmade
前回と大カテゴリーが一緒
before ancestor: Handmade, now ancestor: Handmade
中カテゴリーは前回と一緒
before descendant: Dolls and Miniatures, now descendant: Dolls and Miniatures
before ancestor: Handmade, now ancestor: Handmade
前回と大カテゴリーが一緒
before ancestor: Handmade, now ancestor: Handmade
中カテゴリーは前回と一緒
before descendant: Dolls and Miniatures, now descendant: Dolls and Miniatures
before ancestor: Handmade, now ancestor: Handmade
前回と大カテゴリーが一緒
before ancestor: Handmade, now ancestor: Handmade
中カテゴリーは前回と一緒
before descendant: Dolls and Miniatures, now descendant: Dolls and Miniatures
before ancestor: Handmade, now ancestor: Handmade
前回と大カテゴリーが一緒
before ancestor: Handmade, now ancestor: Handmade
中カテゴリーは前回と一緒
before descendant: Dolls and Miniatures, now descendant: Dolls and Miniatures
before ancestor: Handmade, now ancestor: Handmade
前回と大カテゴリーが一緒
before ancestor: Handmade, now ancestor: Handmade
中カテゴリーは前回と一緒
before descendant: Dolls and Miniatures, now descendant: Dolls and Miniatures
before ancestor: Handmade, now ancestor: Handmade
前回と大カテゴリーが一緒
before ancestor: Handmade, now ancestor: Handmade
中カテゴリーは前回と一緒
before descendant: Dolls and Miniatures, now descendant: Dolls and Miniatures
before ancestor: Handmade, now ancestor: Handmade
前回と大カテゴリーが一緒
before ancestor: Handmade, now ancestor: Handmade
中カテゴリーは前回と一緒
before descendant: Dolls and Miniatures, now descendant: Dolls and Miniatures
before ancestor: Handmade, now ancestor: Handmade
前回と大カテゴリーが一緒
before ancestor: Handmade, now ancestor: Handmade
中カテゴリーは前回と一緒
before descendant: Dolls and Miniatures, now descendant: Dolls and Miniatures
before ancestor: Handmade, now ancestor: Handmade
前回と大カテゴリーが一緒
before ancestor: Handmade, now ancestor: Handmade
中カテゴリーは前回と一緒
before descendant: Dolls and Miniatures, now descendant: Dolls and Miniatures
before ancestor: Handmade, now ancestor: Handmade
前回と大カテゴリーが一緒
before ancestor: Handmade, now ancestor: Handmade
前回と中カテゴリーが一緒
before descendant: Dolls and Miniatures, now descendant: Furniture
before ancestor: Handmade, now ancestor: Handmade
前回と大カテゴリーが一緒
before ancestor: Handmade, now ancestor: Handmade
中カテゴリーは前回と一緒
before descendant: Furniture, now descendant: Furniture
before ancestor: Handmade, now ancestor: Handmade
前回と大カテゴリーが一緒
before ancestor: Handmade, now ancestor: Handmade
中カテゴリーは前回と一緒
before descendant: Furniture, now descendant: Furniture
before ancestor: Handmade, now ancestor: Handmade
前回と大カテゴリーが一緒
before ancestor: Handmade, now ancestor: Handmade
前回と中カテゴリーが一緒
before descendant: Furniture, now descendant: Geekery
before ancestor: Handmade, now ancestor: Handmade
前回と大カテゴリーが一緒
before ancestor: Handmade, now ancestor: Handmade
中カテゴリーは前回と一緒
before descendant: Geekery, now descendant: Geekery
before ancestor: Handmade, now ancestor: Handmade
前回と大カテゴリーが一緒
before ancestor: Handmade, now ancestor: Handmade
中カテゴリーは前回と一緒
before descendant: Geekery, now descendant: Geekery
before ancestor: Handmade, now ancestor: Handmade
前回と大カテゴリーが一緒
before ancestor: Handmade, now ancestor: Handmade
中カテゴリーは前回と一緒
before descendant: Geekery, now descendant: Geekery
before ancestor: Handmade, now ancestor: Handmade
前回と大カテゴリーが一緒
before ancestor: Handmade, now ancestor: Handmade
中カテゴリーは前回と一緒
before descendant: Geekery, now descendant: Geekery
before ancestor: Handmade, now ancestor: Handmade
前回と大カテゴリーが一緒
before ancestor: Handmade, now ancestor: Handmade
中カテゴリーは前回と一緒
before descendant: Geekery, now descendant: Geekery
before ancestor: Handmade, now ancestor: Handmade
前回と大カテゴリーが一緒
before ancestor: Handmade, now ancestor: Handmade
中カテゴリーは前回と一緒
before descendant: Geekery, now descendant: Geekery
before ancestor: Handmade, now ancestor: Handmade
前回と大カテゴリーが一緒
before ancestor: Handmade, now ancestor: Handmade
中カテゴリーは前回と一緒
before descendant: Geekery, now descendant: Geekery
before ancestor: Handmade, now ancestor: Handmade
前回と大カテゴリーが一緒
before ancestor: Handmade, now ancestor: Handmade
中カテゴリーは前回と一緒
before descendant: Geekery, now descendant: Geekery
before ancestor: Handmade, now ancestor: Handmade
前回と大カテゴリーが一緒
before ancestor: Handmade, now ancestor: Handmade
中カテゴリーは前回と一緒
before descendant: Geekery, now descendant: Geekery
before ancestor: Handmade, now ancestor: Handmade
前回と大カテゴリーが一緒
before ancestor: Handmade, now ancestor: Handmade
中カテゴリーは前回と一緒
before descendant: Geekery, now descendant: Geekery
before ancestor: Handmade, now ancestor: Handmade
前回と大カテゴリーが一緒
before ancestor: Handmade, now ancestor: Handmade
中カテゴリーは前回と一緒
before descendant: Geekery, now descendant: Geekery
before ancestor: Handmade, now ancestor: Handmade
前回と大カテゴリーが一緒
before ancestor: Handmade, now ancestor: Handmade
前回と中カテゴリーが一緒
before descendant: Geekery, now descendant: Glass
before ancestor: Handmade, now ancestor: Handmade
前回と大カテゴリーが一緒
before ancestor: Handmade, now ancestor: Handmade
中カテゴリーは前回と一緒
before descendant: Glass, now descendant: Glass
before ancestor: Handmade, now ancestor: Handmade
前回と大カテゴリーが一緒
before ancestor: Handmade, now ancestor: Handmade
中カテゴリーは前回と一緒
before descendant: Glass, now descendant: Glass
before ancestor: Handmade, now ancestor: Handmade
前回と大カテゴリーが一緒
before ancestor: Handmade, now ancestor: Handmade
中カテゴリーは前回と一緒
before descendant: Glass, now descendant: Glass
before ancestor: Handmade, now ancestor: Handmade
前回と大カテゴリーが一緒
before ancestor: Handmade, now ancestor: Handmade
中カテゴリーは前回と一緒
before descendant: Glass, now descendant: Glass
before ancestor: Handmade, now ancestor: Handmade
前回と大カテゴリーが一緒
before ancestor: Handmade, now ancestor: Handmade
中カテゴリーは前回と一緒
before descendant: Glass, now descendant: Glass
before ancestor: Handmade, now ancestor: Handmade
前回と大カテゴリーが一緒
before ancestor: Handmade, now ancestor: Handmade
中カテゴリーは前回と一緒
before descendant: Glass, now descendant: Glass
before ancestor: Handmade, now ancestor: Handmade
前回と大カテゴリーが一緒
before ancestor: Handmade, now ancestor: Handmade
中カテゴリーは前回と一緒
before descendant: Glass, now descendant: Glass
before ancestor: Handmade, now ancestor: Handmade
前回と大カテゴリーが一緒
before ancestor: Handmade, now ancestor: Handmade
中カテゴリーは前回と一緒
before descendant: Glass, now descendant: Glass
before ancestor: Handmade, now ancestor: Handmade
前回と大カテゴリーが一緒
before ancestor: Handmade, now ancestor: Handmade
中カテゴリーは前回と一緒
before descendant: Glass, now descendant: Glass
before ancestor: Handmade, now ancestor: Handmade
前回と大カテゴリーが一緒
before ancestor: Handmade, now ancestor: Handmade
中カテゴリーは前回と一緒
before descendant: Glass, now descendant: Glass
before ancestor: Handmade, now ancestor: Handmade
前回と大カテゴリーが一緒
before ancestor: Handmade, now ancestor: Handmade
中カテゴリーは前回と一緒
before descendant: Glass, now descendant: Glass
before ancestor: Handmade, now ancestor: Handmade
前回と大カテゴリーが一緒
before ancestor: Handmade, now ancestor: Handmade
中カテゴリーは前回と一緒
before descendant: Glass, now descendant: Glass
before ancestor: Handmade, now ancestor: Handmade
前回と大カテゴリーが一緒
before ancestor: Handmade, now ancestor: Handmade
中カテゴリーは前回と一緒
before descendant: Glass, now descendant: Glass
before ancestor: Handmade, now ancestor: Handmade
前回と大カテゴリーが一緒
before ancestor: Handmade, now ancestor: Handmade
中カテゴリーは前回と一緒
before descendant: Glass, now descendant: Glass
before ancestor: Handmade, now ancestor: Handmade
前回と大カテゴリーが一緒
before ancestor: Handmade, now ancestor: Handmade
前回と中カテゴリーが一緒
before descendant: Glass, now descendant: Holidays
before ancestor: Handmade, now ancestor: Handmade
前回と大カテゴリーが一緒
before ancestor: Handmade, now ancestor: Handmade
中カテゴリーは前回と一緒
before descendant: Holidays, now descendant: Holidays
before ancestor: Handmade, now ancestor: Handmade
前回と大カテゴリーが一緒
before ancestor: Handmade, now ancestor: Handmade
中カテゴリーは前回と一緒
before descendant: Holidays, now descendant: Holidays
before ancestor: Handmade, now ancestor: Handmade
前回と大カテゴリーが一緒
before ancestor: Handmade, now ancestor: Handmade
中カテゴリーは前回と一緒
before descendant: Holidays, now descendant: Holidays
before ancestor: Handmade, now ancestor: Handmade
前回と大カテゴリーが一緒
before ancestor: Handmade, now ancestor: Handmade
中カテゴリーは前回と一緒
before descendant: Holidays, now descendant: Holidays
before ancestor: Handmade, now ancestor: Handmade
前回と大カテゴリーが一緒
before ancestor: Handmade, now ancestor: Handmade
中カテゴリーは前回と一緒
before descendant: Holidays, now descendant: Holidays
before ancestor: Handmade, now ancestor: Handmade
前回と大カテゴリーが一緒
before ancestor: Handmade, now ancestor: Handmade
中カテゴリーは前回と一緒
before descendant: Holidays, now descendant: Holidays
before ancestor: Handmade, now ancestor: Handmade
前回と大カテゴリーが一緒
before ancestor: Handmade, now ancestor: Handmade
中カテゴリーは前回と一緒
before descendant: Holidays, now descendant: Holidays
before ancestor: Handmade, now ancestor: Handmade
前回と大カテゴリーが一緒
before ancestor: Handmade, now ancestor: Handmade
中カテゴリーは前回と一緒
before descendant: Holidays, now descendant: Holidays
before ancestor: Handmade, now ancestor: Handmade
前回と大カテゴリーが一緒
before ancestor: Handmade, now ancestor: Handmade
中カテゴリーは前回と一緒
before descendant: Holidays, now descendant: Holidays
before ancestor: Handmade, now ancestor: Handmade
前回と大カテゴリーが一緒
before ancestor: Handmade, now ancestor: Handmade
前回と中カテゴリーが一緒
before descendant: Holidays, now descendant: Housewares
before ancestor: Handmade, now ancestor: Handmade
前回と大カテゴリーが一緒
before ancestor: Handmade, now ancestor: Handmade
中カテゴリーは前回と一緒
before descendant: Housewares, now descendant: Housewares
before ancestor: Handmade, now ancestor: Handmade
前回と大カテゴリーが一緒
before ancestor: Handmade, now ancestor: Handmade
中カテゴリーは前回と一緒
before descendant: Housewares, now descendant: Housewares
before ancestor: Handmade, now ancestor: Handmade
前回と大カテゴリーが一緒
before ancestor: Handmade, now ancestor: Handmade
中カテゴリーは前回と一緒
before descendant: Housewares, now descendant: Housewares
before ancestor: Handmade, now ancestor: Handmade
前回と大カテゴリーが一緒
before ancestor: Handmade, now ancestor: Handmade
中カテゴリーは前回と一緒
before descendant: Housewares, now descendant: Housewares
before ancestor: Handmade, now ancestor: Handmade
前回と大カテゴリーが一緒
before ancestor: Handmade, now ancestor: Handmade
中カテゴリーは前回と一緒
before descendant: Housewares, now descendant: Housewares
before ancestor: Handmade, now ancestor: Handmade
前回と大カテゴリーが一緒
before ancestor: Handmade, now ancestor: Handmade
中カテゴリーは前回と一緒
before descendant: Housewares, now descendant: Housewares
before ancestor: Handmade, now ancestor: Handmade
前回と大カテゴリーが一緒
before ancestor: Handmade, now ancestor: Handmade
中カテゴリーは前回と一緒
before descendant: Housewares, now descendant: Housewares
before ancestor: Handmade, now ancestor: Handmade
前回と大カテゴリーが一緒
before ancestor: Handmade, now ancestor: Handmade
中カテゴリーは前回と一緒
before descendant: Housewares, now descendant: Housewares
before ancestor: Handmade, now ancestor: Handmade
前回と大カテゴリーが一緒
before ancestor: Handmade, now ancestor: Handmade
中カテゴリーは前回と一緒
before descendant: Housewares, now descendant: Housewares
before ancestor: Handmade, now ancestor: Handmade
前回と大カテゴリーが一緒
before ancestor: Handmade, now ancestor: Handmade
中カテゴリーは前回と一緒
before descendant: Housewares, now descendant: Housewares
before ancestor: Handmade, now ancestor: Handmade
前回と大カテゴリーが一緒
before ancestor: Handmade, now ancestor: Handmade
中カテゴリーは前回と一緒
before descendant: Housewares, now descendant: Housewares
before ancestor: Handmade, now ancestor: Handmade
前回と大カテゴリーが一緒
before ancestor: Handmade, now ancestor: Handmade
前回と中カテゴリーが一緒
before descendant: Housewares, now descendant: Jewelry
before ancestor: Handmade, now ancestor: Handmade
前回と大カテゴリーが一緒
before ancestor: Handmade, now ancestor: Handmade
中カテゴリーは前回と一緒
before descendant: Jewelry, now descendant: Jewelry
before ancestor: Handmade, now ancestor: Handmade
前回と大カテゴリーが一緒
before ancestor: Handmade, now ancestor: Handmade
中カテゴリーは前回と一緒
before descendant: Jewelry, now descendant: Jewelry
before ancestor: Handmade, now ancestor: Handmade
前回と大カテゴリーが一緒
before ancestor: Handmade, now ancestor: Handmade
中カテゴリーは前回と一緒
before descendant: Jewelry, now descendant: Jewelry
before ancestor: Handmade, now ancestor: Handmade
前回と大カテゴリーが一緒
before ancestor: Handmade, now ancestor: Handmade
中カテゴリーは前回と一緒
before descendant: Jewelry, now descendant: Jewelry
before ancestor: Handmade, now ancestor: Handmade
前回と大カテゴリーが一緒
before ancestor: Handmade, now ancestor: Handmade
前回と中カテゴリーが一緒
before descendant: Jewelry, now descendant: Knitting
before ancestor: Handmade, now ancestor: Handmade
前回と大カテゴリーが一緒
before ancestor: Handmade, now ancestor: Handmade
中カテゴリーは前回と一緒
before descendant: Knitting, now descendant: Knitting
before ancestor: Handmade, now ancestor: Handmade
前回と大カテゴリーが一緒
before ancestor: Handmade, now ancestor: Handmade
中カテゴリーは前回と一緒
before descendant: Knitting, now descendant: Knitting
before ancestor: Handmade, now ancestor: Handmade
前回と大カテゴリーが一緒
before ancestor: Handmade, now ancestor: Handmade
中カテゴリーは前回と一緒
before descendant: Knitting, now descendant: Knitting
before ancestor: Handmade, now ancestor: Handmade
前回と大カテゴリーが一緒
before ancestor: Handmade, now ancestor: Handmade
中カテゴリーは前回と一緒
before descendant: Knitting, now descendant: Knitting
before ancestor: Handmade, now ancestor: Handmade
前回と大カテゴリーが一緒
before ancestor: Handmade, now ancestor: Handmade
中カテゴリーは前回と一緒
before descendant: Knitting, now descendant: Knitting
before ancestor: Handmade, now ancestor: Handmade
前回と大カテゴリーが一緒
before ancestor: Handmade, now ancestor: Handmade
中カテゴリーは前回と一緒
before descendant: Knitting, now descendant: Knitting
before ancestor: Handmade, now ancestor: Handmade
前回と大カテゴリーが一緒
before ancestor: Handmade, now ancestor: Handmade
中カテゴリーは前回と一緒
before descendant: Knitting, now descendant: Knitting
before ancestor: Handmade, now ancestor: Handmade
前回と大カテゴリーが一緒
before ancestor: Handmade, now ancestor: Handmade
中カテゴリーは前回と一緒
before descendant: Knitting, now descendant: Knitting
before ancestor: Handmade, now ancestor: Handmade
前回と大カテゴリーが一緒
before ancestor: Handmade, now ancestor: Handmade
中カテゴリーは前回と一緒
before descendant: Knitting, now descendant: Knitting
before ancestor: Handmade, now ancestor: Handmade
前回と大カテゴリーが一緒
before ancestor: Handmade, now ancestor: Handmade
前回と中カテゴリーが一緒
before descendant: Knitting, now descendant: Music
before ancestor: Handmade, now ancestor: Handmade
前回と大カテゴリーが一緒
before ancestor: Handmade, now ancestor: Handmade
中カテゴリーは前回と一緒
before descendant: Music, now descendant: Music
before ancestor: Handmade, now ancestor: Handmade
前回と大カテゴリーが一緒
before ancestor: Handmade, now ancestor: Handmade
中カテゴリーは前回と一緒
before descendant: Music, now descendant: Music
before ancestor: Handmade, now ancestor: Handmade
前回と大カテゴリーが一緒
before ancestor: Handmade, now ancestor: Handmade
中カテゴリーは前回と一緒
before descendant: Music, now descendant: Music
before ancestor: Handmade, now ancestor: Handmade
前回と大カテゴリーが一緒
before ancestor: Handmade, now ancestor: Handmade
中カテゴリーは前回と一緒
before descendant: Music, now descendant: Music
before ancestor: Handmade, now ancestor: Handmade
前回と大カテゴリーが一緒
before ancestor: Handmade, now ancestor: Handmade
中カテゴリーは前回と一緒
before descendant: Music, now descendant: Music
before ancestor: Handmade, now ancestor: Handmade
前回と大カテゴリーが一緒
before ancestor: Handmade, now ancestor: Handmade
前回と中カテゴリーが一緒
before descendant: Music, now descendant: Needlecraft
before ancestor: Handmade, now ancestor: Handmade
前回と大カテゴリーが一緒
before ancestor: Handmade, now ancestor: Handmade
中カテゴリーは前回と一緒
before descendant: Needlecraft, now descendant: Needlecraft
before ancestor: Handmade, now ancestor: Handmade
前回と大カテゴリーが一緒
before ancestor: Handmade, now ancestor: Handmade
中カテゴリーは前回と一緒
before descendant: Needlecraft, now descendant: Needlecraft
before ancestor: Handmade, now ancestor: Handmade
前回と大カテゴリーが一緒
before ancestor: Handmade, now ancestor: Handmade
中カテゴリーは前回と一緒
before descendant: Needlecraft, now descendant: Needlecraft
before ancestor: Handmade, now ancestor: Handmade
前回と大カテゴリーが一緒
before ancestor: Handmade, now ancestor: Handmade
中カテゴリーは前回と一緒
before descendant: Needlecraft, now descendant: Needlecraft
before ancestor: Handmade, now ancestor: Handmade
前回と大カテゴリーが一緒
before ancestor: Handmade, now ancestor: Handmade
中カテゴリーは前回と一緒
before descendant: Needlecraft, now descendant: Needlecraft
before ancestor: Handmade, now ancestor: Handmade
前回と大カテゴリーが一緒
before ancestor: Handmade, now ancestor: Handmade
中カテゴリーは前回と一緒
before descendant: Needlecraft, now descendant: Needlecraft
before ancestor: Handmade, now ancestor: Handmade
前回と大カテゴリーが一緒
before ancestor: Handmade, now ancestor: Handmade
中カテゴリーは前回と一緒
before descendant: Needlecraft, now descendant: Needlecraft
before ancestor: Handmade, now ancestor: Handmade
前回と大カテゴリーが一緒
before ancestor: Handmade, now ancestor: Handmade
中カテゴリーは前回と一緒
before descendant: Needlecraft, now descendant: Needlecraft
before ancestor: Handmade, now ancestor: Handmade
前回と大カテゴリーが一緒
before ancestor: Handmade, now ancestor: Handmade
中カテゴリーは前回と一緒
before descendant: Needlecraft, now descendant: Needlecraft
before ancestor: Handmade, now ancestor: Handmade
前回と大カテゴリーが一緒
before ancestor: Handmade, now ancestor: Handmade
中カテゴリーは前回と一緒
before descendant: Needlecraft, now descendant: Needlecraft
before ancestor: Handmade, now ancestor: Handmade
前回と大カテゴリーが一緒
before ancestor: Handmade, now ancestor: Handmade
前回と中カテゴリーが一緒
before descendant: Needlecraft, now descendant: Other
before ancestor: Handmade, now ancestor: Handmade
前回と大カテゴリーが一緒
before ancestor: Handmade, now ancestor: Handmade
前回と中カテゴリーが一緒
before descendant: Other, now descendant: Others
before ancestor: Handmade, now ancestor: Handmade
前回と大カテゴリーが一緒
before ancestor: Handmade, now ancestor: Handmade
中カテゴリーは前回と一緒
before descendant: Others, now descendant: Others
before ancestor: Handmade, now ancestor: Handmade
前回と大カテゴリーが一緒
before ancestor: Handmade, now ancestor: Handmade
中カテゴリーは前回と一緒
before descendant: Others, now descendant: Others
before ancestor: Handmade, now ancestor: Handmade
前回と大カテゴリーが一緒
before ancestor: Handmade, now ancestor: Handmade
中カテゴリーは前回と一緒
before descendant: Others, now descendant: Others
before ancestor: Handmade, now ancestor: Handmade
前回と大カテゴリーが一緒
before ancestor: Handmade, now ancestor: Handmade
中カテゴリーは前回と一緒
before descendant: Others, now descendant: Others
before ancestor: Handmade, now ancestor: Handmade
前回と大カテゴリーが一緒
before ancestor: Handmade, now ancestor: Handmade
中カテゴリーは前回と一緒
before descendant: Others, now descendant: Others
before ancestor: Handmade, now ancestor: Handmade
前回と大カテゴリーが一緒
before ancestor: Handmade, now ancestor: Handmade
中カテゴリーは前回と一緒
before descendant: Others, now descendant: Others
before ancestor: Handmade, now ancestor: Handmade
前回と大カテゴリーが一緒
before ancestor: Handmade, now ancestor: Handmade
前回と中カテゴリーが一緒
before descendant: Others, now descendant: Paper Goods
before ancestor: Handmade, now ancestor: Handmade
前回と大カテゴリーが一緒
before ancestor: Handmade, now ancestor: Handmade
中カテゴリーは前回と一緒
before descendant: Paper Goods, now descendant: Paper Goods
before ancestor: Handmade, now ancestor: Handmade
前回と大カテゴリーが一緒
before ancestor: Handmade, now ancestor: Handmade
中カテゴリーは前回と一緒
before descendant: Paper Goods, now descendant: Paper Goods
before ancestor: Handmade, now ancestor: Handmade
前回と大カテゴリーが一緒
before ancestor: Handmade, now ancestor: Handmade
中カテゴリーは前回と一緒
before descendant: Paper Goods, now descendant: Paper Goods
before ancestor: Handmade, now ancestor: Handmade
前回と大カテゴリーが一緒
before ancestor: Handmade, now ancestor: Handmade
中カテゴリーは前回と一緒
before descendant: Paper Goods, now descendant: Paper Goods
before ancestor: Handmade, now ancestor: Handmade
前回と大カテゴリーが一緒
before ancestor: Handmade, now ancestor: Handmade
中カテゴリーは前回と一緒
before descendant: Paper Goods, now descendant: Paper Goods
before ancestor: Handmade, now ancestor: Handmade
前回と大カテゴリーが一緒
before ancestor: Handmade, now ancestor: Handmade
中カテゴリーは前回と一緒
before descendant: Paper Goods, now descendant: Paper Goods
before ancestor: Handmade, now ancestor: Handmade
前回と大カテゴリーが一緒
before ancestor: Handmade, now ancestor: Handmade
中カテゴリーは前回と一緒
before descendant: Paper Goods, now descendant: Paper Goods
before ancestor: Handmade, now ancestor: Handmade
前回と大カテゴリーが一緒
before ancestor: Handmade, now ancestor: Handmade
中カテゴリーは前回と一緒
before descendant: Paper Goods, now descendant: Paper Goods
before ancestor: Handmade, now ancestor: Handmade
前回と大カテゴリーが一緒
before ancestor: Handmade, now ancestor: Handmade
中カテゴリーは前回と一緒
before descendant: Paper Goods, now descendant: Paper Goods
before ancestor: Handmade, now ancestor: Handmade
前回と大カテゴリーが一緒
before ancestor: Handmade, now ancestor: Handmade
中カテゴリーは前回と一緒
before descendant: Paper Goods, now descendant: Paper Goods
before ancestor: Handmade, now ancestor: Handmade
前回と大カテゴリーが一緒
before ancestor: Handmade, now ancestor: Handmade
中カテゴリーは前回と一緒
before descendant: Paper Goods, now descendant: Paper Goods
before ancestor: Handmade, now ancestor: Handmade
前回と大カテゴリーが一緒
before ancestor: Handmade, now ancestor: Handmade
中カテゴリーは前回と一緒
before descendant: Paper Goods, now descendant: Paper Goods
before ancestor: Handmade, now ancestor: Handmade
前回と大カテゴリーが一緒
before ancestor: Handmade, now ancestor: Handmade
中カテゴリーは前回と一緒
before descendant: Paper Goods, now descendant: Paper Goods
before ancestor: Handmade, now ancestor: Handmade
前回と大カテゴリーが一緒
before ancestor: Handmade, now ancestor: Handmade
前回と中カテゴリーが一緒
before descendant: Paper Goods, now descendant: Patterns
before ancestor: Handmade, now ancestor: Handmade
前回と大カテゴリーが一緒
before ancestor: Handmade, now ancestor: Handmade
中カテゴリーは前回と一緒
before descendant: Patterns, now descendant: Patterns
before ancestor: Handmade, now ancestor: Handmade
前回と大カテゴリーが一緒
before ancestor: Handmade, now ancestor: Handmade
中カテゴリーは前回と一緒
before descendant: Patterns, now descendant: Patterns
before ancestor: Handmade, now ancestor: Handmade
前回と大カテゴリーが一緒
before ancestor: Handmade, now ancestor: Handmade
中カテゴリーは前回と一緒
before descendant: Patterns, now descendant: Patterns
before ancestor: Handmade, now ancestor: Handmade
前回と大カテゴリーが一緒
before ancestor: Handmade, now ancestor: Handmade
中カテゴリーは前回と一緒
before descendant: Patterns, now descendant: Patterns
before ancestor: Handmade, now ancestor: Handmade
前回と大カテゴリーが一緒
before ancestor: Handmade, now ancestor: Handmade
中カテゴリーは前回と一緒
before descendant: Patterns, now descendant: Patterns
before ancestor: Handmade, now ancestor: Handmade
前回と大カテゴリーが一緒
before ancestor: Handmade, now ancestor: Handmade
中カテゴリーは前回と一緒
before descendant: Patterns, now descendant: Patterns
before ancestor: Handmade, now ancestor: Handmade
前回と大カテゴリーが一緒
before ancestor: Handmade, now ancestor: Handmade
中カテゴリーは前回と一緒
before descendant: Patterns, now descendant: Patterns
before ancestor: Handmade, now ancestor: Handmade
前回と大カテゴリーが一緒
before ancestor: Handmade, now ancestor: Handmade
中カテゴリーは前回と一緒
before descendant: Patterns, now descendant: Patterns
before ancestor: Handmade, now ancestor: Handmade
前回と大カテゴリーが一緒
before ancestor: Handmade, now ancestor: Handmade
中カテゴリーは前回と一緒
before descendant: Patterns, now descendant: Patterns
before ancestor: Handmade, now ancestor: Handmade
前回と大カテゴリーが一緒
before ancestor: Handmade, now ancestor: Handmade
中カテゴリーは前回と一緒
before descendant: Patterns, now descendant: Patterns
before ancestor: Handmade, now ancestor: Handmade
前回と大カテゴリーが一緒
before ancestor: Handmade, now ancestor: Handmade
中カテゴリーは前回と一緒
before descendant: Patterns, now descendant: Patterns
before ancestor: Handmade, now ancestor: Handmade
前回と大カテゴリーが一緒
before ancestor: Handmade, now ancestor: Handmade
中カテゴリーは前回と一緒
before descendant: Patterns, now descendant: Patterns
before ancestor: Handmade, now ancestor: Handmade
前回と大カテゴリーが一緒
before ancestor: Handmade, now ancestor: Handmade
前回と中カテゴリーが一緒
before descendant: Patterns, now descendant: Pets
before ancestor: Handmade, now ancestor: Handmade
前回と大カテゴリーが一緒
before ancestor: Handmade, now ancestor: Handmade
中カテゴリーは前回と一緒
before descendant: Pets, now descendant: Pets
before ancestor: Handmade, now ancestor: Handmade
前回と大カテゴリーが一緒
before ancestor: Handmade, now ancestor: Handmade
中カテゴリーは前回と一緒
before descendant: Pets, now descendant: Pets
before ancestor: Handmade, now ancestor: Handmade
前回と大カテゴリーが一緒
before ancestor: Handmade, now ancestor: Handmade
中カテゴリーは前回と一緒
before descendant: Pets, now descendant: Pets
before ancestor: Handmade, now ancestor: Handmade
前回と大カテゴリーが一緒
before ancestor: Handmade, now ancestor: Handmade
中カテゴリーは前回と一緒
before descendant: Pets, now descendant: Pets
before ancestor: Handmade, now ancestor: Handmade
前回と大カテゴリーが一緒
before ancestor: Handmade, now ancestor: Handmade
中カテゴリーは前回と一緒
before descendant: Pets, now descendant: Pets
before ancestor: Handmade, now ancestor: Handmade
前回と大カテゴリーが一緒
before ancestor: Handmade, now ancestor: Handmade
中カテゴリーは前回と一緒
before descendant: Pets, now descendant: Pets
before ancestor: Handmade, now ancestor: Handmade
前回と大カテゴリーが一緒
before ancestor: Handmade, now ancestor: Handmade
中カテゴリーは前回と一緒
before descendant: Pets, now descendant: Pets
before ancestor: Handmade, now ancestor: Handmade
前回と大カテゴリーが一緒
before ancestor: Handmade, now ancestor: Handmade
中カテゴリーは前回と一緒
before descendant: Pets, now descendant: Pets
before ancestor: Handmade, now ancestor: Handmade
前回と大カテゴリーが一緒
before ancestor: Handmade, now ancestor: Handmade
中カテゴリーは前回と一緒
before descendant: Pets, now descendant: Pets
before ancestor: Handmade, now ancestor: Handmade
前回と大カテゴリーが一緒
before ancestor: Handmade, now ancestor: Handmade
中カテゴリーは前回と一緒
before descendant: Pets, now descendant: Pets
before ancestor: Handmade, now ancestor: Handmade
前回と大カテゴリーが一緒
before ancestor: Handmade, now ancestor: Handmade
中カテゴリーは前回と一緒
before descendant: Pets, now descendant: Pets
before ancestor: Handmade, now ancestor: Handmade
前回と大カテゴリーが一緒
before ancestor: Handmade, now ancestor: Handmade
中カテゴリーは前回と一緒
before descendant: Pets, now descendant: Pets
before ancestor: Handmade, now ancestor: Handmade
前回と大カテゴリーが一緒
before ancestor: Handmade, now ancestor: Handmade
中カテゴリーは前回と一緒
before descendant: Pets, now descendant: Pets
before ancestor: Handmade, now ancestor: Handmade
前回と大カテゴリーが一緒
before ancestor: Handmade, now ancestor: Handmade
中カテゴリーは前回と一緒
before descendant: Pets, now descendant: Pets
before ancestor: Handmade, now ancestor: Handmade
前回と大カテゴリーが一緒
before ancestor: Handmade, now ancestor: Handmade
前回と中カテゴリーが一緒
before descendant: Pets, now descendant: Quilts
before ancestor: Handmade, now ancestor: Handmade
前回と大カテゴリーが一緒
before ancestor: Handmade, now ancestor: Handmade
中カテゴリーは前回と一緒
before descendant: Quilts, now descendant: Quilts
before ancestor: Handmade, now ancestor: Handmade
前回と大カテゴリーが一緒
before ancestor: Handmade, now ancestor: Handmade
中カテゴリーは前回と一緒
before descendant: Quilts, now descendant: Quilts
before ancestor: Handmade, now ancestor: Handmade
前回と大カテゴリーが一緒
before ancestor: Handmade, now ancestor: Handmade
中カテゴリーは前回と一緒
before descendant: Quilts, now descendant: Quilts
before ancestor: Handmade, now ancestor: Handmade
前回と大カテゴリーが一緒
before ancestor: Handmade, now ancestor: Handmade
中カテゴリーは前回と一緒
before descendant: Quilts, now descendant: Quilts
before ancestor: Handmade, now ancestor: Handmade
前回と大カテゴリーが一緒
before ancestor: Handmade, now ancestor: Handmade
中カテゴリーは前回と一緒
before descendant: Quilts, now descendant: Quilts
before ancestor: Handmade, now ancestor: Handmade
前回と大カテゴリーが一緒
before ancestor: Handmade, now ancestor: Handmade
中カテゴリーは前回と一緒
before descendant: Quilts, now descendant: Quilts
before ancestor: Handmade, now ancestor: Handmade
前回と大カテゴリーが一緒
before ancestor: Handmade, now ancestor: Handmade
中カテゴリーは前回と一緒
before descendant: Quilts, now descendant: Quilts
before ancestor: Handmade, now ancestor: Handmade
前回と大カテゴリーが一緒
before ancestor: Handmade, now ancestor: Handmade
中カテゴリーは前回と一緒
before descendant: Quilts, now descendant: Quilts
before ancestor: Handmade, now ancestor: Handmade
前回と大カテゴリーが一緒
before ancestor: Handmade, now ancestor: Handmade
前回と中カテゴリーが一緒
before descendant: Quilts, now descendant: Toys
before ancestor: Handmade, now ancestor: Handmade
前回と大カテゴリーが一緒
before ancestor: Handmade, now ancestor: Handmade
中カテゴリーは前回と一緒
before descendant: Toys, now descendant: Toys
before ancestor: Handmade, now ancestor: Handmade
前回と大カテゴリーが一緒
before ancestor: Handmade, now ancestor: Handmade
中カテゴリーは前回と一緒
before descendant: Toys, now descendant: Toys
before ancestor: Handmade, now ancestor: Handmade
前回と大カテゴリーが一緒
before ancestor: Handmade, now ancestor: Handmade
中カテゴリーは前回と一緒
before descendant: Toys, now descendant: Toys
before ancestor: Handmade, now ancestor: Handmade
前回と大カテゴリーが一緒
before ancestor: Handmade, now ancestor: Handmade
中カテゴリーは前回と一緒
before descendant: Toys, now descendant: Toys
before ancestor: Handmade, now ancestor: Handmade
前回と大カテゴリーが一緒
before ancestor: Handmade, now ancestor: Handmade
中カテゴリーは前回と一緒
before descendant: Toys, now descendant: Toys
before ancestor: Handmade, now ancestor: Handmade
前回と大カテゴリーが一緒
before ancestor: Handmade, now ancestor: Handmade
中カテゴリーは前回と一緒
before descendant: Toys, now descendant: Toys
before ancestor: Handmade, now ancestor: Handmade
前回と大カテゴリーが一緒
before ancestor: Handmade, now ancestor: Handmade
中カテゴリーは前回と一緒
before descendant: Toys, now descendant: Toys
before ancestor: Handmade, now ancestor: Handmade
前回と大カテゴリーが一緒
before ancestor: Handmade, now ancestor: Handmade
前回と中カテゴリーが一緒
before descendant: Toys, now descendant: Weddings
before ancestor: Handmade, now ancestor: Handmade
前回と大カテゴリーが一緒
before ancestor: Handmade, now ancestor: Handmade
中カテゴリーは前回と一緒
before descendant: Weddings, now descendant: Weddings
before ancestor: Handmade, now ancestor: Handmade
前回と大カテゴリーが一緒
before ancestor: Handmade, now ancestor: Handmade
中カテゴリーは前回と一緒
before descendant: Weddings, now descendant: Weddings
before ancestor: Handmade, now ancestor: Handmade
前回と大カテゴリーが一緒
before ancestor: Handmade, now ancestor: Handmade
中カテゴリーは前回と一緒
before descendant: Weddings, now descendant: Weddings
before ancestor: Handmade, now ancestor: Handmade
前回と大カテゴリーが一緒
before ancestor: Handmade, now ancestor: Handmade
中カテゴリーは前回と一緒
before descendant: Weddings, now descendant: Weddings
before ancestor: Handmade, now ancestor: Handmade
前回と大カテゴリーが一緒
before ancestor: Handmade, now ancestor: Handmade
中カテゴリーは前回と一緒
before descendant: Weddings, now descendant: Weddings
before ancestor: Handmade, now ancestor: Handmade
前回と大カテゴリーが一緒
before ancestor: Handmade, now ancestor: Handmade
中カテゴリーは前回と一緒
before descendant: Weddings, now descendant: Weddings
before ancestor: Handmade, now ancestor: Handmade
前回と大カテゴリーが一緒
before ancestor: Handmade, now ancestor: Handmade
中カテゴリーは前回と一緒
before descendant: Weddings, now descendant: Weddings
before ancestor: Handmade, now ancestor: Handmade
前回と大カテゴリーが一緒
before ancestor: Handmade, now ancestor: Handmade
中カテゴリーは前回と一緒
before descendant: Weddings, now descendant: Weddings
before ancestor: Handmade, now ancestor: Handmade
前回と大カテゴリーが一緒
before ancestor: Handmade, now ancestor: Handmade
中カテゴリーは前回と一緒
before descendant: Weddings, now descendant: Weddings
before ancestor: Handmade, now ancestor: Handmade
前回と大カテゴリーが一緒
before ancestor: Handmade, now ancestor: Handmade
中カテゴリーは前回と一緒
before descendant: Weddings, now descendant: Weddings
before ancestor: Handmade, now ancestor: Handmade
前回と大カテゴリーが一緒
before ancestor: Handmade, now ancestor: Handmade
中カテゴリーは前回と一緒
before descendant: Weddings, now descendant: Weddings
before ancestor: Handmade, now ancestor: Handmade
前回と大カテゴリーが一緒
before ancestor: Handmade, now ancestor: Handmade
中カテゴリーは前回と一緒
before descendant: Weddings, now descendant: Weddings
before ancestor: Handmade, now ancestor: Handmade
前回と大カテゴリーが一緒
before ancestor: Handmade, now ancestor: Handmade
中カテゴリーは前回と一緒
before descendant: Weddings, now descendant: Weddings
before ancestor: Handmade, now ancestor: Handmade
前回と大カテゴリーが一緒
before ancestor: Handmade, now ancestor: Handmade
中カテゴリーは前回と一緒
before descendant: Weddings, now descendant: Weddings
before ancestor: Handmade, now ancestor: Handmade
前回と大カテゴリーが一緒
before ancestor: Handmade, now ancestor: Handmade
中カテゴリーは前回と一緒
before descendant: Weddings, now descendant: Weddings
before ancestor: Handmade, now ancestor: Handmade
前回と大カテゴリーが一緒
before ancestor: Handmade, now ancestor: Handmade
中カテゴリーは前回と一緒
before descendant: Weddings, now descendant: Weddings
before ancestor: Handmade, now ancestor: Handmade
前回と大カテゴリーが一緒
before ancestor: Handmade, now ancestor: Handmade
中カテゴリーは前回と一緒
before descendant: Weddings, now descendant: Weddings
before ancestor: Handmade, now ancestor: Handmade
前回と大カテゴリーが一緒
before ancestor: Handmade, now ancestor: Handmade
前回と中カテゴリーが一緒
before descendant: Weddings, now descendant: Woodworking
before ancestor: Handmade, now ancestor: Handmade
前回と大カテゴリーが一緒
before ancestor: Handmade, now ancestor: Handmade
中カテゴリーは前回と一緒
before descendant: Woodworking, now descendant: Woodworking
before ancestor: Handmade, now ancestor: Handmade
前回と大カテゴリーが一緒
before ancestor: Handmade, now ancestor: Handmade
中カテゴリーは前回と一緒
before descendant: Woodworking, now descendant: Woodworking
before ancestor: Handmade, now ancestor: Handmade
前回と大カテゴリーが一緒
before ancestor: Handmade, now ancestor: Handmade
中カテゴリーは前回と一緒
before descendant: Woodworking, now descendant: Woodworking
before ancestor: Handmade, now ancestor: Handmade
前回と大カテゴリーが一緒
before ancestor: Handmade, now ancestor: Handmade
中カテゴリーは前回と一緒
before descendant: Woodworking, now descendant: Woodworking
before ancestor: Handmade, now ancestor: Handmade
前回と大カテゴリーが一緒
before ancestor: Handmade, now ancestor: Handmade
中カテゴリーは前回と一緒
before descendant: Woodworking, now descendant: Woodworking
before ancestor: Handmade, now ancestor: Handmade
前回と大カテゴリーが一緒
before ancestor: Handmade, now ancestor: Handmade
中カテゴリーは前回と一緒
before descendant: Woodworking, now descendant: Woodworking
before ancestor: Handmade, now ancestor: Handmade
前回と大カテゴリーが一緒
before ancestor: Handmade, now ancestor: Handmade
中カテゴリーは前回と一緒
before descendant: Woodworking, now descendant: Woodworking
before ancestor: Handmade, now ancestor: Handmade
前回と大カテゴリーが一緒
before ancestor: Handmade, now ancestor: Handmade
中カテゴリーは前回と一緒
before descendant: Woodworking, now descendant: Woodworking
before ancestor: Handmade, now ancestor: Handmade
前回と大カテゴリーが一緒
before ancestor: Handmade, now ancestor: Handmade
中カテゴリーは前回と一緒
before descendant: Woodworking, now descendant: Woodworking
before ancestor: Handmade, now ancestor: Handmade
前回と大カテゴリーが一緒
before ancestor: Handmade, now ancestor: Handmade
中カテゴリーは前回と一緒
before descendant: Woodworking, now descendant: Woodworking
before ancestor: Handmade, now ancestor: Handmade
前回と大カテゴリーが一緒
before ancestor: Handmade, now ancestor: Handmade
中カテゴリーは前回と一緒
before descendant: Woodworking, now descendant: Woodworking
before ancestor: Handmade, now ancestor: Handmade
前回と大カテゴリーが一緒
before ancestor: Handmade, now ancestor: Handmade
中カテゴリーは前回と一緒
before descendant: Woodworking, now descendant: Woodworking
before ancestor: Handmade, now ancestor: Handmade
前回と大カテゴリーが一緒
before ancestor: Handmade, now ancestor: Handmade
中カテゴリーは前回と一緒
before descendant: Woodworking, now descendant: Woodworking
before ancestor: Handmade, now ancestor: Home
新しい大カテゴリーの登場
before ancestor: Handmade, now ancestor: Home
新しい中カテゴリーの登場
before descendant: Woodworking, now descendant: Artwork
before ancestor: Home, now ancestor: Home
前回と大カテゴリーが一緒
before ancestor: Home, now ancestor: Home
中カテゴリーは前回と一緒
before descendant: Artwork, now descendant: Artwork
before ancestor: Home, now ancestor: Home
前回と大カテゴリーが一緒
before ancestor: Home, now ancestor: Home
中カテゴリーは前回と一緒
before descendant: Artwork, now descendant: Artwork
before ancestor: Home, now ancestor: Home
前回と大カテゴリーが一緒
before ancestor: Home, now ancestor: Home
中カテゴリーは前回と一緒
before descendant: Artwork, now descendant: Artwork
before ancestor: Home, now ancestor: Home
前回と大カテゴリーが一緒
before ancestor: Home, now ancestor: Home
中カテゴリーは前回と一緒
before descendant: Artwork, now descendant: Artwork
before ancestor: Home, now ancestor: Home
前回と大カテゴリーが一緒
before ancestor: Home, now ancestor: Home
中カテゴリーは前回と一緒
before descendant: Artwork, now descendant: Artwork
before ancestor: Home, now ancestor: Home
前回と大カテゴリーが一緒
before ancestor: Home, now ancestor: Home
前回と中カテゴリーが一緒
before descendant: Artwork, now descendant: Bath
before ancestor: Home, now ancestor: Home
前回と大カテゴリーが一緒
before ancestor: Home, now ancestor: Home
中カテゴリーは前回と一緒
before descendant: Bath, now descendant: Bath
before ancestor: Home, now ancestor: Home
前回と大カテゴリーが一緒
before ancestor: Home, now ancestor: Home
中カテゴリーは前回と一緒
before descendant: Bath, now descendant: Bath
before ancestor: Home, now ancestor: Home
前回と大カテゴリーが一緒
before ancestor: Home, now ancestor: Home
中カテゴリーは前回と一緒
before descendant: Bath, now descendant: Bath
before ancestor: Home, now ancestor: Home
前回と大カテゴリーが一緒
before ancestor: Home, now ancestor: Home
中カテゴリーは前回と一緒
before descendant: Bath, now descendant: Bath
before ancestor: Home, now ancestor: Home
前回と大カテゴリーが一緒
before ancestor: Home, now ancestor: Home
中カテゴリーは前回と一緒
before descendant: Bath, now descendant: Bath
before ancestor: Home, now ancestor: Home
前回と大カテゴリーが一緒
before ancestor: Home, now ancestor: Home
中カテゴリーは前回と一緒
before descendant: Bath, now descendant: Bath
before ancestor: Home, now ancestor: Home
前回と大カテゴリーが一緒
before ancestor: Home, now ancestor: Home
前回と中カテゴリーが一緒
before descendant: Bath, now descendant: Bedding
before ancestor: Home, now ancestor: Home
前回と大カテゴリーが一緒
before ancestor: Home, now ancestor: Home
中カテゴリーは前回と一緒
before descendant: Bedding, now descendant: Bedding
before ancestor: Home, now ancestor: Home
前回と大カテゴリーが一緒
before ancestor: Home, now ancestor: Home
中カテゴリーは前回と一緒
before descendant: Bedding, now descendant: Bedding
before ancestor: Home, now ancestor: Home
前回と大カテゴリーが一緒
before ancestor: Home, now ancestor: Home
中カテゴリーは前回と一緒
before descendant: Bedding, now descendant: Bedding
before ancestor: Home, now ancestor: Home
前回と大カテゴリーが一緒
before ancestor: Home, now ancestor: Home
中カテゴリーは前回と一緒
before descendant: Bedding, now descendant: Bedding
before ancestor: Home, now ancestor: Home
前回と大カテゴリーが一緒
before ancestor: Home, now ancestor: Home
中カテゴリーは前回と一緒
before descendant: Bedding, now descendant: Bedding
before ancestor: Home, now ancestor: Home
前回と大カテゴリーが一緒
before ancestor: Home, now ancestor: Home
中カテゴリーは前回と一緒
before descendant: Bedding, now descendant: Bedding
before ancestor: Home, now ancestor: Home
前回と大カテゴリーが一緒
before ancestor: Home, now ancestor: Home
中カテゴリーは前回と一緒
before descendant: Bedding, now descendant: Bedding
before ancestor: Home, now ancestor: Home
前回と大カテゴリーが一緒
before ancestor: Home, now ancestor: Home
中カテゴリーは前回と一緒
before descendant: Bedding, now descendant: Bedding
before ancestor: Home, now ancestor: Home
前回と大カテゴリーが一緒
before ancestor: Home, now ancestor: Home
中カテゴリーは前回と一緒
before descendant: Bedding, now descendant: Bedding
before ancestor: Home, now ancestor: Home
前回と大カテゴリーが一緒
before ancestor: Home, now ancestor: Home
中カテゴリーは前回と一緒
before descendant: Bedding, now descendant: Bedding
before ancestor: Home, now ancestor: Home
前回と大カテゴリーが一緒
before ancestor: Home, now ancestor: Home
中カテゴリーは前回と一緒
before descendant: Bedding, now descendant: Bedding
before ancestor: Home, now ancestor: Home
前回と大カテゴリーが一緒
before ancestor: Home, now ancestor: Home
中カテゴリーは前回と一緒
before descendant: Bedding, now descendant: Bedding
before ancestor: Home, now ancestor: Home
前回と大カテゴリーが一緒
before ancestor: Home, now ancestor: Home
中カテゴリーは前回と一緒
before descendant: Bedding, now descendant: Bedding
before ancestor: Home, now ancestor: Home
前回と大カテゴリーが一緒
before ancestor: Home, now ancestor: Home
前回と中カテゴリーが一緒
before descendant: Bedding, now descendant: Cleaning Supplies
before ancestor: Home, now ancestor: Home
前回と大カテゴリーが一緒
before ancestor: Home, now ancestor: Home
中カテゴリーは前回と一緒
before descendant: Cleaning Supplies, now descendant: Cleaning Supplies
before ancestor: Home, now ancestor: Home
前回と大カテゴリーが一緒
before ancestor: Home, now ancestor: Home
中カテゴリーは前回と一緒
before descendant: Cleaning Supplies, now descendant: Cleaning Supplies
before ancestor: Home, now ancestor: Home
前回と大カテゴリーが一緒
before ancestor: Home, now ancestor: Home
中カテゴリーは前回と一緒
before descendant: Cleaning Supplies, now descendant: Cleaning Supplies
before ancestor: Home, now ancestor: Home
前回と大カテゴリーが一緒
before ancestor: Home, now ancestor: Home
中カテゴリーは前回と一緒
before descendant: Cleaning Supplies, now descendant: Cleaning Supplies
before ancestor: Home, now ancestor: Home
前回と大カテゴリーが一緒
before ancestor: Home, now ancestor: Home
中カテゴリーは前回と一緒
before descendant: Cleaning Supplies, now descendant: Cleaning Supplies
before ancestor: Home, now ancestor: Home
前回と大カテゴリーが一緒
before ancestor: Home, now ancestor: Home
中カテゴリーは前回と一緒
before descendant: Cleaning Supplies, now descendant: Cleaning Supplies
before ancestor: Home, now ancestor: Home
前回と大カテゴリーが一緒
before ancestor: Home, now ancestor: Home
中カテゴリーは前回と一緒
before descendant: Cleaning Supplies, now descendant: Cleaning Supplies
before ancestor: Home, now ancestor: Home
前回と大カテゴリーが一緒
before ancestor: Home, now ancestor: Home
中カテゴリーは前回と一緒
before descendant: Cleaning Supplies, now descendant: Cleaning Supplies
before ancestor: Home, now ancestor: Home
前回と大カテゴリーが一緒
before ancestor: Home, now ancestor: Home
中カテゴリーは前回と一緒
before descendant: Cleaning Supplies, now descendant: Cleaning Supplies
before ancestor: Home, now ancestor: Home
前回と大カテゴリーが一緒
before ancestor: Home, now ancestor: Home
中カテゴリーは前回と一緒
before descendant: Cleaning Supplies, now descendant: Cleaning Supplies
before ancestor: Home, now ancestor: Home
前回と大カテゴリーが一緒
before ancestor: Home, now ancestor: Home
中カテゴリーは前回と一緒
before descendant: Cleaning Supplies, now descendant: Cleaning Supplies
before ancestor: Home, now ancestor: Home
前回と大カテゴリーが一緒
before ancestor: Home, now ancestor: Home
前回と中カテゴリーが一緒
before descendant: Cleaning Supplies, now descendant: Furniture
before ancestor: Home, now ancestor: Home
前回と大カテゴリーが一緒
before ancestor: Home, now ancestor: Home
中カテゴリーは前回と一緒
before descendant: Furniture, now descendant: Furniture
before ancestor: Home, now ancestor: Home
前回と大カテゴリーが一緒
before ancestor: Home, now ancestor: Home
中カテゴリーは前回と一緒
before descendant: Furniture, now descendant: Furniture
before ancestor: Home, now ancestor: Home
前回と大カテゴリーが一緒
before ancestor: Home, now ancestor: Home
中カテゴリーは前回と一緒
before descendant: Furniture, now descendant: Furniture
before ancestor: Home, now ancestor: Home
前回と大カテゴリーが一緒
before ancestor: Home, now ancestor: Home
中カテゴリーは前回と一緒
before descendant: Furniture, now descendant: Furniture
before ancestor: Home, now ancestor: Home
前回と大カテゴリーが一緒
before ancestor: Home, now ancestor: Home
中カテゴリーは前回と一緒
before descendant: Furniture, now descendant: Furniture
before ancestor: Home, now ancestor: Home
前回と大カテゴリーが一緒
before ancestor: Home, now ancestor: Home
中カテゴリーは前回と一緒
before descendant: Furniture, now descendant: Furniture
before ancestor: Home, now ancestor: Home
前回と大カテゴリーが一緒
before ancestor: Home, now ancestor: Home
中カテゴリーは前回と一緒
before descendant: Furniture, now descendant: Furniture
before ancestor: Home, now ancestor: Home
前回と大カテゴリーが一緒
before ancestor: Home, now ancestor: Home
中カテゴリーは前回と一緒
before descendant: Furniture, now descendant: Furniture
before ancestor: Home, now ancestor: Home
前回と大カテゴリーが一緒
before ancestor: Home, now ancestor: Home
前回と中カテゴリーが一緒
before descendant: Furniture, now descendant: Home Appliances
before ancestor: Home, now ancestor: Home
前回と大カテゴリーが一緒
before ancestor: Home, now ancestor: Home
中カテゴリーは前回と一緒
before descendant: Home Appliances, now descendant: Home Appliances
before ancestor: Home, now ancestor: Home
前回と大カテゴリーが一緒
before ancestor: Home, now ancestor: Home
中カテゴリーは前回と一緒
before descendant: Home Appliances, now descendant: Home Appliances
before ancestor: Home, now ancestor: Home
前回と大カテゴリーが一緒
before ancestor: Home, now ancestor: Home
中カテゴリーは前回と一緒
before descendant: Home Appliances, now descendant: Home Appliances
before ancestor: Home, now ancestor: Home
前回と大カテゴリーが一緒
before ancestor: Home, now ancestor: Home
中カテゴリーは前回と一緒
before descendant: Home Appliances, now descendant: Home Appliances
before ancestor: Home, now ancestor: Home
前回と大カテゴリーが一緒
before ancestor: Home, now ancestor: Home
中カテゴリーは前回と一緒
before descendant: Home Appliances, now descendant: Home Appliances
before ancestor: Home, now ancestor: Home
前回と大カテゴリーが一緒
before ancestor: Home, now ancestor: Home
中カテゴリーは前回と一緒
before descendant: Home Appliances, now descendant: Home Appliances
before ancestor: Home, now ancestor: Home
前回と大カテゴリーが一緒
before ancestor: Home, now ancestor: Home
中カテゴリーは前回と一緒
before descendant: Home Appliances, now descendant: Home Appliances
before ancestor: Home, now ancestor: Home
前回と大カテゴリーが一緒
before ancestor: Home, now ancestor: Home
中カテゴリーは前回と一緒
before descendant: Home Appliances, now descendant: Home Appliances
before ancestor: Home, now ancestor: Home
前回と大カテゴリーが一緒
before ancestor: Home, now ancestor: Home
中カテゴリーは前回と一緒
before descendant: Home Appliances, now descendant: Home Appliances
before ancestor: Home, now ancestor: Home
前回と大カテゴリーが一緒
before ancestor: Home, now ancestor: Home
中カテゴリーは前回と一緒
before descendant: Home Appliances, now descendant: Home Appliances
before ancestor: Home, now ancestor: Home
前回と大カテゴリーが一緒
before ancestor: Home, now ancestor: Home
中カテゴリーは前回と一緒
before descendant: Home Appliances, now descendant: Home Appliances
before ancestor: Home, now ancestor: Home
前回と大カテゴリーが一緒
before ancestor: Home, now ancestor: Home
中カテゴリーは前回と一緒
before descendant: Home Appliances, now descendant: Home Appliances
before ancestor: Home, now ancestor: Home
前回と大カテゴリーが一緒
before ancestor: Home, now ancestor: Home
中カテゴリーは前回と一緒
before descendant: Home Appliances, now descendant: Home Appliances
before ancestor: Home, now ancestor: Home
前回と大カテゴリーが一緒
before ancestor: Home, now ancestor: Home
中カテゴリーは前回と一緒
before descendant: Home Appliances, now descendant: Home Appliances
before ancestor: Home, now ancestor: Home
前回と大カテゴリーが一緒
before ancestor: Home, now ancestor: Home
中カテゴリーは前回と一緒
before descendant: Home Appliances, now descendant: Home Appliances
before ancestor: Home, now ancestor: Home
前回と大カテゴリーが一緒
before ancestor: Home, now ancestor: Home
中カテゴリーは前回と一緒
before descendant: Home Appliances, now descendant: Home Appliances
before ancestor: Home, now ancestor: Home
前回と大カテゴリーが一緒
before ancestor: Home, now ancestor: Home
中カテゴリーは前回と一緒
before descendant: Home Appliances, now descendant: Home Appliances
before ancestor: Home, now ancestor: Home
前回と大カテゴリーが一緒
before ancestor: Home, now ancestor: Home
前回と中カテゴリーが一緒
before descendant: Home Appliances, now descendant: Home Décor
before ancestor: Home, now ancestor: Home
前回と大カテゴリーが一緒
before ancestor: Home, now ancestor: Home
中カテゴリーは前回と一緒
before descendant: Home Décor, now descendant: Home Décor
before ancestor: Home, now ancestor: Home
前回と大カテゴリーが一緒
before ancestor: Home, now ancestor: Home
中カテゴリーは前回と一緒
before descendant: Home Décor, now descendant: Home Décor
before ancestor: Home, now ancestor: Home
前回と大カテゴリーが一緒
before ancestor: Home, now ancestor: Home
中カテゴリーは前回と一緒
before descendant: Home Décor, now descendant: Home Décor
before ancestor: Home, now ancestor: Home
前回と大カテゴリーが一緒
before ancestor: Home, now ancestor: Home
中カテゴリーは前回と一緒
before descendant: Home Décor, now descendant: Home Décor
before ancestor: Home, now ancestor: Home
前回と大カテゴリーが一緒
before ancestor: Home, now ancestor: Home
中カテゴリーは前回と一緒
before descendant: Home Décor, now descendant: Home Décor
before ancestor: Home, now ancestor: Home
前回と大カテゴリーが一緒
before ancestor: Home, now ancestor: Home
中カテゴリーは前回と一緒
before descendant: Home Décor, now descendant: Home Décor
before ancestor: Home, now ancestor: Home
前回と大カテゴリーが一緒
before ancestor: Home, now ancestor: Home
中カテゴリーは前回と一緒
before descendant: Home Décor, now descendant: Home Décor
before ancestor: Home, now ancestor: Home
前回と大カテゴリーが一緒
before ancestor: Home, now ancestor: Home
中カテゴリーは前回と一緒
before descendant: Home Décor, now descendant: Home Décor
before ancestor: Home, now ancestor: Home
前回と大カテゴリーが一緒
before ancestor: Home, now ancestor: Home
中カテゴリーは前回と一緒
before descendant: Home Décor, now descendant: Home Décor
before ancestor: Home, now ancestor: Home
前回と大カテゴリーが一緒
before ancestor: Home, now ancestor: Home
中カテゴリーは前回と一緒
before descendant: Home Décor, now descendant: Home Décor
before ancestor: Home, now ancestor: Home
前回と大カテゴリーが一緒
before ancestor: Home, now ancestor: Home
中カテゴリーは前回と一緒
before descendant: Home Décor, now descendant: Home Décor
before ancestor: Home, now ancestor: Home
前回と大カテゴリーが一緒
before ancestor: Home, now ancestor: Home
中カテゴリーは前回と一緒
before descendant: Home Décor, now descendant: Home Décor
before ancestor: Home, now ancestor: Home
前回と大カテゴリーが一緒
before ancestor: Home, now ancestor: Home
中カテゴリーは前回と一緒
before descendant: Home Décor, now descendant: Home Décor
before ancestor: Home, now ancestor: Home
前回と大カテゴリーが一緒
before ancestor: Home, now ancestor: Home
中カテゴリーは前回と一緒
before descendant: Home Décor, now descendant: Home Décor
before ancestor: Home, now ancestor: Home
前回と大カテゴリーが一緒
before ancestor: Home, now ancestor: Home
中カテゴリーは前回と一緒
before descendant: Home Décor, now descendant: Home Décor
before ancestor: Home, now ancestor: Home
前回と大カテゴリーが一緒
before ancestor: Home, now ancestor: Home
中カテゴリーは前回と一緒
before descendant: Home Décor, now descendant: Home Décor
before ancestor: Home, now ancestor: Home
前回と大カテゴリーが一緒
before ancestor: Home, now ancestor: Home
中カテゴリーは前回と一緒
before descendant: Home Décor, now descendant: Home Décor
before ancestor: Home, now ancestor: Home
前回と大カテゴリーが一緒
before ancestor: Home, now ancestor: Home
中カテゴリーは前回と一緒
before descendant: Home Décor, now descendant: Home Décor
before ancestor: Home, now ancestor: Home
前回と大カテゴリーが一緒
before ancestor: Home, now ancestor: Home
前回と中カテゴリーが一緒
before descendant: Home Décor, now descendant: Kids' Home Store
before ancestor: Home, now ancestor: Home
前回と大カテゴリーが一緒
before ancestor: Home, now ancestor: Home
中カテゴリーは前回と一緒
before descendant: Kids' Home Store, now descendant: Kids' Home Store
before ancestor: Home, now ancestor: Home
前回と大カテゴリーが一緒
before ancestor: Home, now ancestor: Home
中カテゴリーは前回と一緒
before descendant: Kids' Home Store, now descendant: Kids' Home Store
before ancestor: Home, now ancestor: Home
前回と大カテゴリーが一緒
before ancestor: Home, now ancestor: Home
中カテゴリーは前回と一緒
before descendant: Kids' Home Store, now descendant: Kids' Home Store
before ancestor: Home, now ancestor: Home
前回と大カテゴリーが一緒
before ancestor: Home, now ancestor: Home
中カテゴリーは前回と一緒
before descendant: Kids' Home Store, now descendant: Kids' Home Store
before ancestor: Home, now ancestor: Home
前回と大カテゴリーが一緒
before ancestor: Home, now ancestor: Home
中カテゴリーは前回と一緒
before descendant: Kids' Home Store, now descendant: Kids' Home Store
before ancestor: Home, now ancestor: Home
前回と大カテゴリーが一緒
before ancestor: Home, now ancestor: Home
中カテゴリーは前回と一緒
before descendant: Kids' Home Store, now descendant: Kids' Home Store
before ancestor: Home, now ancestor: Home
前回と大カテゴリーが一緒
before ancestor: Home, now ancestor: Home
中カテゴリーは前回と一緒
before descendant: Kids' Home Store, now descendant: Kids' Home Store
before ancestor: Home, now ancestor: Home
前回と大カテゴリーが一緒
before ancestor: Home, now ancestor: Home
中カテゴリーは前回と一緒
before descendant: Kids' Home Store, now descendant: Kids' Home Store
before ancestor: Home, now ancestor: Home
前回と大カテゴリーが一緒
before ancestor: Home, now ancestor: Home
前回と中カテゴリーが一緒
before descendant: Kids' Home Store, now descendant: Kitchen & Dining
before ancestor: Home, now ancestor: Home
前回と大カテゴリーが一緒
before ancestor: Home, now ancestor: Home
中カテゴリーは前回と一緒
before descendant: Kitchen & Dining, now descendant: Kitchen & Dining
before ancestor: Home, now ancestor: Home
前回と大カテゴリーが一緒
before ancestor: Home, now ancestor: Home
中カテゴリーは前回と一緒
before descendant: Kitchen & Dining, now descendant: Kitchen & Dining
before ancestor: Home, now ancestor: Home
前回と大カテゴリーが一緒
before ancestor: Home, now ancestor: Home
中カテゴリーは前回と一緒
before descendant: Kitchen & Dining, now descendant: Kitchen & Dining
before ancestor: Home, now ancestor: Home
前回と大カテゴリーが一緒
before ancestor: Home, now ancestor: Home
中カテゴリーは前回と一緒
before descendant: Kitchen & Dining, now descendant: Kitchen & Dining
before ancestor: Home, now ancestor: Home
前回と大カテゴリーが一緒
before ancestor: Home, now ancestor: Home
中カテゴリーは前回と一緒
before descendant: Kitchen & Dining, now descendant: Kitchen & Dining
before ancestor: Home, now ancestor: Home
前回と大カテゴリーが一緒
before ancestor: Home, now ancestor: Home
中カテゴリーは前回と一緒
before descendant: Kitchen & Dining, now descendant: Kitchen & Dining
before ancestor: Home, now ancestor: Home
前回と大カテゴリーが一緒
before ancestor: Home, now ancestor: Home
中カテゴリーは前回と一緒
before descendant: Kitchen & Dining, now descendant: Kitchen & Dining
before ancestor: Home, now ancestor: Home
前回と大カテゴリーが一緒
before ancestor: Home, now ancestor: Home
中カテゴリーは前回と一緒
before descendant: Kitchen & Dining, now descendant: Kitchen & Dining
before ancestor: Home, now ancestor: Home
前回と大カテゴリーが一緒
before ancestor: Home, now ancestor: Home
中カテゴリーは前回と一緒
before descendant: Kitchen & Dining, now descendant: Kitchen & Dining
before ancestor: Home, now ancestor: Home
前回と大カテゴリーが一緒
before ancestor: Home, now ancestor: Home
中カテゴリーは前回と一緒
before descendant: Kitchen & Dining, now descendant: Kitchen & Dining
before ancestor: Home, now ancestor: Home
前回と大カテゴリーが一緒
before ancestor: Home, now ancestor: Home
中カテゴリーは前回と一緒
before descendant: Kitchen & Dining, now descendant: Kitchen & Dining
before ancestor: Home, now ancestor: Home
前回と大カテゴリーが一緒
before ancestor: Home, now ancestor: Home
中カテゴリーは前回と一緒
before descendant: Kitchen & Dining, now descendant: Kitchen & Dining
before ancestor: Home, now ancestor: Home
前回と大カテゴリーが一緒
before ancestor: Home, now ancestor: Home
中カテゴリーは前回と一緒
before descendant: Kitchen & Dining, now descendant: Kitchen & Dining
before ancestor: Home, now ancestor: Home
前回と大カテゴリーが一緒
before ancestor: Home, now ancestor: Home
前回と中カテゴリーが一緒
before descendant: Kitchen & Dining, now descendant: Other
before ancestor: Home, now ancestor: Home
前回と大カテゴリーが一緒
before ancestor: Home, now ancestor: Home
前回と中カテゴリーが一緒
before descendant: Other, now descendant: Seasonal Décor
before ancestor: Home, now ancestor: Home
前回と大カテゴリーが一緒
before ancestor: Home, now ancestor: Home
中カテゴリーは前回と一緒
before descendant: Seasonal Décor, now descendant: Seasonal Décor
before ancestor: Home, now ancestor: Home
前回と大カテゴリーが一緒
before ancestor: Home, now ancestor: Home
中カテゴリーは前回と一緒
before descendant: Seasonal Décor, now descendant: Seasonal Décor
before ancestor: Home, now ancestor: Home
前回と大カテゴリーが一緒
before ancestor: Home, now ancestor: Home
中カテゴリーは前回と一緒
before descendant: Seasonal Décor, now descendant: Seasonal Décor
before ancestor: Home, now ancestor: Home
前回と大カテゴリーが一緒
before ancestor: Home, now ancestor: Home
中カテゴリーは前回と一緒
before descendant: Seasonal Décor, now descendant: Seasonal Décor
before ancestor: Home, now ancestor: Home
前回と大カテゴリーが一緒
before ancestor: Home, now ancestor: Home
中カテゴリーは前回と一緒
before descendant: Seasonal Décor, now descendant: Seasonal Décor
before ancestor: Home, now ancestor: Home
前回と大カテゴリーが一緒
before ancestor: Home, now ancestor: Home
中カテゴリーは前回と一緒
before descendant: Seasonal Décor, now descendant: Seasonal Décor
before ancestor: Home, now ancestor: Home
前回と大カテゴリーが一緒
before ancestor: Home, now ancestor: Home
中カテゴリーは前回と一緒
before descendant: Seasonal Décor, now descendant: Seasonal Décor
before ancestor: Home, now ancestor: Home
前回と大カテゴリーが一緒
before ancestor: Home, now ancestor: Home
中カテゴリーは前回と一緒
before descendant: Seasonal Décor, now descendant: Seasonal Décor
before ancestor: Home, now ancestor: Home
前回と大カテゴリーが一緒
before ancestor: Home, now ancestor: Home
中カテゴリーは前回と一緒
before descendant: Seasonal Décor, now descendant: Seasonal Décor
before ancestor: Home, now ancestor: Home
前回と大カテゴリーが一緒
before ancestor: Home, now ancestor: Home
中カテゴリーは前回と一緒
before descendant: Seasonal Décor, now descendant: Seasonal Décor
before ancestor: Home, now ancestor: Home
前回と大カテゴリーが一緒
before ancestor: Home, now ancestor: Home
中カテゴリーは前回と一緒
before descendant: Seasonal Décor, now descendant: Seasonal Décor
before ancestor: Home, now ancestor: Home
前回と大カテゴリーが一緒
before ancestor: Home, now ancestor: Home
前回と中カテゴリーが一緒
before descendant: Seasonal Décor, now descendant: Storage & Organization
before ancestor: Home, now ancestor: Home
前回と大カテゴリーが一緒
before ancestor: Home, now ancestor: Home
中カテゴリーは前回と一緒
before descendant: Storage & Organization, now descendant: Storage & Organization
before ancestor: Home, now ancestor: Home
前回と大カテゴリーが一緒
before ancestor: Home, now ancestor: Home
中カテゴリーは前回と一緒
before descendant: Storage & Organization, now descendant: Storage & Organization
before ancestor: Home, now ancestor: Home
前回と大カテゴリーが一緒
before ancestor: Home, now ancestor: Home
中カテゴリーは前回と一緒
before descendant: Storage & Organization, now descendant: Storage & Organization
before ancestor: Home, now ancestor: Home
前回と大カテゴリーが一緒
before ancestor: Home, now ancestor: Home
中カテゴリーは前回と一緒
before descendant: Storage & Organization, now descendant: Storage & Organization
before ancestor: Home, now ancestor: Home
前回と大カテゴリーが一緒
before ancestor: Home, now ancestor: Home
中カテゴリーは前回と一緒
before descendant: Storage & Organization, now descendant: Storage & Organization
before ancestor: Home, now ancestor: Home
前回と大カテゴリーが一緒
before ancestor: Home, now ancestor: Home
中カテゴリーは前回と一緒
before descendant: Storage & Organization, now descendant: Storage & Organization
before ancestor: Home, now ancestor: Home
前回と大カテゴリーが一緒
before ancestor: Home, now ancestor: Home
中カテゴリーは前回と一緒
before descendant: Storage & Organization, now descendant: Storage & Organization
before ancestor: Home, now ancestor: Home
前回と大カテゴリーが一緒
before ancestor: Home, now ancestor: Home
中カテゴリーは前回と一緒
before descendant: Storage & Organization, now descendant: Storage & Organization
before ancestor: Home, now ancestor: Home
前回と大カテゴリーが一緒
before ancestor: Home, now ancestor: Home
中カテゴリーは前回と一緒
before descendant: Storage & Organization, now descendant: Storage & Organization
before ancestor: Home, now ancestor: Home
前回と大カテゴリーが一緒
before ancestor: Home, now ancestor: Home
中カテゴリーは前回と一緒
before descendant: Storage & Organization, now descendant: Storage & Organization
before ancestor: Home, now ancestor: Home
前回と大カテゴリーが一緒
before ancestor: Home, now ancestor: Home
中カテゴリーは前回と一緒
before descendant: Storage & Organization, now descendant: Storage & Organization
before ancestor: Home, now ancestor: Kids
新しい大カテゴリーの登場
before ancestor: Home, now ancestor: Kids
新しい中カテゴリーの登場
before descendant: Storage & Organization, now descendant: Bathing & Skin Care
before ancestor: Kids, now ancestor: Kids
前回と大カテゴリーが一緒
before ancestor: Kids, now ancestor: Kids
中カテゴリーは前回と一緒
before descendant: Bathing & Skin Care, now descendant: Bathing & Skin Care
before ancestor: Kids, now ancestor: Kids
前回と大カテゴリーが一緒
before ancestor: Kids, now ancestor: Kids
中カテゴリーは前回と一緒
before descendant: Bathing & Skin Care, now descendant: Bathing & Skin Care
before ancestor: Kids, now ancestor: Kids
前回と大カテゴリーが一緒
before ancestor: Kids, now ancestor: Kids
中カテゴリーは前回と一緒
before descendant: Bathing & Skin Care, now descendant: Bathing & Skin Care
before ancestor: Kids, now ancestor: Kids
前回と大カテゴリーが一緒
before ancestor: Kids, now ancestor: Kids
中カテゴリーは前回と一緒
before descendant: Bathing & Skin Care, now descendant: Bathing & Skin Care
before ancestor: Kids, now ancestor: Kids
前回と大カテゴリーが一緒
before ancestor: Kids, now ancestor: Kids
中カテゴリーは前回と一緒
before descendant: Bathing & Skin Care, now descendant: Bathing & Skin Care
before ancestor: Kids, now ancestor: Kids
前回と大カテゴリーが一緒
before ancestor: Kids, now ancestor: Kids
中カテゴリーは前回と一緒
before descendant: Bathing & Skin Care, now descendant: Bathing & Skin Care
before ancestor: Kids, now ancestor: Kids
前回と大カテゴリーが一緒
before ancestor: Kids, now ancestor: Kids
中カテゴリーは前回と一緒
before descendant: Bathing & Skin Care, now descendant: Bathing & Skin Care
before ancestor: Kids, now ancestor: Kids
前回と大カテゴリーが一緒
before ancestor: Kids, now ancestor: Kids
中カテゴリーは前回と一緒
before descendant: Bathing & Skin Care, now descendant: Bathing & Skin Care
before ancestor: Kids, now ancestor: Kids
前回と大カテゴリーが一緒
before ancestor: Kids, now ancestor: Kids
中カテゴリーは前回と一緒
before descendant: Bathing & Skin Care, now descendant: Bathing & Skin Care
before ancestor: Kids, now ancestor: Kids
前回と大カテゴリーが一緒
before ancestor: Kids, now ancestor: Kids
中カテゴリーは前回と一緒
before descendant: Bathing & Skin Care, now descendant: Bathing & Skin Care
before ancestor: Kids, now ancestor: Kids
前回と大カテゴリーが一緒
before ancestor: Kids, now ancestor: Kids
中カテゴリーは前回と一緒
before descendant: Bathing & Skin Care, now descendant: Bathing & Skin Care
before ancestor: Kids, now ancestor: Kids
前回と大カテゴリーが一緒
before ancestor: Kids, now ancestor: Kids
前回と中カテゴリーが一緒
before descendant: Bathing & Skin Care, now descendant: Boys (4+)
before ancestor: Kids, now ancestor: Kids
前回と大カテゴリーが一緒
before ancestor: Kids, now ancestor: Kids
中カテゴリーは前回と一緒
before descendant: Boys (4+), now descendant: Boys (4+)
before ancestor: Kids, now ancestor: Kids
前回と大カテゴリーが一緒
before ancestor: Kids, now ancestor: Kids
中カテゴリーは前回と一緒
before descendant: Boys (4+), now descendant: Boys (4+)
before ancestor: Kids, now ancestor: Kids
前回と大カテゴリーが一緒
before ancestor: Kids, now ancestor: Kids
中カテゴリーは前回と一緒
before descendant: Boys (4+), now descendant: Boys (4+)
before ancestor: Kids, now ancestor: Kids
前回と大カテゴリーが一緒
before ancestor: Kids, now ancestor: Kids
中カテゴリーは前回と一緒
before descendant: Boys (4+), now descendant: Boys (4+)
before ancestor: Kids, now ancestor: Kids
前回と大カテゴリーが一緒
before ancestor: Kids, now ancestor: Kids
中カテゴリーは前回と一緒
before descendant: Boys (4+), now descendant: Boys (4+)
before ancestor: Kids, now ancestor: Kids
前回と大カテゴリーが一緒
before ancestor: Kids, now ancestor: Kids
中カテゴリーは前回と一緒
before descendant: Boys (4+), now descendant: Boys (4+)
before ancestor: Kids, now ancestor: Kids
前回と大カテゴリーが一緒
before ancestor: Kids, now ancestor: Kids
前回と中カテゴリーが一緒
before descendant: Boys (4+), now descendant: Boys 0-24 Mos
before ancestor: Kids, now ancestor: Kids
前回と大カテゴリーが一緒
before ancestor: Kids, now ancestor: Kids
中カテゴリーは前回と一緒
before descendant: Boys 0-24 Mos, now descendant: Boys 0-24 Mos
before ancestor: Kids, now ancestor: Kids
前回と大カテゴリーが一緒
before ancestor: Kids, now ancestor: Kids
中カテゴリーは前回と一緒
before descendant: Boys 0-24 Mos, now descendant: Boys 0-24 Mos
before ancestor: Kids, now ancestor: Kids
前回と大カテゴリーが一緒
before ancestor: Kids, now ancestor: Kids
中カテゴリーは前回と一緒
before descendant: Boys 0-24 Mos, now descendant: Boys 0-24 Mos
before ancestor: Kids, now ancestor: Kids
前回と大カテゴリーが一緒
before ancestor: Kids, now ancestor: Kids
中カテゴリーは前回と一緒
before descendant: Boys 0-24 Mos, now descendant: Boys 0-24 Mos
before ancestor: Kids, now ancestor: Kids
前回と大カテゴリーが一緒
before ancestor: Kids, now ancestor: Kids
中カテゴリーは前回と一緒
before descendant: Boys 0-24 Mos, now descendant: Boys 0-24 Mos
before ancestor: Kids, now ancestor: Kids
前回と大カテゴリーが一緒
before ancestor: Kids, now ancestor: Kids
中カテゴリーは前回と一緒
before descendant: Boys 0-24 Mos, now descendant: Boys 0-24 Mos
before ancestor: Kids, now ancestor: Kids
前回と大カテゴリーが一緒
before ancestor: Kids, now ancestor: Kids
中カテゴリーは前回と一緒
before descendant: Boys 0-24 Mos, now descendant: Boys 0-24 Mos
before ancestor: Kids, now ancestor: Kids
前回と大カテゴリーが一緒
before ancestor: Kids, now ancestor: Kids
前回と中カテゴリーが一緒
before descendant: Boys 0-24 Mos, now descendant: Boys 2T-5T
before ancestor: Kids, now ancestor: Kids
前回と大カテゴリーが一緒
before ancestor: Kids, now ancestor: Kids
中カテゴリーは前回と一緒
before descendant: Boys 2T-5T, now descendant: Boys 2T-5T
before ancestor: Kids, now ancestor: Kids
前回と大カテゴリーが一緒
before ancestor: Kids, now ancestor: Kids
中カテゴリーは前回と一緒
before descendant: Boys 2T-5T, now descendant: Boys 2T-5T
before ancestor: Kids, now ancestor: Kids
前回と大カテゴリーが一緒
before ancestor: Kids, now ancestor: Kids
中カテゴリーは前回と一緒
before descendant: Boys 2T-5T, now descendant: Boys 2T-5T
before ancestor: Kids, now ancestor: Kids
前回と大カテゴリーが一緒
before ancestor: Kids, now ancestor: Kids
中カテゴリーは前回と一緒
before descendant: Boys 2T-5T, now descendant: Boys 2T-5T
before ancestor: Kids, now ancestor: Kids
前回と大カテゴリーが一緒
before ancestor: Kids, now ancestor: Kids
中カテゴリーは前回と一緒
before descendant: Boys 2T-5T, now descendant: Boys 2T-5T
before ancestor: Kids, now ancestor: Kids
前回と大カテゴリーが一緒
before ancestor: Kids, now ancestor: Kids
中カテゴリーは前回と一緒
before descendant: Boys 2T-5T, now descendant: Boys 2T-5T
before ancestor: Kids, now ancestor: Kids
前回と大カテゴリーが一緒
before ancestor: Kids, now ancestor: Kids
中カテゴリーは前回と一緒
before descendant: Boys 2T-5T, now descendant: Boys 2T-5T
before ancestor: Kids, now ancestor: Kids
前回と大カテゴリーが一緒
before ancestor: Kids, now ancestor: Kids
前回と中カテゴリーが一緒
before descendant: Boys 2T-5T, now descendant: Car Seats & Accessories
before ancestor: Kids, now ancestor: Kids
前回と大カテゴリーが一緒
before ancestor: Kids, now ancestor: Kids
中カテゴリーは前回と一緒
before descendant: Car Seats & Accessories, now descendant: Car Seats & Accessories
before ancestor: Kids, now ancestor: Kids
前回と大カテゴリーが一緒
before ancestor: Kids, now ancestor: Kids
中カテゴリーは前回と一緒
before descendant: Car Seats & Accessories, now descendant: Car Seats & Accessories
before ancestor: Kids, now ancestor: Kids
前回と大カテゴリーが一緒
before ancestor: Kids, now ancestor: Kids
前回と中カテゴリーが一緒
before descendant: Car Seats & Accessories, now descendant: Diapering
before ancestor: Kids, now ancestor: Kids
前回と大カテゴリーが一緒
before ancestor: Kids, now ancestor: Kids
中カテゴリーは前回と一緒
before descendant: Diapering, now descendant: Diapering
before ancestor: Kids, now ancestor: Kids
前回と大カテゴリーが一緒
before ancestor: Kids, now ancestor: Kids
中カテゴリーは前回と一緒
before descendant: Diapering, now descendant: Diapering
before ancestor: Kids, now ancestor: Kids
前回と大カテゴリーが一緒
before ancestor: Kids, now ancestor: Kids
中カテゴリーは前回と一緒
before descendant: Diapering, now descendant: Diapering
before ancestor: Kids, now ancestor: Kids
前回と大カテゴリーが一緒
before ancestor: Kids, now ancestor: Kids
中カテゴリーは前回と一緒
before descendant: Diapering, now descendant: Diapering
before ancestor: Kids, now ancestor: Kids
前回と大カテゴリーが一緒
before ancestor: Kids, now ancestor: Kids
中カテゴリーは前回と一緒
before descendant: Diapering, now descendant: Diapering
before ancestor: Kids, now ancestor: Kids
前回と大カテゴリーが一緒
before ancestor: Kids, now ancestor: Kids
中カテゴリーは前回と一緒
before descendant: Diapering, now descendant: Diapering
before ancestor: Kids, now ancestor: Kids
前回と大カテゴリーが一緒
before ancestor: Kids, now ancestor: Kids
中カテゴリーは前回と一緒
before descendant: Diapering, now descendant: Diapering
before ancestor: Kids, now ancestor: Kids
前回と大カテゴリーが一緒
before ancestor: Kids, now ancestor: Kids
中カテゴリーは前回と一緒
before descendant: Diapering, now descendant: Diapering
before ancestor: Kids, now ancestor: Kids
前回と大カテゴリーが一緒
before ancestor: Kids, now ancestor: Kids
中カテゴリーは前回と一緒
before descendant: Diapering, now descendant: Diapering
before ancestor: Kids, now ancestor: Kids
前回と大カテゴリーが一緒
before ancestor: Kids, now ancestor: Kids
中カテゴリーは前回と一緒
before descendant: Diapering, now descendant: Diapering
before ancestor: Kids, now ancestor: Kids
前回と大カテゴリーが一緒
before ancestor: Kids, now ancestor: Kids
前回と中カテゴリーが一緒
before descendant: Diapering, now descendant: Feeding
before ancestor: Kids, now ancestor: Kids
前回と大カテゴリーが一緒
before ancestor: Kids, now ancestor: Kids
中カテゴリーは前回と一緒
before descendant: Feeding, now descendant: Feeding
before ancestor: Kids, now ancestor: Kids
前回と大カテゴリーが一緒
before ancestor: Kids, now ancestor: Kids
中カテゴリーは前回と一緒
before descendant: Feeding, now descendant: Feeding
before ancestor: Kids, now ancestor: Kids
前回と大カテゴリーが一緒
before ancestor: Kids, now ancestor: Kids
中カテゴリーは前回と一緒
before descendant: Feeding, now descendant: Feeding
before ancestor: Kids, now ancestor: Kids
前回と大カテゴリーが一緒
before ancestor: Kids, now ancestor: Kids
中カテゴリーは前回と一緒
before descendant: Feeding, now descendant: Feeding
before ancestor: Kids, now ancestor: Kids
前回と大カテゴリーが一緒
before ancestor: Kids, now ancestor: Kids
中カテゴリーは前回と一緒
before descendant: Feeding, now descendant: Feeding
before ancestor: Kids, now ancestor: Kids
前回と大カテゴリーが一緒
before ancestor: Kids, now ancestor: Kids
中カテゴリーは前回と一緒
before descendant: Feeding, now descendant: Feeding
before ancestor: Kids, now ancestor: Kids
前回と大カテゴリーが一緒
before ancestor: Kids, now ancestor: Kids
中カテゴリーは前回と一緒
before descendant: Feeding, now descendant: Feeding
before ancestor: Kids, now ancestor: Kids
前回と大カテゴリーが一緒
before ancestor: Kids, now ancestor: Kids
前回と中カテゴリーが一緒
before descendant: Feeding, now descendant: Gear
before ancestor: Kids, now ancestor: Kids
前回と大カテゴリーが一緒
before ancestor: Kids, now ancestor: Kids
中カテゴリーは前回と一緒
before descendant: Gear, now descendant: Gear
before ancestor: Kids, now ancestor: Kids
前回と大カテゴリーが一緒
before ancestor: Kids, now ancestor: Kids
中カテゴリーは前回と一緒
before descendant: Gear, now descendant: Gear
before ancestor: Kids, now ancestor: Kids
前回と大カテゴリーが一緒
before ancestor: Kids, now ancestor: Kids
中カテゴリーは前回と一緒
before descendant: Gear, now descendant: Gear
before ancestor: Kids, now ancestor: Kids
前回と大カテゴリーが一緒
before ancestor: Kids, now ancestor: Kids
中カテゴリーは前回と一緒
before descendant: Gear, now descendant: Gear
before ancestor: Kids, now ancestor: Kids
前回と大カテゴリーが一緒
before ancestor: Kids, now ancestor: Kids
中カテゴリーは前回と一緒
before descendant: Gear, now descendant: Gear
before ancestor: Kids, now ancestor: Kids
前回と大カテゴリーが一緒
before ancestor: Kids, now ancestor: Kids
中カテゴリーは前回と一緒
before descendant: Gear, now descendant: Gear
before ancestor: Kids, now ancestor: Kids
前回と大カテゴリーが一緒
before ancestor: Kids, now ancestor: Kids
中カテゴリーは前回と一緒
before descendant: Gear, now descendant: Gear
before ancestor: Kids, now ancestor: Kids
前回と大カテゴリーが一緒
before ancestor: Kids, now ancestor: Kids
中カテゴリーは前回と一緒
before descendant: Gear, now descendant: Gear
before ancestor: Kids, now ancestor: Kids
前回と大カテゴリーが一緒
before ancestor: Kids, now ancestor: Kids
中カテゴリーは前回と一緒
before descendant: Gear, now descendant: Gear
before ancestor: Kids, now ancestor: Kids
前回と大カテゴリーが一緒
before ancestor: Kids, now ancestor: Kids
中カテゴリーは前回と一緒
before descendant: Gear, now descendant: Gear
before ancestor: Kids, now ancestor: Kids
前回と大カテゴリーが一緒
before ancestor: Kids, now ancestor: Kids
中カテゴリーは前回と一緒
before descendant: Gear, now descendant: Gear
before ancestor: Kids, now ancestor: Kids
前回と大カテゴリーが一緒
before ancestor: Kids, now ancestor: Kids
中カテゴリーは前回と一緒
before descendant: Gear, now descendant: Gear
before ancestor: Kids, now ancestor: Kids
前回と大カテゴリーが一緒
before ancestor: Kids, now ancestor: Kids
前回と中カテゴリーが一緒
before descendant: Gear, now descendant: Girls (4+)
before ancestor: Kids, now ancestor: Kids
前回と大カテゴリーが一緒
before ancestor: Kids, now ancestor: Kids
中カテゴリーは前回と一緒
before descendant: Girls (4+), now descendant: Girls (4+)
before ancestor: Kids, now ancestor: Kids
前回と大カテゴリーが一緒
before ancestor: Kids, now ancestor: Kids
中カテゴリーは前回と一緒
before descendant: Girls (4+), now descendant: Girls (4+)
before ancestor: Kids, now ancestor: Kids
前回と大カテゴリーが一緒
before ancestor: Kids, now ancestor: Kids
中カテゴリーは前回と一緒
before descendant: Girls (4+), now descendant: Girls (4+)
before ancestor: Kids, now ancestor: Kids
前回と大カテゴリーが一緒
before ancestor: Kids, now ancestor: Kids
中カテゴリーは前回と一緒
before descendant: Girls (4+), now descendant: Girls (4+)
before ancestor: Kids, now ancestor: Kids
前回と大カテゴリーが一緒
before ancestor: Kids, now ancestor: Kids
中カテゴリーは前回と一緒
before descendant: Girls (4+), now descendant: Girls (4+)
before ancestor: Kids, now ancestor: Kids
前回と大カテゴリーが一緒
before ancestor: Kids, now ancestor: Kids
中カテゴリーは前回と一緒
before descendant: Girls (4+), now descendant: Girls (4+)
before ancestor: Kids, now ancestor: Kids
前回と大カテゴリーが一緒
before ancestor: Kids, now ancestor: Kids
中カテゴリーは前回と一緒
before descendant: Girls (4+), now descendant: Girls (4+)
before ancestor: Kids, now ancestor: Kids
前回と大カテゴリーが一緒
before ancestor: Kids, now ancestor: Kids
前回と中カテゴリーが一緒
before descendant: Girls (4+), now descendant: Girls 0-24 Mos
before ancestor: Kids, now ancestor: Kids
前回と大カテゴリーが一緒
before ancestor: Kids, now ancestor: Kids
中カテゴリーは前回と一緒
before descendant: Girls 0-24 Mos, now descendant: Girls 0-24 Mos
before ancestor: Kids, now ancestor: Kids
前回と大カテゴリーが一緒
before ancestor: Kids, now ancestor: Kids
中カテゴリーは前回と一緒
before descendant: Girls 0-24 Mos, now descendant: Girls 0-24 Mos
before ancestor: Kids, now ancestor: Kids
前回と大カテゴリーが一緒
before ancestor: Kids, now ancestor: Kids
中カテゴリーは前回と一緒
before descendant: Girls 0-24 Mos, now descendant: Girls 0-24 Mos
before ancestor: Kids, now ancestor: Kids
前回と大カテゴリーが一緒
before ancestor: Kids, now ancestor: Kids
中カテゴリーは前回と一緒
before descendant: Girls 0-24 Mos, now descendant: Girls 0-24 Mos
before ancestor: Kids, now ancestor: Kids
前回と大カテゴリーが一緒
before ancestor: Kids, now ancestor: Kids
中カテゴリーは前回と一緒
before descendant: Girls 0-24 Mos, now descendant: Girls 0-24 Mos
before ancestor: Kids, now ancestor: Kids
前回と大カテゴリーが一緒
before ancestor: Kids, now ancestor: Kids
中カテゴリーは前回と一緒
before descendant: Girls 0-24 Mos, now descendant: Girls 0-24 Mos
before ancestor: Kids, now ancestor: Kids
前回と大カテゴリーが一緒
before ancestor: Kids, now ancestor: Kids
中カテゴリーは前回と一緒
before descendant: Girls 0-24 Mos, now descendant: Girls 0-24 Mos
before ancestor: Kids, now ancestor: Kids
前回と大カテゴリーが一緒
before ancestor: Kids, now ancestor: Kids
中カテゴリーは前回と一緒
before descendant: Girls 0-24 Mos, now descendant: Girls 0-24 Mos
before ancestor: Kids, now ancestor: Kids
前回と大カテゴリーが一緒
before ancestor: Kids, now ancestor: Kids
前回と中カテゴリーが一緒
before descendant: Girls 0-24 Mos, now descendant: Girls 2T-5T
before ancestor: Kids, now ancestor: Kids
前回と大カテゴリーが一緒
before ancestor: Kids, now ancestor: Kids
中カテゴリーは前回と一緒
before descendant: Girls 2T-5T, now descendant: Girls 2T-5T
before ancestor: Kids, now ancestor: Kids
前回と大カテゴリーが一緒
before ancestor: Kids, now ancestor: Kids
中カテゴリーは前回と一緒
before descendant: Girls 2T-5T, now descendant: Girls 2T-5T
before ancestor: Kids, now ancestor: Kids
前回と大カテゴリーが一緒
before ancestor: Kids, now ancestor: Kids
中カテゴリーは前回と一緒
before descendant: Girls 2T-5T, now descendant: Girls 2T-5T
before ancestor: Kids, now ancestor: Kids
前回と大カテゴリーが一緒
before ancestor: Kids, now ancestor: Kids
中カテゴリーは前回と一緒
before descendant: Girls 2T-5T, now descendant: Girls 2T-5T
before ancestor: Kids, now ancestor: Kids
前回と大カテゴリーが一緒
before ancestor: Kids, now ancestor: Kids
中カテゴリーは前回と一緒
before descendant: Girls 2T-5T, now descendant: Girls 2T-5T
before ancestor: Kids, now ancestor: Kids
前回と大カテゴリーが一緒
before ancestor: Kids, now ancestor: Kids
中カテゴリーは前回と一緒
before descendant: Girls 2T-5T, now descendant: Girls 2T-5T
before ancestor: Kids, now ancestor: Kids
前回と大カテゴリーが一緒
before ancestor: Kids, now ancestor: Kids
中カテゴリーは前回と一緒
before descendant: Girls 2T-5T, now descendant: Girls 2T-5T
before ancestor: Kids, now ancestor: Kids
前回と大カテゴリーが一緒
before ancestor: Kids, now ancestor: Kids
中カテゴリーは前回と一緒
before descendant: Girls 2T-5T, now descendant: Girls 2T-5T
before ancestor: Kids, now ancestor: Kids
前回と大カテゴリーが一緒
before ancestor: Kids, now ancestor: Kids
前回と中カテゴリーが一緒
before descendant: Girls 2T-5T, now descendant: Health & Baby Care
before ancestor: Kids, now ancestor: Kids
前回と大カテゴリーが一緒
before ancestor: Kids, now ancestor: Kids
中カテゴリーは前回と一緒
before descendant: Health & Baby Care, now descendant: Health & Baby Care
before ancestor: Kids, now ancestor: Kids
前回と大カテゴリーが一緒
before ancestor: Kids, now ancestor: Kids
中カテゴリーは前回と一緒
before descendant: Health & Baby Care, now descendant: Health & Baby Care
before ancestor: Kids, now ancestor: Kids
前回と大カテゴリーが一緒
before ancestor: Kids, now ancestor: Kids
中カテゴリーは前回と一緒
before descendant: Health & Baby Care, now descendant: Health & Baby Care
before ancestor: Kids, now ancestor: Kids
前回と大カテゴリーが一緒
before ancestor: Kids, now ancestor: Kids
中カテゴリーは前回と一緒
before descendant: Health & Baby Care, now descendant: Health & Baby Care
before ancestor: Kids, now ancestor: Kids
前回と大カテゴリーが一緒
before ancestor: Kids, now ancestor: Kids
中カテゴリーは前回と一緒
before descendant: Health & Baby Care, now descendant: Health & Baby Care
before ancestor: Kids, now ancestor: Kids
前回と大カテゴリーが一緒
before ancestor: Kids, now ancestor: Kids
中カテゴリーは前回と一緒
before descendant: Health & Baby Care, now descendant: Health & Baby Care
before ancestor: Kids, now ancestor: Kids
前回と大カテゴリーが一緒
before ancestor: Kids, now ancestor: Kids
中カテゴリーは前回と一緒
before descendant: Health & Baby Care, now descendant: Health & Baby Care
before ancestor: Kids, now ancestor: Kids
前回と大カテゴリーが一緒
before ancestor: Kids, now ancestor: Kids
中カテゴリーは前回と一緒
before descendant: Health & Baby Care, now descendant: Health & Baby Care
before ancestor: Kids, now ancestor: Kids
前回と大カテゴリーが一緒
before ancestor: Kids, now ancestor: Kids
前回と中カテゴリーが一緒
before descendant: Health & Baby Care, now descendant: Nursery
before ancestor: Kids, now ancestor: Kids
前回と大カテゴリーが一緒
before ancestor: Kids, now ancestor: Kids
中カテゴリーは前回と一緒
before descendant: Nursery, now descendant: Nursery
before ancestor: Kids, now ancestor: Kids
前回と大カテゴリーが一緒
before ancestor: Kids, now ancestor: Kids
中カテゴリーは前回と一緒
before descendant: Nursery, now descendant: Nursery
before ancestor: Kids, now ancestor: Kids
前回と大カテゴリーが一緒
before ancestor: Kids, now ancestor: Kids
中カテゴリーは前回と一緒
before descendant: Nursery, now descendant: Nursery
before ancestor: Kids, now ancestor: Kids
前回と大カテゴリーが一緒
before ancestor: Kids, now ancestor: Kids
前回と中カテゴリーが一緒
before descendant: Nursery, now descendant: Other
before ancestor: Kids, now ancestor: Kids
前回と大カテゴリーが一緒
before ancestor: Kids, now ancestor: Kids
前回と中カテゴリーが一緒
before descendant: Other, now descendant: Potty Training
before ancestor: Kids, now ancestor: Kids
前回と大カテゴリーが一緒
before ancestor: Kids, now ancestor: Kids
中カテゴリーは前回と一緒
before descendant: Potty Training, now descendant: Potty Training
before ancestor: Kids, now ancestor: Kids
前回と大カテゴリーが一緒
before ancestor: Kids, now ancestor: Kids
中カテゴリーは前回と一緒
before descendant: Potty Training, now descendant: Potty Training
before ancestor: Kids, now ancestor: Kids
前回と大カテゴリーが一緒
before ancestor: Kids, now ancestor: Kids
中カテゴリーは前回と一緒
before descendant: Potty Training, now descendant: Potty Training
before ancestor: Kids, now ancestor: Kids
前回と大カテゴリーが一緒
before ancestor: Kids, now ancestor: Kids
中カテゴリーは前回と一緒
before descendant: Potty Training, now descendant: Potty Training
before ancestor: Kids, now ancestor: Kids
前回と大カテゴリーが一緒
before ancestor: Kids, now ancestor: Kids
前回と中カテゴリーが一緒
before descendant: Potty Training, now descendant: Pregnancy & Maternity
before ancestor: Kids, now ancestor: Kids
前回と大カテゴリーが一緒
before ancestor: Kids, now ancestor: Kids
中カテゴリーは前回と一緒
before descendant: Pregnancy & Maternity, now descendant: Pregnancy & Maternity
before ancestor: Kids, now ancestor: Kids
前回と大カテゴリーが一緒
before ancestor: Kids, now ancestor: Kids
中カテゴリーは前回と一緒
before descendant: Pregnancy & Maternity, now descendant: Pregnancy & Maternity
before ancestor: Kids, now ancestor: Kids
前回と大カテゴリーが一緒
before ancestor: Kids, now ancestor: Kids
中カテゴリーは前回と一緒
before descendant: Pregnancy & Maternity, now descendant: Pregnancy & Maternity
before ancestor: Kids, now ancestor: Kids
前回と大カテゴリーが一緒
before ancestor: Kids, now ancestor: Kids
中カテゴリーは前回と一緒
before descendant: Pregnancy & Maternity, now descendant: Pregnancy & Maternity
before ancestor: Kids, now ancestor: Kids
前回と大カテゴリーが一緒
before ancestor: Kids, now ancestor: Kids
前回と中カテゴリーが一緒
before descendant: Pregnancy & Maternity, now descendant: Safety
before ancestor: Kids, now ancestor: Kids
前回と大カテゴリーが一緒
before ancestor: Kids, now ancestor: Kids
中カテゴリーは前回と一緒
before descendant: Safety, now descendant: Safety
before ancestor: Kids, now ancestor: Kids
前回と大カテゴリーが一緒
before ancestor: Kids, now ancestor: Kids
中カテゴリーは前回と一緒
before descendant: Safety, now descendant: Safety
before ancestor: Kids, now ancestor: Kids
前回と大カテゴリーが一緒
before ancestor: Kids, now ancestor: Kids
中カテゴリーは前回と一緒
before descendant: Safety, now descendant: Safety
before ancestor: Kids, now ancestor: Kids
前回と大カテゴリーが一緒
before ancestor: Kids, now ancestor: Kids
中カテゴリーは前回と一緒
before descendant: Safety, now descendant: Safety
before ancestor: Kids, now ancestor: Kids
前回と大カテゴリーが一緒
before ancestor: Kids, now ancestor: Kids
中カテゴリーは前回と一緒
before descendant: Safety, now descendant: Safety
before ancestor: Kids, now ancestor: Kids
前回と大カテゴリーが一緒
before ancestor: Kids, now ancestor: Kids
中カテゴリーは前回と一緒
before descendant: Safety, now descendant: Safety
before ancestor: Kids, now ancestor: Kids
前回と大カテゴリーが一緒
before ancestor: Kids, now ancestor: Kids
中カテゴリーは前回と一緒
before descendant: Safety, now descendant: Safety
before ancestor: Kids, now ancestor: Kids
前回と大カテゴリーが一緒
before ancestor: Kids, now ancestor: Kids
中カテゴリーは前回と一緒
before descendant: Safety, now descendant: Safety
before ancestor: Kids, now ancestor: Kids
前回と大カテゴリーが一緒
before ancestor: Kids, now ancestor: Kids
中カテゴリーは前回と一緒
before descendant: Safety, now descendant: Safety
before ancestor: Kids, now ancestor: Kids
前回と大カテゴリーが一緒
before ancestor: Kids, now ancestor: Kids
中カテゴリーは前回と一緒
before descendant: Safety, now descendant: Safety
before ancestor: Kids, now ancestor: Kids
前回と大カテゴリーが一緒
before ancestor: Kids, now ancestor: Kids
中カテゴリーは前回と一緒
before descendant: Safety, now descendant: Safety
before ancestor: Kids, now ancestor: Kids
前回と大カテゴリーが一緒
before ancestor: Kids, now ancestor: Kids
中カテゴリーは前回と一緒
before descendant: Safety, now descendant: Safety
before ancestor: Kids, now ancestor: Kids
前回と大カテゴリーが一緒
before ancestor: Kids, now ancestor: Kids
前回と中カテゴリーが一緒
before descendant: Safety, now descendant: Strollers
before ancestor: Kids, now ancestor: Kids
前回と大カテゴリーが一緒
before ancestor: Kids, now ancestor: Kids
中カテゴリーは前回と一緒
before descendant: Strollers, now descendant: Strollers
before ancestor: Kids, now ancestor: Kids
前回と大カテゴリーが一緒
before ancestor: Kids, now ancestor: Kids
中カテゴリーは前回と一緒
before descendant: Strollers, now descendant: Strollers
before ancestor: Kids, now ancestor: Kids
前回と大カテゴリーが一緒
before ancestor: Kids, now ancestor: Kids
中カテゴリーは前回と一緒
before descendant: Strollers, now descendant: Strollers
before ancestor: Kids, now ancestor: Kids
前回と大カテゴリーが一緒
before ancestor: Kids, now ancestor: Kids
中カテゴリーは前回と一緒
before descendant: Strollers, now descendant: Strollers
before ancestor: Kids, now ancestor: Kids
前回と大カテゴリーが一緒
before ancestor: Kids, now ancestor: Kids
中カテゴリーは前回と一緒
before descendant: Strollers, now descendant: Strollers
before ancestor: Kids, now ancestor: Kids
前回と大カテゴリーが一緒
before ancestor: Kids, now ancestor: Kids
中カテゴリーは前回と一緒
before descendant: Strollers, now descendant: Strollers
before ancestor: Kids, now ancestor: Kids
前回と大カテゴリーが一緒
before ancestor: Kids, now ancestor: Kids
前回と中カテゴリーが一緒
before descendant: Strollers, now descendant: Toys
before ancestor: Kids, now ancestor: Kids
前回と大カテゴリーが一緒
before ancestor: Kids, now ancestor: Kids
中カテゴリーは前回と一緒
before descendant: Toys, now descendant: Toys
before ancestor: Kids, now ancestor: Kids
前回と大カテゴリーが一緒
before ancestor: Kids, now ancestor: Kids
中カテゴリーは前回と一緒
before descendant: Toys, now descendant: Toys
before ancestor: Kids, now ancestor: Kids
前回と大カテゴリーが一緒
before ancestor: Kids, now ancestor: Kids
中カテゴリーは前回と一緒
before descendant: Toys, now descendant: Toys
before ancestor: Kids, now ancestor: Kids
前回と大カテゴリーが一緒
before ancestor: Kids, now ancestor: Kids
中カテゴリーは前回と一緒
before descendant: Toys, now descendant: Toys
before ancestor: Kids, now ancestor: Kids
前回と大カテゴリーが一緒
before ancestor: Kids, now ancestor: Kids
中カテゴリーは前回と一緒
before descendant: Toys, now descendant: Toys
before ancestor: Kids, now ancestor: Kids
前回と大カテゴリーが一緒
before ancestor: Kids, now ancestor: Kids
中カテゴリーは前回と一緒
before descendant: Toys, now descendant: Toys
before ancestor: Kids, now ancestor: Kids
前回と大カテゴリーが一緒
before ancestor: Kids, now ancestor: Kids
中カテゴリーは前回と一緒
before descendant: Toys, now descendant: Toys
before ancestor: Kids, now ancestor: Kids
前回と大カテゴリーが一緒
before ancestor: Kids, now ancestor: Kids
中カテゴリーは前回と一緒
before descendant: Toys, now descendant: Toys
before ancestor: Kids, now ancestor: Kids
前回と大カテゴリーが一緒
before ancestor: Kids, now ancestor: Kids
中カテゴリーは前回と一緒
before descendant: Toys, now descendant: Toys
before ancestor: Kids, now ancestor: Kids
前回と大カテゴリーが一緒
before ancestor: Kids, now ancestor: Kids
中カテゴリーは前回と一緒
before descendant: Toys, now descendant: Toys
before ancestor: Kids, now ancestor: Kids
前回と大カテゴリーが一緒
before ancestor: Kids, now ancestor: Kids
中カテゴリーは前回と一緒
before descendant: Toys, now descendant: Toys
before ancestor: Kids, now ancestor: Kids
前回と大カテゴリーが一緒
before ancestor: Kids, now ancestor: Kids
中カテゴリーは前回と一緒
before descendant: Toys, now descendant: Toys
before ancestor: Kids, now ancestor: Kids
前回と大カテゴリーが一緒
before ancestor: Kids, now ancestor: Kids
中カテゴリーは前回と一緒
before descendant: Toys, now descendant: Toys
before ancestor: Kids, now ancestor: Kids
前回と大カテゴリーが一緒
before ancestor: Kids, now ancestor: Kids
中カテゴリーは前回と一緒
before descendant: Toys, now descendant: Toys
before ancestor: Kids, now ancestor: Kids
前回と大カテゴリーが一緒
before ancestor: Kids, now ancestor: Kids
中カテゴリーは前回と一緒
before descendant: Toys, now descendant: Toys
before ancestor: Kids, now ancestor: Kids
前回と大カテゴリーが一緒
before ancestor: Kids, now ancestor: Kids
中カテゴリーは前回と一緒
before descendant: Toys, now descendant: Toys
before ancestor: Kids, now ancestor: Kids
前回と大カテゴリーが一緒
before ancestor: Kids, now ancestor: Kids
中カテゴリーは前回と一緒
before descendant: Toys, now descendant: Toys
before ancestor: Kids, now ancestor: Kids
前回と大カテゴリーが一緒
before ancestor: Kids, now ancestor: Kids
中カテゴリーは前回と一緒
before descendant: Toys, now descendant: Toys
before ancestor: Kids, now ancestor: Men
新しい大カテゴリーの登場
before ancestor: Kids, now ancestor: Men
新しい中カテゴリーの登場
before descendant: Toys, now descendant: Athletic Apparel
before ancestor: Men, now ancestor: Men
前回と大カテゴリーが一緒
before ancestor: Men, now ancestor: Men
中カテゴリーは前回と一緒
before descendant: Athletic Apparel, now descendant: Athletic Apparel
before ancestor: Men, now ancestor: Men
前回と大カテゴリーが一緒
before ancestor: Men, now ancestor: Men
中カテゴリーは前回と一緒
before descendant: Athletic Apparel, now descendant: Athletic Apparel
before ancestor: Men, now ancestor: Men
前回と大カテゴリーが一緒
before ancestor: Men, now ancestor: Men
中カテゴリーは前回と一緒
before descendant: Athletic Apparel, now descendant: Athletic Apparel
before ancestor: Men, now ancestor: Men
前回と大カテゴリーが一緒
before ancestor: Men, now ancestor: Men
中カテゴリーは前回と一緒
before descendant: Athletic Apparel, now descendant: Athletic Apparel
before ancestor: Men, now ancestor: Men
前回と大カテゴリーが一緒
before ancestor: Men, now ancestor: Men
中カテゴリーは前回と一緒
before descendant: Athletic Apparel, now descendant: Athletic Apparel
before ancestor: Men, now ancestor: Men
前回と大カテゴリーが一緒
before ancestor: Men, now ancestor: Men
中カテゴリーは前回と一緒
before descendant: Athletic Apparel, now descendant: Athletic Apparel
before ancestor: Men, now ancestor: Men
前回と大カテゴリーが一緒
before ancestor: Men, now ancestor: Men
中カテゴリーは前回と一緒
before descendant: Athletic Apparel, now descendant: Athletic Apparel
before ancestor: Men, now ancestor: Men
前回と大カテゴリーが一緒
before ancestor: Men, now ancestor: Men
中カテゴリーは前回と一緒
before descendant: Athletic Apparel, now descendant: Athletic Apparel
before ancestor: Men, now ancestor: Men
前回と大カテゴリーが一緒
before ancestor: Men, now ancestor: Men
中カテゴリーは前回と一緒
before descendant: Athletic Apparel, now descendant: Athletic Apparel
before ancestor: Men, now ancestor: Men
前回と大カテゴリーが一緒
before ancestor: Men, now ancestor: Men
中カテゴリーは前回と一緒
before descendant: Athletic Apparel, now descendant: Athletic Apparel
before ancestor: Men, now ancestor: Men
前回と大カテゴリーが一緒
before ancestor: Men, now ancestor: Men
前回と中カテゴリーが一緒
before descendant: Athletic Apparel, now descendant: Blazers & Sport Coats
before ancestor: Men, now ancestor: Men
前回と大カテゴリーが一緒
before ancestor: Men, now ancestor: Men
中カテゴリーは前回と一緒
before descendant: Blazers & Sport Coats, now descendant: Blazers & Sport Coats
before ancestor: Men, now ancestor: Men
前回と大カテゴリーが一緒
before ancestor: Men, now ancestor: Men
中カテゴリーは前回と一緒
before descendant: Blazers & Sport Coats, now descendant: Blazers & Sport Coats
before ancestor: Men, now ancestor: Men
前回と大カテゴリーが一緒
before ancestor: Men, now ancestor: Men
中カテゴリーは前回と一緒
before descendant: Blazers & Sport Coats, now descendant: Blazers & Sport Coats
before ancestor: Men, now ancestor: Men
前回と大カテゴリーが一緒
before ancestor: Men, now ancestor: Men
中カテゴリーは前回と一緒
before descendant: Blazers & Sport Coats, now descendant: Blazers & Sport Coats
before ancestor: Men, now ancestor: Men
前回と大カテゴリーが一緒
before ancestor: Men, now ancestor: Men
前回と中カテゴリーが一緒
before descendant: Blazers & Sport Coats, now descendant: Coats & Jackets
before ancestor: Men, now ancestor: Men
前回と大カテゴリーが一緒
before ancestor: Men, now ancestor: Men
中カテゴリーは前回と一緒
before descendant: Coats & Jackets, now descendant: Coats & Jackets
before ancestor: Men, now ancestor: Men
前回と大カテゴリーが一緒
before ancestor: Men, now ancestor: Men
中カテゴリーは前回と一緒
before descendant: Coats & Jackets, now descendant: Coats & Jackets
before ancestor: Men, now ancestor: Men
前回と大カテゴリーが一緒
before ancestor: Men, now ancestor: Men
中カテゴリーは前回と一緒
before descendant: Coats & Jackets, now descendant: Coats & Jackets
before ancestor: Men, now ancestor: Men
前回と大カテゴリーが一緒
before ancestor: Men, now ancestor: Men
中カテゴリーは前回と一緒
before descendant: Coats & Jackets, now descendant: Coats & Jackets
before ancestor: Men, now ancestor: Men
前回と大カテゴリーが一緒
before ancestor: Men, now ancestor: Men
中カテゴリーは前回と一緒
before descendant: Coats & Jackets, now descendant: Coats & Jackets
before ancestor: Men, now ancestor: Men
前回と大カテゴリーが一緒
before ancestor: Men, now ancestor: Men
中カテゴリーは前回と一緒
before descendant: Coats & Jackets, now descendant: Coats & Jackets
before ancestor: Men, now ancestor: Men
前回と大カテゴリーが一緒
before ancestor: Men, now ancestor: Men
中カテゴリーは前回と一緒
before descendant: Coats & Jackets, now descendant: Coats & Jackets
before ancestor: Men, now ancestor: Men
前回と大カテゴリーが一緒
before ancestor: Men, now ancestor: Men
中カテゴリーは前回と一緒
before descendant: Coats & Jackets, now descendant: Coats & Jackets
before ancestor: Men, now ancestor: Men
前回と大カテゴリーが一緒
before ancestor: Men, now ancestor: Men
中カテゴリーは前回と一緒
before descendant: Coats & Jackets, now descendant: Coats & Jackets
before ancestor: Men, now ancestor: Men
前回と大カテゴリーが一緒
before ancestor: Men, now ancestor: Men
中カテゴリーは前回と一緒
before descendant: Coats & Jackets, now descendant: Coats & Jackets
before ancestor: Men, now ancestor: Men
前回と大カテゴリーが一緒
before ancestor: Men, now ancestor: Men
中カテゴリーは前回と一緒
before descendant: Coats & Jackets, now descendant: Coats & Jackets
before ancestor: Men, now ancestor: Men
前回と大カテゴリーが一緒
before ancestor: Men, now ancestor: Men
中カテゴリーは前回と一緒
before descendant: Coats & Jackets, now descendant: Coats & Jackets
before ancestor: Men, now ancestor: Men
前回と大カテゴリーが一緒
before ancestor: Men, now ancestor: Men
中カテゴリーは前回と一緒
before descendant: Coats & Jackets, now descendant: Coats & Jackets
before ancestor: Men, now ancestor: Men
前回と大カテゴリーが一緒
before ancestor: Men, now ancestor: Men
中カテゴリーは前回と一緒
before descendant: Coats & Jackets, now descendant: Coats & Jackets
before ancestor: Men, now ancestor: Men
前回と大カテゴリーが一緒
before ancestor: Men, now ancestor: Men
中カテゴリーは前回と一緒
before descendant: Coats & Jackets, now descendant: Coats & Jackets
before ancestor: Men, now ancestor: Men
前回と大カテゴリーが一緒
before ancestor: Men, now ancestor: Men
前回と中カテゴリーが一緒
before descendant: Coats & Jackets, now descendant: Jeans
before ancestor: Men, now ancestor: Men
前回と大カテゴリーが一緒
before ancestor: Men, now ancestor: Men
中カテゴリーは前回と一緒
before descendant: Jeans, now descendant: Jeans
before ancestor: Men, now ancestor: Men
前回と大カテゴリーが一緒
before ancestor: Men, now ancestor: Men
中カテゴリーは前回と一緒
before descendant: Jeans, now descendant: Jeans
before ancestor: Men, now ancestor: Men
前回と大カテゴリーが一緒
before ancestor: Men, now ancestor: Men
中カテゴリーは前回と一緒
before descendant: Jeans, now descendant: Jeans
before ancestor: Men, now ancestor: Men
前回と大カテゴリーが一緒
before ancestor: Men, now ancestor: Men
中カテゴリーは前回と一緒
before descendant: Jeans, now descendant: Jeans
before ancestor: Men, now ancestor: Men
前回と大カテゴリーが一緒
before ancestor: Men, now ancestor: Men
中カテゴリーは前回と一緒
before descendant: Jeans, now descendant: Jeans
before ancestor: Men, now ancestor: Men
前回と大カテゴリーが一緒
before ancestor: Men, now ancestor: Men
中カテゴリーは前回と一緒
before descendant: Jeans, now descendant: Jeans
before ancestor: Men, now ancestor: Men
前回と大カテゴリーが一緒
before ancestor: Men, now ancestor: Men
中カテゴリーは前回と一緒
before descendant: Jeans, now descendant: Jeans
before ancestor: Men, now ancestor: Men
前回と大カテゴリーが一緒
before ancestor: Men, now ancestor: Men
中カテゴリーは前回と一緒
before descendant: Jeans, now descendant: Jeans
before ancestor: Men, now ancestor: Men
前回と大カテゴリーが一緒
before ancestor: Men, now ancestor: Men
前回と中カテゴリーが一緒
before descendant: Jeans, now descendant: Men's Accessories
before ancestor: Men, now ancestor: Men
前回と大カテゴリーが一緒
before ancestor: Men, now ancestor: Men
中カテゴリーは前回と一緒
before descendant: Men's Accessories, now descendant: Men's Accessories
before ancestor: Men, now ancestor: Men
前回と大カテゴリーが一緒
before ancestor: Men, now ancestor: Men
中カテゴリーは前回と一緒
before descendant: Men's Accessories, now descendant: Men's Accessories
before ancestor: Men, now ancestor: Men
前回と大カテゴリーが一緒
before ancestor: Men, now ancestor: Men
中カテゴリーは前回と一緒
before descendant: Men's Accessories, now descendant: Men's Accessories
before ancestor: Men, now ancestor: Men
前回と大カテゴリーが一緒
before ancestor: Men, now ancestor: Men
中カテゴリーは前回と一緒
before descendant: Men's Accessories, now descendant: Men's Accessories
before ancestor: Men, now ancestor: Men
前回と大カテゴリーが一緒
before ancestor: Men, now ancestor: Men
中カテゴリーは前回と一緒
before descendant: Men's Accessories, now descendant: Men's Accessories
before ancestor: Men, now ancestor: Men
前回と大カテゴリーが一緒
before ancestor: Men, now ancestor: Men
中カテゴリーは前回と一緒
before descendant: Men's Accessories, now descendant: Men's Accessories
before ancestor: Men, now ancestor: Men
前回と大カテゴリーが一緒
before ancestor: Men, now ancestor: Men
中カテゴリーは前回と一緒
before descendant: Men's Accessories, now descendant: Men's Accessories
before ancestor: Men, now ancestor: Men
前回と大カテゴリーが一緒
before ancestor: Men, now ancestor: Men
前回と中カテゴリーが一緒
before descendant: Men's Accessories, now descendant: Other
before ancestor: Men, now ancestor: Men
前回と大カテゴリーが一緒
before ancestor: Men, now ancestor: Men
前回と中カテゴリーが一緒
before descendant: Other, now descendant: Pants
before ancestor: Men, now ancestor: Men
前回と大カテゴリーが一緒
before ancestor: Men, now ancestor: Men
中カテゴリーは前回と一緒
before descendant: Pants, now descendant: Pants
before ancestor: Men, now ancestor: Men
前回と大カテゴリーが一緒
before ancestor: Men, now ancestor: Men
中カテゴリーは前回と一緒
before descendant: Pants, now descendant: Pants
before ancestor: Men, now ancestor: Men
前回と大カテゴリーが一緒
before ancestor: Men, now ancestor: Men
中カテゴリーは前回と一緒
before descendant: Pants, now descendant: Pants
before ancestor: Men, now ancestor: Men
前回と大カテゴリーが一緒
before ancestor: Men, now ancestor: Men
中カテゴリーは前回と一緒
before descendant: Pants, now descendant: Pants
before ancestor: Men, now ancestor: Men
前回と大カテゴリーが一緒
before ancestor: Men, now ancestor: Men
中カテゴリーは前回と一緒
before descendant: Pants, now descendant: Pants
before ancestor: Men, now ancestor: Men
前回と大カテゴリーが一緒
before ancestor: Men, now ancestor: Men
中カテゴリーは前回と一緒
before descendant: Pants, now descendant: Pants
before ancestor: Men, now ancestor: Men
前回と大カテゴリーが一緒
before ancestor: Men, now ancestor: Men
中カテゴリーは前回と一緒
before descendant: Pants, now descendant: Pants
before ancestor: Men, now ancestor: Men
前回と大カテゴリーが一緒
before ancestor: Men, now ancestor: Men
前回と中カテゴリーが一緒
before descendant: Pants, now descendant: Shoes
before ancestor: Men, now ancestor: Men
前回と大カテゴリーが一緒
before ancestor: Men, now ancestor: Men
中カテゴリーは前回と一緒
before descendant: Shoes, now descendant: Shoes
before ancestor: Men, now ancestor: Men
前回と大カテゴリーが一緒
before ancestor: Men, now ancestor: Men
中カテゴリーは前回と一緒
before descendant: Shoes, now descendant: Shoes
before ancestor: Men, now ancestor: Men
前回と大カテゴリーが一緒
before ancestor: Men, now ancestor: Men
中カテゴリーは前回と一緒
before descendant: Shoes, now descendant: Shoes
before ancestor: Men, now ancestor: Men
前回と大カテゴリーが一緒
before ancestor: Men, now ancestor: Men
中カテゴリーは前回と一緒
before descendant: Shoes, now descendant: Shoes
before ancestor: Men, now ancestor: Men
前回と大カテゴリーが一緒
before ancestor: Men, now ancestor: Men
中カテゴリーは前回と一緒
before descendant: Shoes, now descendant: Shoes
before ancestor: Men, now ancestor: Men
前回と大カテゴリーが一緒
before ancestor: Men, now ancestor: Men
中カテゴリーは前回と一緒
before descendant: Shoes, now descendant: Shoes
before ancestor: Men, now ancestor: Men
前回と大カテゴリーが一緒
before ancestor: Men, now ancestor: Men
中カテゴリーは前回と一緒
before descendant: Shoes, now descendant: Shoes
before ancestor: Men, now ancestor: Men
前回と大カテゴリーが一緒
before ancestor: Men, now ancestor: Men
中カテゴリーは前回と一緒
before descendant: Shoes, now descendant: Shoes
before ancestor: Men, now ancestor: Men
前回と大カテゴリーが一緒
before ancestor: Men, now ancestor: Men
中カテゴリーは前回と一緒
before descendant: Shoes, now descendant: Shoes
before ancestor: Men, now ancestor: Men
前回と大カテゴリーが一緒
before ancestor: Men, now ancestor: Men
前回と中カテゴリーが一緒
before descendant: Shoes, now descendant: Shorts
before ancestor: Men, now ancestor: Men
前回と大カテゴリーが一緒
before ancestor: Men, now ancestor: Men
中カテゴリーは前回と一緒
before descendant: Shorts, now descendant: Shorts
before ancestor: Men, now ancestor: Men
前回と大カテゴリーが一緒
before ancestor: Men, now ancestor: Men
中カテゴリーは前回と一緒
before descendant: Shorts, now descendant: Shorts
before ancestor: Men, now ancestor: Men
前回と大カテゴリーが一緒
before ancestor: Men, now ancestor: Men
中カテゴリーは前回と一緒
before descendant: Shorts, now descendant: Shorts
before ancestor: Men, now ancestor: Men
前回と大カテゴリーが一緒
before ancestor: Men, now ancestor: Men
中カテゴリーは前回と一緒
before descendant: Shorts, now descendant: Shorts
before ancestor: Men, now ancestor: Men
前回と大カテゴリーが一緒
before ancestor: Men, now ancestor: Men
中カテゴリーは前回と一緒
before descendant: Shorts, now descendant: Shorts
before ancestor: Men, now ancestor: Men
前回と大カテゴリーが一緒
before ancestor: Men, now ancestor: Men
中カテゴリーは前回と一緒
before descendant: Shorts, now descendant: Shorts
before ancestor: Men, now ancestor: Men
前回と大カテゴリーが一緒
before ancestor: Men, now ancestor: Men
中カテゴリーは前回と一緒
before descendant: Shorts, now descendant: Shorts
before ancestor: Men, now ancestor: Men
前回と大カテゴリーが一緒
before ancestor: Men, now ancestor: Men
中カテゴリーは前回と一緒
before descendant: Shorts, now descendant: Shorts
before ancestor: Men, now ancestor: Men
前回と大カテゴリーが一緒
before ancestor: Men, now ancestor: Men
前回と中カテゴリーが一緒
before descendant: Shorts, now descendant: Suits
before ancestor: Men, now ancestor: Men
前回と大カテゴリーが一緒
before ancestor: Men, now ancestor: Men
中カテゴリーは前回と一緒
before descendant: Suits, now descendant: Suits
before ancestor: Men, now ancestor: Men
前回と大カテゴリーが一緒
before ancestor: Men, now ancestor: Men
中カテゴリーは前回と一緒
before descendant: Suits, now descendant: Suits
before ancestor: Men, now ancestor: Men
前回と大カテゴリーが一緒
before ancestor: Men, now ancestor: Men
中カテゴリーは前回と一緒
before descendant: Suits, now descendant: Suits
before ancestor: Men, now ancestor: Men
前回と大カテゴリーが一緒
before ancestor: Men, now ancestor: Men
中カテゴリーは前回と一緒
before descendant: Suits, now descendant: Suits
before ancestor: Men, now ancestor: Men
前回と大カテゴリーが一緒
before ancestor: Men, now ancestor: Men
中カテゴリーは前回と一緒
before descendant: Suits, now descendant: Suits
before ancestor: Men, now ancestor: Men
前回と大カテゴリーが一緒
before ancestor: Men, now ancestor: Men
前回と中カテゴリーが一緒
before descendant: Suits, now descendant: Sweaters
before ancestor: Men, now ancestor: Men
前回と大カテゴリーが一緒
before ancestor: Men, now ancestor: Men
中カテゴリーは前回と一緒
before descendant: Sweaters, now descendant: Sweaters
before ancestor: Men, now ancestor: Men
前回と大カテゴリーが一緒
before ancestor: Men, now ancestor: Men
中カテゴリーは前回と一緒
before descendant: Sweaters, now descendant: Sweaters
before ancestor: Men, now ancestor: Men
前回と大カテゴリーが一緒
before ancestor: Men, now ancestor: Men
中カテゴリーは前回と一緒
before descendant: Sweaters, now descendant: Sweaters
before ancestor: Men, now ancestor: Men
前回と大カテゴリーが一緒
before ancestor: Men, now ancestor: Men
中カテゴリーは前回と一緒
before descendant: Sweaters, now descendant: Sweaters
before ancestor: Men, now ancestor: Men
前回と大カテゴリーが一緒
before ancestor: Men, now ancestor: Men
中カテゴリーは前回と一緒
before descendant: Sweaters, now descendant: Sweaters
before ancestor: Men, now ancestor: Men
前回と大カテゴリーが一緒
before ancestor: Men, now ancestor: Men
中カテゴリーは前回と一緒
before descendant: Sweaters, now descendant: Sweaters
before ancestor: Men, now ancestor: Men
前回と大カテゴリーが一緒
before ancestor: Men, now ancestor: Men
中カテゴリーは前回と一緒
before descendant: Sweaters, now descendant: Sweaters
before ancestor: Men, now ancestor: Men
前回と大カテゴリーが一緒
before ancestor: Men, now ancestor: Men
前回と中カテゴリーが一緒
before descendant: Sweaters, now descendant: Sweats & Hoodies
before ancestor: Men, now ancestor: Men
前回と大カテゴリーが一緒
before ancestor: Men, now ancestor: Men
中カテゴリーは前回と一緒
before descendant: Sweats & Hoodies, now descendant: Sweats & Hoodies
before ancestor: Men, now ancestor: Men
前回と大カテゴリーが一緒
before ancestor: Men, now ancestor: Men
中カテゴリーは前回と一緒
before descendant: Sweats & Hoodies, now descendant: Sweats & Hoodies
before ancestor: Men, now ancestor: Men
前回と大カテゴリーが一緒
before ancestor: Men, now ancestor: Men
中カテゴリーは前回と一緒
before descendant: Sweats & Hoodies, now descendant: Sweats & Hoodies
before ancestor: Men, now ancestor: Men
前回と大カテゴリーが一緒
before ancestor: Men, now ancestor: Men
中カテゴリーは前回と一緒
before descendant: Sweats & Hoodies, now descendant: Sweats & Hoodies
before ancestor: Men, now ancestor: Men
前回と大カテゴリーが一緒
before ancestor: Men, now ancestor: Men
中カテゴリーは前回と一緒
before descendant: Sweats & Hoodies, now descendant: Sweats & Hoodies
before ancestor: Men, now ancestor: Men
前回と大カテゴリーが一緒
before ancestor: Men, now ancestor: Men
前回と中カテゴリーが一緒
before descendant: Sweats & Hoodies, now descendant: Swimwear
before ancestor: Men, now ancestor: Men
前回と大カテゴリーが一緒
before ancestor: Men, now ancestor: Men
中カテゴリーは前回と一緒
before descendant: Swimwear, now descendant: Swimwear
before ancestor: Men, now ancestor: Men
前回と大カテゴリーが一緒
before ancestor: Men, now ancestor: Men
中カテゴリーは前回と一緒
before descendant: Swimwear, now descendant: Swimwear
before ancestor: Men, now ancestor: Men
前回と大カテゴリーが一緒
before ancestor: Men, now ancestor: Men
前回と中カテゴリーが一緒
before descendant: Swimwear, now descendant: Tops
before ancestor: Men, now ancestor: Men
前回と大カテゴリーが一緒
before ancestor: Men, now ancestor: Men
中カテゴリーは前回と一緒
before descendant: Tops, now descendant: Tops
before ancestor: Men, now ancestor: Men
前回と大カテゴリーが一緒
before ancestor: Men, now ancestor: Men
中カテゴリーは前回と一緒
before descendant: Tops, now descendant: Tops
before ancestor: Men, now ancestor: Men
前回と大カテゴリーが一緒
before ancestor: Men, now ancestor: Men
中カテゴリーは前回と一緒
before descendant: Tops, now descendant: Tops
before ancestor: Men, now ancestor: Men
前回と大カテゴリーが一緒
before ancestor: Men, now ancestor: Men
中カテゴリーは前回と一緒
before descendant: Tops, now descendant: Tops
before ancestor: Men, now ancestor: Men
前回と大カテゴリーが一緒
before ancestor: Men, now ancestor: Men
中カテゴリーは前回と一緒
before descendant: Tops, now descendant: Tops
before ancestor: Men, now ancestor: Men
前回と大カテゴリーが一緒
before ancestor: Men, now ancestor: Men
中カテゴリーは前回と一緒
before descendant: Tops, now descendant: Tops
before ancestor: Men, now ancestor: Men
前回と大カテゴリーが一緒
before ancestor: Men, now ancestor: Men
中カテゴリーは前回と一緒
before descendant: Tops, now descendant: Tops
before ancestor: Men, now ancestor: Men
前回と大カテゴリーが一緒
before ancestor: Men, now ancestor: Men
中カテゴリーは前回と一緒
before descendant: Tops, now descendant: Tops
before ancestor: Men, now ancestor: Other
新しい大カテゴリーの登場
before ancestor: Men, now ancestor: Other
新しい中カテゴリーの登場
before descendant: Tops, now descendant: Automotive
before ancestor: Other, now ancestor: Other
前回と大カテゴリーが一緒
before ancestor: Other, now ancestor: Other
中カテゴリーは前回と一緒
before descendant: Automotive, now descendant: Automotive
before ancestor: Other, now ancestor: Other
前回と大カテゴリーが一緒
before ancestor: Other, now ancestor: Other
中カテゴリーは前回と一緒
before descendant: Automotive, now descendant: Automotive
before ancestor: Other, now ancestor: Other
前回と大カテゴリーが一緒
before ancestor: Other, now ancestor: Other
中カテゴリーは前回と一緒
before descendant: Automotive, now descendant: Automotive
before ancestor: Other, now ancestor: Other
前回と大カテゴリーが一緒
before ancestor: Other, now ancestor: Other
中カテゴリーは前回と一緒
before descendant: Automotive, now descendant: Automotive
before ancestor: Other, now ancestor: Other
前回と大カテゴリーが一緒
before ancestor: Other, now ancestor: Other
中カテゴリーは前回と一緒
before descendant: Automotive, now descendant: Automotive
before ancestor: Other, now ancestor: Other
前回と大カテゴリーが一緒
before ancestor: Other, now ancestor: Other
中カテゴリーは前回と一緒
before descendant: Automotive, now descendant: Automotive
before ancestor: Other, now ancestor: Other
前回と大カテゴリーが一緒
before ancestor: Other, now ancestor: Other
中カテゴリーは前回と一緒
before descendant: Automotive, now descendant: Automotive
before ancestor: Other, now ancestor: Other
前回と大カテゴリーが一緒
before ancestor: Other, now ancestor: Other
中カテゴリーは前回と一緒
before descendant: Automotive, now descendant: Automotive
before ancestor: Other, now ancestor: Other
前回と大カテゴリーが一緒
before ancestor: Other, now ancestor: Other
中カテゴリーは前回と一緒
before descendant: Automotive, now descendant: Automotive
before ancestor: Other, now ancestor: Other
前回と大カテゴリーが一緒
before ancestor: Other, now ancestor: Other
中カテゴリーは前回と一緒
before descendant: Automotive, now descendant: Automotive
before ancestor: Other, now ancestor: Other
前回と大カテゴリーが一緒
before ancestor: Other, now ancestor: Other
中カテゴリーは前回と一緒
before descendant: Automotive, now descendant: Automotive
before ancestor: Other, now ancestor: Other
前回と大カテゴリーが一緒
before ancestor: Other, now ancestor: Other
中カテゴリーは前回と一緒
before descendant: Automotive, now descendant: Automotive
before ancestor: Other, now ancestor: Other
前回と大カテゴリーが一緒
before ancestor: Other, now ancestor: Other
中カテゴリーは前回と一緒
before descendant: Automotive, now descendant: Automotive
before ancestor: Other, now ancestor: Other
前回と大カテゴリーが一緒
before ancestor: Other, now ancestor: Other
中カテゴリーは前回と一緒
before descendant: Automotive, now descendant: Automotive
before ancestor: Other, now ancestor: Other
前回と大カテゴリーが一緒
before ancestor: Other, now ancestor: Other
前回と中カテゴリーが一緒
before descendant: Automotive, now descendant: Books
before ancestor: Other, now ancestor: Other
前回と大カテゴリーが一緒
before ancestor: Other, now ancestor: Other
中カテゴリーは前回と一緒
before descendant: Books, now descendant: Books
before ancestor: Other, now ancestor: Other
前回と大カテゴリーが一緒
before ancestor: Other, now ancestor: Other
中カテゴリーは前回と一緒
before descendant: Books, now descendant: Books
before ancestor: Other, now ancestor: Other
前回と大カテゴリーが一緒
before ancestor: Other, now ancestor: Other
中カテゴリーは前回と一緒
before descendant: Books, now descendant: Books
before ancestor: Other, now ancestor: Other
前回と大カテゴリーが一緒
before ancestor: Other, now ancestor: Other
中カテゴリーは前回と一緒
before descendant: Books, now descendant: Books
before ancestor: Other, now ancestor: Other
前回と大カテゴリーが一緒
before ancestor: Other, now ancestor: Other
中カテゴリーは前回と一緒
before descendant: Books, now descendant: Books
before ancestor: Other, now ancestor: Other
前回と大カテゴリーが一緒
before ancestor: Other, now ancestor: Other
中カテゴリーは前回と一緒
before descendant: Books, now descendant: Books
before ancestor: Other, now ancestor: Other
前回と大カテゴリーが一緒
before ancestor: Other, now ancestor: Other
中カテゴリーは前回と一緒
before descendant: Books, now descendant: Books
before ancestor: Other, now ancestor: Other
前回と大カテゴリーが一緒
before ancestor: Other, now ancestor: Other
中カテゴリーは前回と一緒
before descendant: Books, now descendant: Books
before ancestor: Other, now ancestor: Other
前回と大カテゴリーが一緒
before ancestor: Other, now ancestor: Other
中カテゴリーは前回と一緒
before descendant: Books, now descendant: Books
before ancestor: Other, now ancestor: Other
前回と大カテゴリーが一緒
before ancestor: Other, now ancestor: Other
中カテゴリーは前回と一緒
before descendant: Books, now descendant: Books
before ancestor: Other, now ancestor: Other
前回と大カテゴリーが一緒
before ancestor: Other, now ancestor: Other
中カテゴリーは前回と一緒
before descendant: Books, now descendant: Books
before ancestor: Other, now ancestor: Other
前回と大カテゴリーが一緒
before ancestor: Other, now ancestor: Other
中カテゴリーは前回と一緒
before descendant: Books, now descendant: Books
before ancestor: Other, now ancestor: Other
前回と大カテゴリーが一緒
before ancestor: Other, now ancestor: Other
中カテゴリーは前回と一緒
before descendant: Books, now descendant: Books
before ancestor: Other, now ancestor: Other
前回と大カテゴリーが一緒
before ancestor: Other, now ancestor: Other
中カテゴリーは前回と一緒
before descendant: Books, now descendant: Books
before ancestor: Other, now ancestor: Other
前回と大カテゴリーが一緒
before ancestor: Other, now ancestor: Other
前回と中カテゴリーが一緒
before descendant: Books, now descendant: Daily & Travel items
before ancestor: Other, now ancestor: Other
前回と大カテゴリーが一緒
before ancestor: Other, now ancestor: Other
中カテゴリーは前回と一緒
before descendant: Daily & Travel items, now descendant: Daily & Travel items
before ancestor: Other, now ancestor: Other
前回と大カテゴリーが一緒
before ancestor: Other, now ancestor: Other
中カテゴリーは前回と一緒
before descendant: Daily & Travel items, now descendant: Daily & Travel items
before ancestor: Other, now ancestor: Other
前回と大カテゴリーが一緒
before ancestor: Other, now ancestor: Other
中カテゴリーは前回と一緒
before descendant: Daily & Travel items, now descendant: Daily & Travel items
before ancestor: Other, now ancestor: Other
前回と大カテゴリーが一緒
before ancestor: Other, now ancestor: Other
中カテゴリーは前回と一緒
before descendant: Daily & Travel items, now descendant: Daily & Travel items
before ancestor: Other, now ancestor: Other
前回と大カテゴリーが一緒
before ancestor: Other, now ancestor: Other
中カテゴリーは前回と一緒
before descendant: Daily & Travel items, now descendant: Daily & Travel items
before ancestor: Other, now ancestor: Other
前回と大カテゴリーが一緒
before ancestor: Other, now ancestor: Other
中カテゴリーは前回と一緒
before descendant: Daily & Travel items, now descendant: Daily & Travel items
before ancestor: Other, now ancestor: Other
前回と大カテゴリーが一緒
before ancestor: Other, now ancestor: Other
中カテゴリーは前回と一緒
before descendant: Daily & Travel items, now descendant: Daily & Travel items
before ancestor: Other, now ancestor: Other
前回と大カテゴリーが一緒
before ancestor: Other, now ancestor: Other
前回と中カテゴリーが一緒
before descendant: Daily & Travel items, now descendant: Magazines
before ancestor: Other, now ancestor: Other
前回と大カテゴリーが一緒
before ancestor: Other, now ancestor: Other
中カテゴリーは前回と一緒
before descendant: Magazines, now descendant: Magazines
before ancestor: Other, now ancestor: Other
前回と大カテゴリーが一緒
before ancestor: Other, now ancestor: Other
中カテゴリーは前回と一緒
before descendant: Magazines, now descendant: Magazines
before ancestor: Other, now ancestor: Other
前回と大カテゴリーが一緒
before ancestor: Other, now ancestor: Other
前回と中カテゴリーが一緒
before descendant: Magazines, now descendant: Musical instruments
before ancestor: Other, now ancestor: Other
前回と大カテゴリーが一緒
before ancestor: Other, now ancestor: Other
中カテゴリーは前回と一緒
before descendant: Musical instruments, now descendant: Musical instruments
before ancestor: Other, now ancestor: Other
前回と大カテゴリーが一緒
before ancestor: Other, now ancestor: Other
中カテゴリーは前回と一緒
before descendant: Musical instruments, now descendant: Musical instruments
before ancestor: Other, now ancestor: Other
前回と大カテゴリーが一緒
before ancestor: Other, now ancestor: Other
中カテゴリーは前回と一緒
before descendant: Musical instruments, now descendant: Musical instruments
before ancestor: Other, now ancestor: Other
前回と大カテゴリーが一緒
before ancestor: Other, now ancestor: Other
中カテゴリーは前回と一緒
before descendant: Musical instruments, now descendant: Musical instruments
before ancestor: Other, now ancestor: Other
前回と大カテゴリーが一緒
before ancestor: Other, now ancestor: Other
中カテゴリーは前回と一緒
before descendant: Musical instruments, now descendant: Musical instruments
before ancestor: Other, now ancestor: Other
前回と大カテゴリーが一緒
before ancestor: Other, now ancestor: Other
中カテゴリーは前回と一緒
before descendant: Musical instruments, now descendant: Musical instruments
before ancestor: Other, now ancestor: Other
前回と大カテゴリーが一緒
before ancestor: Other, now ancestor: Other
中カテゴリーは前回と一緒
before descendant: Musical instruments, now descendant: Musical instruments
before ancestor: Other, now ancestor: Other
前回と大カテゴリーが一緒
before ancestor: Other, now ancestor: Other
中カテゴリーは前回と一緒
before descendant: Musical instruments, now descendant: Musical instruments
before ancestor: Other, now ancestor: Other
前回と大カテゴリーが一緒
before ancestor: Other, now ancestor: Other
中カテゴリーは前回と一緒
before descendant: Musical instruments, now descendant: Musical instruments
before ancestor: Other, now ancestor: Other
前回と大カテゴリーが一緒
before ancestor: Other, now ancestor: Other
中カテゴリーは前回と一緒
before descendant: Musical instruments, now descendant: Musical instruments
before ancestor: Other, now ancestor: Other
前回と大カテゴリーが一緒
before ancestor: Other, now ancestor: Other
中カテゴリーは前回と一緒
before descendant: Musical instruments, now descendant: Musical instruments
before ancestor: Other, now ancestor: Other
前回と大カテゴリーが一緒
before ancestor: Other, now ancestor: Other
中カテゴリーは前回と一緒
before descendant: Musical instruments, now descendant: Musical instruments
before ancestor: Other, now ancestor: Other
前回と大カテゴリーが一緒
before ancestor: Other, now ancestor: Other
中カテゴリーは前回と一緒
before descendant: Musical instruments, now descendant: Musical instruments
before ancestor: Other, now ancestor: Other
前回と大カテゴリーが一緒
before ancestor: Other, now ancestor: Other
中カテゴリーは前回と一緒
before descendant: Musical instruments, now descendant: Musical instruments
before ancestor: Other, now ancestor: Other
前回と大カテゴリーが一緒
before ancestor: Other, now ancestor: Other
前回と中カテゴリーが一緒
before descendant: Musical instruments, now descendant: Office supplies
before ancestor: Other, now ancestor: Other
前回と大カテゴリーが一緒
before ancestor: Other, now ancestor: Other
中カテゴリーは前回と一緒
before descendant: Office supplies, now descendant: Office supplies
before ancestor: Other, now ancestor: Other
前回と大カテゴリーが一緒
before ancestor: Other, now ancestor: Other
中カテゴリーは前回と一緒
before descendant: Office supplies, now descendant: Office supplies
before ancestor: Other, now ancestor: Other
前回と大カテゴリーが一緒
before ancestor: Other, now ancestor: Other
中カテゴリーは前回と一緒
before descendant: Office supplies, now descendant: Office supplies
before ancestor: Other, now ancestor: Other
前回と大カテゴリーが一緒
before ancestor: Other, now ancestor: Other
中カテゴリーは前回と一緒
before descendant: Office supplies, now descendant: Office supplies
before ancestor: Other, now ancestor: Other
前回と大カテゴリーが一緒
before ancestor: Other, now ancestor: Other
中カテゴリーは前回と一緒
before descendant: Office supplies, now descendant: Office supplies
before ancestor: Other, now ancestor: Other
前回と大カテゴリーが一緒
before ancestor: Other, now ancestor: Other
中カテゴリーは前回と一緒
before descendant: Office supplies, now descendant: Office supplies
before ancestor: Other, now ancestor: Other
前回と大カテゴリーが一緒
before ancestor: Other, now ancestor: Other
中カテゴリーは前回と一緒
before descendant: Office supplies, now descendant: Office supplies
before ancestor: Other, now ancestor: Other
前回と大カテゴリーが一緒
before ancestor: Other, now ancestor: Other
中カテゴリーは前回と一緒
before descendant: Office supplies, now descendant: Office supplies
before ancestor: Other, now ancestor: Other
前回と大カテゴリーが一緒
before ancestor: Other, now ancestor: Other
中カテゴリーは前回と一緒
before descendant: Office supplies, now descendant: Office supplies
before ancestor: Other, now ancestor: Other
前回と大カテゴリーが一緒
before ancestor: Other, now ancestor: Other
中カテゴリーは前回と一緒
before descendant: Office supplies, now descendant: Office supplies
before ancestor: Other, now ancestor: Other
前回と大カテゴリーが一緒
before ancestor: Other, now ancestor: Other
中カテゴリーは前回と一緒
before descendant: Office supplies, now descendant: Office supplies
before ancestor: Other, now ancestor: Other
前回と大カテゴリーが一緒
before ancestor: Other, now ancestor: Other
前回と中カテゴリーが一緒
before descendant: Office supplies, now descendant: Other
before ancestor: Other, now ancestor: Other
前回と大カテゴリーが一緒
before ancestor: Other, now ancestor: Other
前回と中カテゴリーが一緒
before descendant: Other, now descendant: Pet Supplies
before ancestor: Other, now ancestor: Other
前回と大カテゴリーが一緒
before ancestor: Other, now ancestor: Other
中カテゴリーは前回と一緒
before descendant: Pet Supplies, now descendant: Pet Supplies
before ancestor: Other, now ancestor: Other
前回と大カテゴリーが一緒
before ancestor: Other, now ancestor: Other
中カテゴリーは前回と一緒
before descendant: Pet Supplies, now descendant: Pet Supplies
before ancestor: Other, now ancestor: Other
前回と大カテゴリーが一緒
before ancestor: Other, now ancestor: Other
中カテゴリーは前回と一緒
before descendant: Pet Supplies, now descendant: Pet Supplies
before ancestor: Other, now ancestor: Sports & Outdoors
新しい大カテゴリーの登場
before ancestor: Other, now ancestor: Sports & Outdoors
新しい中カテゴリーの登場
before descendant: Pet Supplies, now descendant: Apparel
before ancestor: Sports & Outdoors, now ancestor: Sports & Outdoors
前回と大カテゴリーが一緒
before ancestor: Sports & Outdoors, now ancestor: Sports & Outdoors
中カテゴリーは前回と一緒
before descendant: Apparel, now descendant: Apparel
before ancestor: Sports & Outdoors, now ancestor: Sports & Outdoors
前回と大カテゴリーが一緒
before ancestor: Sports & Outdoors, now ancestor: Sports & Outdoors
中カテゴリーは前回と一緒
before descendant: Apparel, now descendant: Apparel
before ancestor: Sports & Outdoors, now ancestor: Sports & Outdoors
前回と大カテゴリーが一緒
before ancestor: Sports & Outdoors, now ancestor: Sports & Outdoors
中カテゴリーは前回と一緒
before descendant: Apparel, now descendant: Apparel
before ancestor: Sports & Outdoors, now ancestor: Sports & Outdoors
前回と大カテゴリーが一緒
before ancestor: Sports & Outdoors, now ancestor: Sports & Outdoors
中カテゴリーは前回と一緒
before descendant: Apparel, now descendant: Apparel
before ancestor: Sports & Outdoors, now ancestor: Sports & Outdoors
前回と大カテゴリーが一緒
before ancestor: Sports & Outdoors, now ancestor: Sports & Outdoors
中カテゴリーは前回と一緒
before descendant: Apparel, now descendant: Apparel
before ancestor: Sports & Outdoors, now ancestor: Sports & Outdoors
前回と大カテゴリーが一緒
before ancestor: Sports & Outdoors, now ancestor: Sports & Outdoors
前回と中カテゴリーが一緒
before descendant: Apparel, now descendant: Exercise
before ancestor: Sports & Outdoors, now ancestor: Sports & Outdoors
前回と大カテゴリーが一緒
before ancestor: Sports & Outdoors, now ancestor: Sports & Outdoors
中カテゴリーは前回と一緒
before descendant: Exercise, now descendant: Exercise
before ancestor: Sports & Outdoors, now ancestor: Sports & Outdoors
前回と大カテゴリーが一緒
before ancestor: Sports & Outdoors, now ancestor: Sports & Outdoors
中カテゴリーは前回と一緒
before descendant: Exercise, now descendant: Exercise
before ancestor: Sports & Outdoors, now ancestor: Sports & Outdoors
前回と大カテゴリーが一緒
before ancestor: Sports & Outdoors, now ancestor: Sports & Outdoors
中カテゴリーは前回と一緒
before descendant: Exercise, now descendant: Exercise
before ancestor: Sports & Outdoors, now ancestor: Sports & Outdoors
前回と大カテゴリーが一緒
before ancestor: Sports & Outdoors, now ancestor: Sports & Outdoors
中カテゴリーは前回と一緒
before descendant: Exercise, now descendant: Exercise
before ancestor: Sports & Outdoors, now ancestor: Sports & Outdoors
前回と大カテゴリーが一緒
before ancestor: Sports & Outdoors, now ancestor: Sports & Outdoors
中カテゴリーは前回と一緒
before descendant: Exercise, now descendant: Exercise
before ancestor: Sports & Outdoors, now ancestor: Sports & Outdoors
前回と大カテゴリーが一緒
before ancestor: Sports & Outdoors, now ancestor: Sports & Outdoors
中カテゴリーは前回と一緒
before descendant: Exercise, now descendant: Exercise
before ancestor: Sports & Outdoors, now ancestor: Sports & Outdoors
前回と大カテゴリーが一緒
before ancestor: Sports & Outdoors, now ancestor: Sports & Outdoors
中カテゴリーは前回と一緒
before descendant: Exercise, now descendant: Exercise
before ancestor: Sports & Outdoors, now ancestor: Sports & Outdoors
前回と大カテゴリーが一緒
before ancestor: Sports & Outdoors, now ancestor: Sports & Outdoors
中カテゴリーは前回と一緒
before descendant: Exercise, now descendant: Exercise
before ancestor: Sports & Outdoors, now ancestor: Sports & Outdoors
前回と大カテゴリーが一緒
before ancestor: Sports & Outdoors, now ancestor: Sports & Outdoors
中カテゴリーは前回と一緒
before descendant: Exercise, now descendant: Exercise
before ancestor: Sports & Outdoors, now ancestor: Sports & Outdoors
前回と大カテゴリーが一緒
before ancestor: Sports & Outdoors, now ancestor: Sports & Outdoors
前回と中カテゴリーが一緒
before descendant: Exercise, now descendant: Fan Shop
before ancestor: Sports & Outdoors, now ancestor: Sports & Outdoors
前回と大カテゴリーが一緒
before ancestor: Sports & Outdoors, now ancestor: Sports & Outdoors
中カテゴリーは前回と一緒
before descendant: Fan Shop, now descendant: Fan Shop
before ancestor: Sports & Outdoors, now ancestor: Sports & Outdoors
前回と大カテゴリーが一緒
before ancestor: Sports & Outdoors, now ancestor: Sports & Outdoors
中カテゴリーは前回と一緒
before descendant: Fan Shop, now descendant: Fan Shop
before ancestor: Sports & Outdoors, now ancestor: Sports & Outdoors
前回と大カテゴリーが一緒
before ancestor: Sports & Outdoors, now ancestor: Sports & Outdoors
中カテゴリーは前回と一緒
before descendant: Fan Shop, now descendant: Fan Shop
before ancestor: Sports & Outdoors, now ancestor: Sports & Outdoors
前回と大カテゴリーが一緒
before ancestor: Sports & Outdoors, now ancestor: Sports & Outdoors
中カテゴリーは前回と一緒
before descendant: Fan Shop, now descendant: Fan Shop
before ancestor: Sports & Outdoors, now ancestor: Sports & Outdoors
前回と大カテゴリーが一緒
before ancestor: Sports & Outdoors, now ancestor: Sports & Outdoors
中カテゴリーは前回と一緒
before descendant: Fan Shop, now descendant: Fan Shop
before ancestor: Sports & Outdoors, now ancestor: Sports & Outdoors
前回と大カテゴリーが一緒
before ancestor: Sports & Outdoors, now ancestor: Sports & Outdoors
前回と中カテゴリーが一緒
before descendant: Fan Shop, now descendant: Footwear
before ancestor: Sports & Outdoors, now ancestor: Sports & Outdoors
前回と大カテゴリーが一緒
before ancestor: Sports & Outdoors, now ancestor: Sports & Outdoors
中カテゴリーは前回と一緒
before descendant: Footwear, now descendant: Footwear
before ancestor: Sports & Outdoors, now ancestor: Sports & Outdoors
前回と大カテゴリーが一緒
before ancestor: Sports & Outdoors, now ancestor: Sports & Outdoors
中カテゴリーは前回と一緒
before descendant: Footwear, now descendant: Footwear
before ancestor: Sports & Outdoors, now ancestor: Sports & Outdoors
前回と大カテゴリーが一緒
before ancestor: Sports & Outdoors, now ancestor: Sports & Outdoors
中カテゴリーは前回と一緒
before descendant: Footwear, now descendant: Footwear
before ancestor: Sports & Outdoors, now ancestor: Sports & Outdoors
前回と大カテゴリーが一緒
before ancestor: Sports & Outdoors, now ancestor: Sports & Outdoors
中カテゴリーは前回と一緒
before descendant: Footwear, now descendant: Footwear
before ancestor: Sports & Outdoors, now ancestor: Sports & Outdoors
前回と大カテゴリーが一緒
before ancestor: Sports & Outdoors, now ancestor: Sports & Outdoors
前回と中カテゴリーが一緒
before descendant: Footwear, now descendant: Golf
before ancestor: Sports & Outdoors, now ancestor: Sports & Outdoors
前回と大カテゴリーが一緒
before ancestor: Sports & Outdoors, now ancestor: Sports & Outdoors
中カテゴリーは前回と一緒
before descendant: Golf, now descendant: Golf
before ancestor: Sports & Outdoors, now ancestor: Sports & Outdoors
前回と大カテゴリーが一緒
before ancestor: Sports & Outdoors, now ancestor: Sports & Outdoors
中カテゴリーは前回と一緒
before descendant: Golf, now descendant: Golf
before ancestor: Sports & Outdoors, now ancestor: Sports & Outdoors
前回と大カテゴリーが一緒
before ancestor: Sports & Outdoors, now ancestor: Sports & Outdoors
中カテゴリーは前回と一緒
before descendant: Golf, now descendant: Golf
before ancestor: Sports & Outdoors, now ancestor: Sports & Outdoors
前回と大カテゴリーが一緒
before ancestor: Sports & Outdoors, now ancestor: Sports & Outdoors
中カテゴリーは前回と一緒
before descendant: Golf, now descendant: Golf
before ancestor: Sports & Outdoors, now ancestor: Sports & Outdoors
前回と大カテゴリーが一緒
before ancestor: Sports & Outdoors, now ancestor: Sports & Outdoors
中カテゴリーは前回と一緒
before descendant: Golf, now descendant: Golf
before ancestor: Sports & Outdoors, now ancestor: Sports & Outdoors
前回と大カテゴリーが一緒
before ancestor: Sports & Outdoors, now ancestor: Sports & Outdoors
中カテゴリーは前回と一緒
before descendant: Golf, now descendant: Golf
before ancestor: Sports & Outdoors, now ancestor: Sports & Outdoors
前回と大カテゴリーが一緒
before ancestor: Sports & Outdoors, now ancestor: Sports & Outdoors
中カテゴリーは前回と一緒
before descendant: Golf, now descendant: Golf
before ancestor: Sports & Outdoors, now ancestor: Sports & Outdoors
前回と大カテゴリーが一緒
before ancestor: Sports & Outdoors, now ancestor: Sports & Outdoors
前回と中カテゴリーが一緒
before descendant: Golf, now descendant: Other
before ancestor: Sports & Outdoors, now ancestor: Sports & Outdoors
前回と大カテゴリーが一緒
before ancestor: Sports & Outdoors, now ancestor: Sports & Outdoors
前回と中カテゴリーが一緒
before descendant: Other, now descendant: Outdoors
before ancestor: Sports & Outdoors, now ancestor: Sports & Outdoors
前回と大カテゴリーが一緒
before ancestor: Sports & Outdoors, now ancestor: Sports & Outdoors
中カテゴリーは前回と一緒
before descendant: Outdoors, now descendant: Outdoors
before ancestor: Sports & Outdoors, now ancestor: Sports & Outdoors
前回と大カテゴリーが一緒
before ancestor: Sports & Outdoors, now ancestor: Sports & Outdoors
中カテゴリーは前回と一緒
before descendant: Outdoors, now descendant: Outdoors
before ancestor: Sports & Outdoors, now ancestor: Sports & Outdoors
前回と大カテゴリーが一緒
before ancestor: Sports & Outdoors, now ancestor: Sports & Outdoors
中カテゴリーは前回と一緒
before descendant: Outdoors, now descendant: Outdoors
before ancestor: Sports & Outdoors, now ancestor: Sports & Outdoors
前回と大カテゴリーが一緒
before ancestor: Sports & Outdoors, now ancestor: Sports & Outdoors
中カテゴリーは前回と一緒
before descendant: Outdoors, now descendant: Outdoors
before ancestor: Sports & Outdoors, now ancestor: Sports & Outdoors
前回と大カテゴリーが一緒
before ancestor: Sports & Outdoors, now ancestor: Sports & Outdoors
中カテゴリーは前回と一緒
before descendant: Outdoors, now descendant: Outdoors
before ancestor: Sports & Outdoors, now ancestor: Sports & Outdoors
前回と大カテゴリーが一緒
before ancestor: Sports & Outdoors, now ancestor: Sports & Outdoors
中カテゴリーは前回と一緒
before descendant: Outdoors, now descendant: Outdoors
before ancestor: Sports & Outdoors, now ancestor: Sports & Outdoors
前回と大カテゴリーが一緒
before ancestor: Sports & Outdoors, now ancestor: Sports & Outdoors
中カテゴリーは前回と一緒
before descendant: Outdoors, now descendant: Outdoors
before ancestor: Sports & Outdoors, now ancestor: Sports & Outdoors
前回と大カテゴリーが一緒
before ancestor: Sports & Outdoors, now ancestor: Sports & Outdoors
中カテゴリーは前回と一緒
before descendant: Outdoors, now descendant: Outdoors
before ancestor: Sports & Outdoors, now ancestor: Sports & Outdoors
前回と大カテゴリーが一緒
before ancestor: Sports & Outdoors, now ancestor: Sports & Outdoors
前回と中カテゴリーが一緒
before descendant: Outdoors, now descendant: Team Sports
before ancestor: Sports & Outdoors, now ancestor: Sports & Outdoors
前回と大カテゴリーが一緒
before ancestor: Sports & Outdoors, now ancestor: Sports & Outdoors
中カテゴリーは前回と一緒
before descendant: Team Sports, now descendant: Team Sports
before ancestor: Sports & Outdoors, now ancestor: Sports & Outdoors
前回と大カテゴリーが一緒
before ancestor: Sports & Outdoors, now ancestor: Sports & Outdoors
中カテゴリーは前回と一緒
before descendant: Team Sports, now descendant: Team Sports
before ancestor: Sports & Outdoors, now ancestor: Sports & Outdoors
前回と大カテゴリーが一緒
before ancestor: Sports & Outdoors, now ancestor: Sports & Outdoors
中カテゴリーは前回と一緒
before descendant: Team Sports, now descendant: Team Sports
before ancestor: Sports & Outdoors, now ancestor: Sports & Outdoors
前回と大カテゴリーが一緒
before ancestor: Sports & Outdoors, now ancestor: Sports & Outdoors
中カテゴリーは前回と一緒
before descendant: Team Sports, now descendant: Team Sports
before ancestor: Sports & Outdoors, now ancestor: Sports & Outdoors
前回と大カテゴリーが一緒
before ancestor: Sports & Outdoors, now ancestor: Sports & Outdoors
中カテゴリーは前回と一緒
before descendant: Team Sports, now descendant: Team Sports
before ancestor: Sports & Outdoors, now ancestor: Sports & Outdoors
前回と大カテゴリーが一緒
before ancestor: Sports & Outdoors, now ancestor: Sports & Outdoors
中カテゴリーは前回と一緒
before descendant: Team Sports, now descendant: Team Sports
before ancestor: Sports & Outdoors, now ancestor: Sports & Outdoors
前回と大カテゴリーが一緒
before ancestor: Sports & Outdoors, now ancestor: Sports & Outdoors
中カテゴリーは前回と一緒
before descendant: Team Sports, now descendant: Team Sports
before ancestor: Sports & Outdoors, now ancestor: Sports & Outdoors
前回と大カテゴリーが一緒
before ancestor: Sports & Outdoors, now ancestor: Sports & Outdoors
中カテゴリーは前回と一緒
before descendant: Team Sports, now descendant: Team Sports
before ancestor: Sports & Outdoors, now ancestor: Sports & Outdoors
前回と大カテゴリーが一緒
before ancestor: Sports & Outdoors, now ancestor: Sports & Outdoors
中カテゴリーは前回と一緒
before descendant: Team Sports, now descendant: Team Sports
before ancestor: Sports & Outdoors, now ancestor: Vintage & Collectibles
新しい大カテゴリーの登場
before ancestor: Sports & Outdoors, now ancestor: Vintage & Collectibles
新しい中カテゴリーの登場
before descendant: Team Sports, now descendant: Accessories
before ancestor: Vintage & Collectibles, now ancestor: Vintage & Collectibles
前回と大カテゴリーが一緒
before ancestor: Vintage & Collectibles, now ancestor: Vintage & Collectibles
中カテゴリーは前回と一緒
before descendant: Accessories, now descendant: Accessories
before ancestor: Vintage & Collectibles, now ancestor: Vintage & Collectibles
前回と大カテゴリーが一緒
before ancestor: Vintage & Collectibles, now ancestor: Vintage & Collectibles
中カテゴリーは前回と一緒
before descendant: Accessories, now descendant: Accessories
before ancestor: Vintage & Collectibles, now ancestor: Vintage & Collectibles
前回と大カテゴリーが一緒
before ancestor: Vintage & Collectibles, now ancestor: Vintage & Collectibles
中カテゴリーは前回と一緒
before descendant: Accessories, now descendant: Accessories
before ancestor: Vintage & Collectibles, now ancestor: Vintage & Collectibles
前回と大カテゴリーが一緒
before ancestor: Vintage & Collectibles, now ancestor: Vintage & Collectibles
中カテゴリーは前回と一緒
before descendant: Accessories, now descendant: Accessories
before ancestor: Vintage & Collectibles, now ancestor: Vintage & Collectibles
前回と大カテゴリーが一緒
before ancestor: Vintage & Collectibles, now ancestor: Vintage & Collectibles
中カテゴリーは前回と一緒
before descendant: Accessories, now descendant: Accessories
before ancestor: Vintage & Collectibles, now ancestor: Vintage & Collectibles
前回と大カテゴリーが一緒
before ancestor: Vintage & Collectibles, now ancestor: Vintage & Collectibles
中カテゴリーは前回と一緒
before descendant: Accessories, now descendant: Accessories
before ancestor: Vintage & Collectibles, now ancestor: Vintage & Collectibles
前回と大カテゴリーが一緒
before ancestor: Vintage & Collectibles, now ancestor: Vintage & Collectibles
中カテゴリーは前回と一緒
before descendant: Accessories, now descendant: Accessories
before ancestor: Vintage & Collectibles, now ancestor: Vintage & Collectibles
前回と大カテゴリーが一緒
before ancestor: Vintage & Collectibles, now ancestor: Vintage & Collectibles
中カテゴリーは前回と一緒
before descendant: Accessories, now descendant: Accessories
before ancestor: Vintage & Collectibles, now ancestor: Vintage & Collectibles
前回と大カテゴリーが一緒
before ancestor: Vintage & Collectibles, now ancestor: Vintage & Collectibles
中カテゴリーは前回と一緒
before descendant: Accessories, now descendant: Accessories
before ancestor: Vintage & Collectibles, now ancestor: Vintage & Collectibles
前回と大カテゴリーが一緒
before ancestor: Vintage & Collectibles, now ancestor: Vintage & Collectibles
中カテゴリーは前回と一緒
before descendant: Accessories, now descendant: Accessories
before ancestor: Vintage & Collectibles, now ancestor: Vintage & Collectibles
前回と大カテゴリーが一緒
before ancestor: Vintage & Collectibles, now ancestor: Vintage & Collectibles
中カテゴリーは前回と一緒
before descendant: Accessories, now descendant: Accessories
before ancestor: Vintage & Collectibles, now ancestor: Vintage & Collectibles
前回と大カテゴリーが一緒
before ancestor: Vintage & Collectibles, now ancestor: Vintage & Collectibles
中カテゴリーは前回と一緒
before descendant: Accessories, now descendant: Accessories
before ancestor: Vintage & Collectibles, now ancestor: Vintage & Collectibles
前回と大カテゴリーが一緒
before ancestor: Vintage & Collectibles, now ancestor: Vintage & Collectibles
中カテゴリーは前回と一緒
before descendant: Accessories, now descendant: Accessories
before ancestor: Vintage & Collectibles, now ancestor: Vintage & Collectibles
前回と大カテゴリーが一緒
before ancestor: Vintage & Collectibles, now ancestor: Vintage & Collectibles
中カテゴリーは前回と一緒
before descendant: Accessories, now descendant: Accessories
before ancestor: Vintage & Collectibles, now ancestor: Vintage & Collectibles
前回と大カテゴリーが一緒
before ancestor: Vintage & Collectibles, now ancestor: Vintage & Collectibles
中カテゴリーは前回と一緒
before descendant: Accessories, now descendant: Accessories
before ancestor: Vintage & Collectibles, now ancestor: Vintage & Collectibles
前回と大カテゴリーが一緒
before ancestor: Vintage & Collectibles, now ancestor: Vintage & Collectibles
前回と中カテゴリーが一緒
before descendant: Accessories, now descendant: Antique
before ancestor: Vintage & Collectibles, now ancestor: Vintage & Collectibles
前回と大カテゴリーが一緒
before ancestor: Vintage & Collectibles, now ancestor: Vintage & Collectibles
中カテゴリーは前回と一緒
before descendant: Antique, now descendant: Antique
before ancestor: Vintage & Collectibles, now ancestor: Vintage & Collectibles
前回と大カテゴリーが一緒
before ancestor: Vintage & Collectibles, now ancestor: Vintage & Collectibles
中カテゴリーは前回と一緒
before descendant: Antique, now descendant: Antique
before ancestor: Vintage & Collectibles, now ancestor: Vintage & Collectibles
前回と大カテゴリーが一緒
before ancestor: Vintage & Collectibles, now ancestor: Vintage & Collectibles
中カテゴリーは前回と一緒
before descendant: Antique, now descendant: Antique
before ancestor: Vintage & Collectibles, now ancestor: Vintage & Collectibles
前回と大カテゴリーが一緒
before ancestor: Vintage & Collectibles, now ancestor: Vintage & Collectibles
中カテゴリーは前回と一緒
before descendant: Antique, now descendant: Antique
before ancestor: Vintage & Collectibles, now ancestor: Vintage & Collectibles
前回と大カテゴリーが一緒
before ancestor: Vintage & Collectibles, now ancestor: Vintage & Collectibles
中カテゴリーは前回と一緒
before descendant: Antique, now descendant: Antique
before ancestor: Vintage & Collectibles, now ancestor: Vintage & Collectibles
前回と大カテゴリーが一緒
before ancestor: Vintage & Collectibles, now ancestor: Vintage & Collectibles
中カテゴリーは前回と一緒
before descendant: Antique, now descendant: Antique
before ancestor: Vintage & Collectibles, now ancestor: Vintage & Collectibles
前回と大カテゴリーが一緒
before ancestor: Vintage & Collectibles, now ancestor: Vintage & Collectibles
中カテゴリーは前回と一緒
before descendant: Antique, now descendant: Antique
before ancestor: Vintage & Collectibles, now ancestor: Vintage & Collectibles
前回と大カテゴリーが一緒
before ancestor: Vintage & Collectibles, now ancestor: Vintage & Collectibles
中カテゴリーは前回と一緒
before descendant: Antique, now descendant: Antique
before ancestor: Vintage & Collectibles, now ancestor: Vintage & Collectibles
前回と大カテゴリーが一緒
before ancestor: Vintage & Collectibles, now ancestor: Vintage & Collectibles
中カテゴリーは前回と一緒
before descendant: Antique, now descendant: Antique
before ancestor: Vintage & Collectibles, now ancestor: Vintage & Collectibles
前回と大カテゴリーが一緒
before ancestor: Vintage & Collectibles, now ancestor: Vintage & Collectibles
中カテゴリーは前回と一緒
before descendant: Antique, now descendant: Antique
before ancestor: Vintage & Collectibles, now ancestor: Vintage & Collectibles
前回と大カテゴリーが一緒
before ancestor: Vintage & Collectibles, now ancestor: Vintage & Collectibles
中カテゴリーは前回と一緒
before descendant: Antique, now descendant: Antique
before ancestor: Vintage & Collectibles, now ancestor: Vintage & Collectibles
前回と大カテゴリーが一緒
before ancestor: Vintage & Collectibles, now ancestor: Vintage & Collectibles
中カテゴリーは前回と一緒
before descendant: Antique, now descendant: Antique
before ancestor: Vintage & Collectibles, now ancestor: Vintage & Collectibles
前回と大カテゴリーが一緒
before ancestor: Vintage & Collectibles, now ancestor: Vintage & Collectibles
中カテゴリーは前回と一緒
before descendant: Antique, now descendant: Antique
before ancestor: Vintage & Collectibles, now ancestor: Vintage & Collectibles
前回と大カテゴリーが一緒
before ancestor: Vintage & Collectibles, now ancestor: Vintage & Collectibles
中カテゴリーは前回と一緒
before descendant: Antique, now descendant: Antique
before ancestor: Vintage & Collectibles, now ancestor: Vintage & Collectibles
前回と大カテゴリーが一緒
before ancestor: Vintage & Collectibles, now ancestor: Vintage & Collectibles
中カテゴリーは前回と一緒
before descendant: Antique, now descendant: Antique
before ancestor: Vintage & Collectibles, now ancestor: Vintage & Collectibles
前回と大カテゴリーが一緒
before ancestor: Vintage & Collectibles, now ancestor: Vintage & Collectibles
中カテゴリーは前回と一緒
before descendant: Antique, now descendant: Antique
before ancestor: Vintage & Collectibles, now ancestor: Vintage & Collectibles
前回と大カテゴリーが一緒
before ancestor: Vintage & Collectibles, now ancestor: Vintage & Collectibles
前回と中カテゴリーが一緒
before descendant: Antique, now descendant: Bags and Purses
before ancestor: Vintage & Collectibles, now ancestor: Vintage & Collectibles
前回と大カテゴリーが一緒
before ancestor: Vintage & Collectibles, now ancestor: Vintage & Collectibles
中カテゴリーは前回と一緒
before descendant: Bags and Purses, now descendant: Bags and Purses
before ancestor: Vintage & Collectibles, now ancestor: Vintage & Collectibles
前回と大カテゴリーが一緒
before ancestor: Vintage & Collectibles, now ancestor: Vintage & Collectibles
中カテゴリーは前回と一緒
before descendant: Bags and Purses, now descendant: Bags and Purses
before ancestor: Vintage & Collectibles, now ancestor: Vintage & Collectibles
前回と大カテゴリーが一緒
before ancestor: Vintage & Collectibles, now ancestor: Vintage & Collectibles
中カテゴリーは前回と一緒
before descendant: Bags and Purses, now descendant: Bags and Purses
before ancestor: Vintage & Collectibles, now ancestor: Vintage & Collectibles
前回と大カテゴリーが一緒
before ancestor: Vintage & Collectibles, now ancestor: Vintage & Collectibles
中カテゴリーは前回と一緒
before descendant: Bags and Purses, now descendant: Bags and Purses
before ancestor: Vintage & Collectibles, now ancestor: Vintage & Collectibles
前回と大カテゴリーが一緒
before ancestor: Vintage & Collectibles, now ancestor: Vintage & Collectibles
中カテゴリーは前回と一緒
before descendant: Bags and Purses, now descendant: Bags and Purses
before ancestor: Vintage & Collectibles, now ancestor: Vintage & Collectibles
前回と大カテゴリーが一緒
before ancestor: Vintage & Collectibles, now ancestor: Vintage & Collectibles
中カテゴリーは前回と一緒
before descendant: Bags and Purses, now descendant: Bags and Purses
before ancestor: Vintage & Collectibles, now ancestor: Vintage & Collectibles
前回と大カテゴリーが一緒
before ancestor: Vintage & Collectibles, now ancestor: Vintage & Collectibles
中カテゴリーは前回と一緒
before descendant: Bags and Purses, now descendant: Bags and Purses
before ancestor: Vintage & Collectibles, now ancestor: Vintage & Collectibles
前回と大カテゴリーが一緒
before ancestor: Vintage & Collectibles, now ancestor: Vintage & Collectibles
中カテゴリーは前回と一緒
before descendant: Bags and Purses, now descendant: Bags and Purses
before ancestor: Vintage & Collectibles, now ancestor: Vintage & Collectibles
前回と大カテゴリーが一緒
before ancestor: Vintage & Collectibles, now ancestor: Vintage & Collectibles
中カテゴリーは前回と一緒
before descendant: Bags and Purses, now descendant: Bags and Purses
before ancestor: Vintage & Collectibles, now ancestor: Vintage & Collectibles
前回と大カテゴリーが一緒
before ancestor: Vintage & Collectibles, now ancestor: Vintage & Collectibles
中カテゴリーは前回と一緒
before descendant: Bags and Purses, now descendant: Bags and Purses
before ancestor: Vintage & Collectibles, now ancestor: Vintage & Collectibles
前回と大カテゴリーが一緒
before ancestor: Vintage & Collectibles, now ancestor: Vintage & Collectibles
中カテゴリーは前回と一緒
before descendant: Bags and Purses, now descendant: Bags and Purses
before ancestor: Vintage & Collectibles, now ancestor: Vintage & Collectibles
前回と大カテゴリーが一緒
before ancestor: Vintage & Collectibles, now ancestor: Vintage & Collectibles
中カテゴリーは前回と一緒
before descendant: Bags and Purses, now descendant: Bags and Purses
before ancestor: Vintage & Collectibles, now ancestor: Vintage & Collectibles
前回と大カテゴリーが一緒
before ancestor: Vintage & Collectibles, now ancestor: Vintage & Collectibles
前回と中カテゴリーが一緒
before descendant: Bags and Purses, now descendant: Book
before ancestor: Vintage & Collectibles, now ancestor: Vintage & Collectibles
前回と大カテゴリーが一緒
before ancestor: Vintage & Collectibles, now ancestor: Vintage & Collectibles
中カテゴリーは前回と一緒
before descendant: Book, now descendant: Book
before ancestor: Vintage & Collectibles, now ancestor: Vintage & Collectibles
前回と大カテゴリーが一緒
before ancestor: Vintage & Collectibles, now ancestor: Vintage & Collectibles
中カテゴリーは前回と一緒
before descendant: Book, now descendant: Book
before ancestor: Vintage & Collectibles, now ancestor: Vintage & Collectibles
前回と大カテゴリーが一緒
before ancestor: Vintage & Collectibles, now ancestor: Vintage & Collectibles
中カテゴリーは前回と一緒
before descendant: Book, now descendant: Book
before ancestor: Vintage & Collectibles, now ancestor: Vintage & Collectibles
前回と大カテゴリーが一緒
before ancestor: Vintage & Collectibles, now ancestor: Vintage & Collectibles
中カテゴリーは前回と一緒
before descendant: Book, now descendant: Book
before ancestor: Vintage & Collectibles, now ancestor: Vintage & Collectibles
前回と大カテゴリーが一緒
before ancestor: Vintage & Collectibles, now ancestor: Vintage & Collectibles
中カテゴリーは前回と一緒
before descendant: Book, now descendant: Book
before ancestor: Vintage & Collectibles, now ancestor: Vintage & Collectibles
前回と大カテゴリーが一緒
before ancestor: Vintage & Collectibles, now ancestor: Vintage & Collectibles
中カテゴリーは前回と一緒
before descendant: Book, now descendant: Book
before ancestor: Vintage & Collectibles, now ancestor: Vintage & Collectibles
前回と大カテゴリーが一緒
before ancestor: Vintage & Collectibles, now ancestor: Vintage & Collectibles
中カテゴリーは前回と一緒
before descendant: Book, now descendant: Book
before ancestor: Vintage & Collectibles, now ancestor: Vintage & Collectibles
前回と大カテゴリーが一緒
before ancestor: Vintage & Collectibles, now ancestor: Vintage & Collectibles
中カテゴリーは前回と一緒
before descendant: Book, now descendant: Book
before ancestor: Vintage & Collectibles, now ancestor: Vintage & Collectibles
前回と大カテゴリーが一緒
before ancestor: Vintage & Collectibles, now ancestor: Vintage & Collectibles
中カテゴリーは前回と一緒
before descendant: Book, now descendant: Book
before ancestor: Vintage & Collectibles, now ancestor: Vintage & Collectibles
前回と大カテゴリーが一緒
before ancestor: Vintage & Collectibles, now ancestor: Vintage & Collectibles
中カテゴリーは前回と一緒
before descendant: Book, now descendant: Book
before ancestor: Vintage & Collectibles, now ancestor: Vintage & Collectibles
前回と大カテゴリーが一緒
before ancestor: Vintage & Collectibles, now ancestor: Vintage & Collectibles
中カテゴリーは前回と一緒
before descendant: Book, now descendant: Book
before ancestor: Vintage & Collectibles, now ancestor: Vintage & Collectibles
前回と大カテゴリーが一緒
before ancestor: Vintage & Collectibles, now ancestor: Vintage & Collectibles
中カテゴリーは前回と一緒
before descendant: Book, now descendant: Book
before ancestor: Vintage & Collectibles, now ancestor: Vintage & Collectibles
前回と大カテゴリーが一緒
before ancestor: Vintage & Collectibles, now ancestor: Vintage & Collectibles
中カテゴリーは前回と一緒
before descendant: Book, now descendant: Book
before ancestor: Vintage & Collectibles, now ancestor: Vintage & Collectibles
前回と大カテゴリーが一緒
before ancestor: Vintage & Collectibles, now ancestor: Vintage & Collectibles
中カテゴリーは前回と一緒
before descendant: Book, now descendant: Book
before ancestor: Vintage & Collectibles, now ancestor: Vintage & Collectibles
前回と大カテゴリーが一緒
before ancestor: Vintage & Collectibles, now ancestor: Vintage & Collectibles
中カテゴリーは前回と一緒
before descendant: Book, now descendant: Book
before ancestor: Vintage & Collectibles, now ancestor: Vintage & Collectibles
前回と大カテゴリーが一緒
before ancestor: Vintage & Collectibles, now ancestor: Vintage & Collectibles
中カテゴリーは前回と一緒
before descendant: Book, now descendant: Book
before ancestor: Vintage & Collectibles, now ancestor: Vintage & Collectibles
前回と大カテゴリーが一緒
before ancestor: Vintage & Collectibles, now ancestor: Vintage & Collectibles
中カテゴリーは前回と一緒
before descendant: Book, now descendant: Book
before ancestor: Vintage & Collectibles, now ancestor: Vintage & Collectibles
前回と大カテゴリーが一緒
before ancestor: Vintage & Collectibles, now ancestor: Vintage & Collectibles
中カテゴリーは前回と一緒
before descendant: Book, now descendant: Book
before ancestor: Vintage & Collectibles, now ancestor: Vintage & Collectibles
前回と大カテゴリーが一緒
before ancestor: Vintage & Collectibles, now ancestor: Vintage & Collectibles
中カテゴリーは前回と一緒
before descendant: Book, now descendant: Book
before ancestor: Vintage & Collectibles, now ancestor: Vintage & Collectibles
前回と大カテゴリーが一緒
before ancestor: Vintage & Collectibles, now ancestor: Vintage & Collectibles
前回と中カテゴリーが一緒
before descendant: Book, now descendant: Clothing
before ancestor: Vintage & Collectibles, now ancestor: Vintage & Collectibles
前回と大カテゴリーが一緒
before ancestor: Vintage & Collectibles, now ancestor: Vintage & Collectibles
中カテゴリーは前回と一緒
before descendant: Clothing, now descendant: Clothing
before ancestor: Vintage & Collectibles, now ancestor: Vintage & Collectibles
前回と大カテゴリーが一緒
before ancestor: Vintage & Collectibles, now ancestor: Vintage & Collectibles
中カテゴリーは前回と一緒
before descendant: Clothing, now descendant: Clothing
before ancestor: Vintage & Collectibles, now ancestor: Vintage & Collectibles
前回と大カテゴリーが一緒
before ancestor: Vintage & Collectibles, now ancestor: Vintage & Collectibles
中カテゴリーは前回と一緒
before descendant: Clothing, now descendant: Clothing
before ancestor: Vintage & Collectibles, now ancestor: Vintage & Collectibles
前回と大カテゴリーが一緒
before ancestor: Vintage & Collectibles, now ancestor: Vintage & Collectibles
中カテゴリーは前回と一緒
before descendant: Clothing, now descendant: Clothing
before ancestor: Vintage & Collectibles, now ancestor: Vintage & Collectibles
前回と大カテゴリーが一緒
before ancestor: Vintage & Collectibles, now ancestor: Vintage & Collectibles
中カテゴリーは前回と一緒
before descendant: Clothing, now descendant: Clothing
before ancestor: Vintage & Collectibles, now ancestor: Vintage & Collectibles
前回と大カテゴリーが一緒
before ancestor: Vintage & Collectibles, now ancestor: Vintage & Collectibles
中カテゴリーは前回と一緒
before descendant: Clothing, now descendant: Clothing
before ancestor: Vintage & Collectibles, now ancestor: Vintage & Collectibles
前回と大カテゴリーが一緒
before ancestor: Vintage & Collectibles, now ancestor: Vintage & Collectibles
中カテゴリーは前回と一緒
before descendant: Clothing, now descendant: Clothing
before ancestor: Vintage & Collectibles, now ancestor: Vintage & Collectibles
前回と大カテゴリーが一緒
before ancestor: Vintage & Collectibles, now ancestor: Vintage & Collectibles
中カテゴリーは前回と一緒
before descendant: Clothing, now descendant: Clothing
before ancestor: Vintage & Collectibles, now ancestor: Vintage & Collectibles
前回と大カテゴリーが一緒
before ancestor: Vintage & Collectibles, now ancestor: Vintage & Collectibles
中カテゴリーは前回と一緒
before descendant: Clothing, now descendant: Clothing
before ancestor: Vintage & Collectibles, now ancestor: Vintage & Collectibles
前回と大カテゴリーが一緒
before ancestor: Vintage & Collectibles, now ancestor: Vintage & Collectibles
中カテゴリーは前回と一緒
before descendant: Clothing, now descendant: Clothing
before ancestor: Vintage & Collectibles, now ancestor: Vintage & Collectibles
前回と大カテゴリーが一緒
before ancestor: Vintage & Collectibles, now ancestor: Vintage & Collectibles
中カテゴリーは前回と一緒
before descendant: Clothing, now descendant: Clothing
before ancestor: Vintage & Collectibles, now ancestor: Vintage & Collectibles
前回と大カテゴリーが一緒
before ancestor: Vintage & Collectibles, now ancestor: Vintage & Collectibles
中カテゴリーは前回と一緒
before descendant: Clothing, now descendant: Clothing
before ancestor: Vintage & Collectibles, now ancestor: Vintage & Collectibles
前回と大カテゴリーが一緒
before ancestor: Vintage & Collectibles, now ancestor: Vintage & Collectibles
中カテゴリーは前回と一緒
before descendant: Clothing, now descendant: Clothing
before ancestor: Vintage & Collectibles, now ancestor: Vintage & Collectibles
前回と大カテゴリーが一緒
before ancestor: Vintage & Collectibles, now ancestor: Vintage & Collectibles
中カテゴリーは前回と一緒
before descendant: Clothing, now descendant: Clothing
before ancestor: Vintage & Collectibles, now ancestor: Vintage & Collectibles
前回と大カテゴリーが一緒
before ancestor: Vintage & Collectibles, now ancestor: Vintage & Collectibles
中カテゴリーは前回と一緒
before descendant: Clothing, now descendant: Clothing
before ancestor: Vintage & Collectibles, now ancestor: Vintage & Collectibles
前回と大カテゴリーが一緒
before ancestor: Vintage & Collectibles, now ancestor: Vintage & Collectibles
中カテゴリーは前回と一緒
before descendant: Clothing, now descendant: Clothing
before ancestor: Vintage & Collectibles, now ancestor: Vintage & Collectibles
前回と大カテゴリーが一緒
before ancestor: Vintage & Collectibles, now ancestor: Vintage & Collectibles
前回と中カテゴリーが一緒
before descendant: Clothing, now descendant: Collectibles
before ancestor: Vintage & Collectibles, now ancestor: Vintage & Collectibles
前回と大カテゴリーが一緒
before ancestor: Vintage & Collectibles, now ancestor: Vintage & Collectibles
中カテゴリーは前回と一緒
before descendant: Collectibles, now descendant: Collectibles
before ancestor: Vintage & Collectibles, now ancestor: Vintage & Collectibles
前回と大カテゴリーが一緒
before ancestor: Vintage & Collectibles, now ancestor: Vintage & Collectibles
中カテゴリーは前回と一緒
before descendant: Collectibles, now descendant: Collectibles
before ancestor: Vintage & Collectibles, now ancestor: Vintage & Collectibles
前回と大カテゴリーが一緒
before ancestor: Vintage & Collectibles, now ancestor: Vintage & Collectibles
中カテゴリーは前回と一緒
before descendant: Collectibles, now descendant: Collectibles
before ancestor: Vintage & Collectibles, now ancestor: Vintage & Collectibles
前回と大カテゴリーが一緒
before ancestor: Vintage & Collectibles, now ancestor: Vintage & Collectibles
中カテゴリーは前回と一緒
before descendant: Collectibles, now descendant: Collectibles
before ancestor: Vintage & Collectibles, now ancestor: Vintage & Collectibles
前回と大カテゴリーが一緒
before ancestor: Vintage & Collectibles, now ancestor: Vintage & Collectibles
中カテゴリーは前回と一緒
before descendant: Collectibles, now descendant: Collectibles
before ancestor: Vintage & Collectibles, now ancestor: Vintage & Collectibles
前回と大カテゴリーが一緒
before ancestor: Vintage & Collectibles, now ancestor: Vintage & Collectibles
前回と中カテゴリーが一緒
before descendant: Collectibles, now descendant: Electronics
before ancestor: Vintage & Collectibles, now ancestor: Vintage & Collectibles
前回と大カテゴリーが一緒
before ancestor: Vintage & Collectibles, now ancestor: Vintage & Collectibles
中カテゴリーは前回と一緒
before descendant: Electronics, now descendant: Electronics
before ancestor: Vintage & Collectibles, now ancestor: Vintage & Collectibles
前回と大カテゴリーが一緒
before ancestor: Vintage & Collectibles, now ancestor: Vintage & Collectibles
中カテゴリーは前回と一緒
before descendant: Electronics, now descendant: Electronics
before ancestor: Vintage & Collectibles, now ancestor: Vintage & Collectibles
前回と大カテゴリーが一緒
before ancestor: Vintage & Collectibles, now ancestor: Vintage & Collectibles
中カテゴリーは前回と一緒
before descendant: Electronics, now descendant: Electronics
before ancestor: Vintage & Collectibles, now ancestor: Vintage & Collectibles
前回と大カテゴリーが一緒
before ancestor: Vintage & Collectibles, now ancestor: Vintage & Collectibles
中カテゴリーは前回と一緒
before descendant: Electronics, now descendant: Electronics
before ancestor: Vintage & Collectibles, now ancestor: Vintage & Collectibles
前回と大カテゴリーが一緒
before ancestor: Vintage & Collectibles, now ancestor: Vintage & Collectibles
中カテゴリーは前回と一緒
before descendant: Electronics, now descendant: Electronics
before ancestor: Vintage & Collectibles, now ancestor: Vintage & Collectibles
前回と大カテゴリーが一緒
before ancestor: Vintage & Collectibles, now ancestor: Vintage & Collectibles
中カテゴリーは前回と一緒
before descendant: Electronics, now descendant: Electronics
before ancestor: Vintage & Collectibles, now ancestor: Vintage & Collectibles
前回と大カテゴリーが一緒
before ancestor: Vintage & Collectibles, now ancestor: Vintage & Collectibles
中カテゴリーは前回と一緒
before descendant: Electronics, now descendant: Electronics
before ancestor: Vintage & Collectibles, now ancestor: Vintage & Collectibles
前回と大カテゴリーが一緒
before ancestor: Vintage & Collectibles, now ancestor: Vintage & Collectibles
前回と中カテゴリーが一緒
before descendant: Electronics, now descendant: Furniture
before ancestor: Vintage & Collectibles, now ancestor: Vintage & Collectibles
前回と大カテゴリーが一緒
before ancestor: Vintage & Collectibles, now ancestor: Vintage & Collectibles
中カテゴリーは前回と一緒
before descendant: Furniture, now descendant: Furniture
before ancestor: Vintage & Collectibles, now ancestor: Vintage & Collectibles
前回と大カテゴリーが一緒
before ancestor: Vintage & Collectibles, now ancestor: Vintage & Collectibles
中カテゴリーは前回と一緒
before descendant: Furniture, now descendant: Furniture
before ancestor: Vintage & Collectibles, now ancestor: Vintage & Collectibles
前回と大カテゴリーが一緒
before ancestor: Vintage & Collectibles, now ancestor: Vintage & Collectibles
中カテゴリーは前回と一緒
before descendant: Furniture, now descendant: Furniture
before ancestor: Vintage & Collectibles, now ancestor: Vintage & Collectibles
前回と大カテゴリーが一緒
before ancestor: Vintage & Collectibles, now ancestor: Vintage & Collectibles
中カテゴリーは前回と一緒
before descendant: Furniture, now descendant: Furniture
before ancestor: Vintage & Collectibles, now ancestor: Vintage & Collectibles
前回と大カテゴリーが一緒
before ancestor: Vintage & Collectibles, now ancestor: Vintage & Collectibles
中カテゴリーは前回と一緒
before descendant: Furniture, now descendant: Furniture
before ancestor: Vintage & Collectibles, now ancestor: Vintage & Collectibles
前回と大カテゴリーが一緒
before ancestor: Vintage & Collectibles, now ancestor: Vintage & Collectibles
前回と中カテゴリーが一緒
before descendant: Furniture, now descendant: Home Decor
before ancestor: Vintage & Collectibles, now ancestor: Vintage & Collectibles
前回と大カテゴリーが一緒
before ancestor: Vintage & Collectibles, now ancestor: Vintage & Collectibles
中カテゴリーは前回と一緒
before descendant: Home Decor, now descendant: Home Decor
before ancestor: Vintage & Collectibles, now ancestor: Vintage & Collectibles
前回と大カテゴリーが一緒
before ancestor: Vintage & Collectibles, now ancestor: Vintage & Collectibles
中カテゴリーは前回と一緒
before descendant: Home Decor, now descendant: Home Decor
before ancestor: Vintage & Collectibles, now ancestor: Vintage & Collectibles
前回と大カテゴリーが一緒
before ancestor: Vintage & Collectibles, now ancestor: Vintage & Collectibles
中カテゴリーは前回と一緒
before descendant: Home Decor, now descendant: Home Decor
before ancestor: Vintage & Collectibles, now ancestor: Vintage & Collectibles
前回と大カテゴリーが一緒
before ancestor: Vintage & Collectibles, now ancestor: Vintage & Collectibles
中カテゴリーは前回と一緒
before descendant: Home Decor, now descendant: Home Decor
before ancestor: Vintage & Collectibles, now ancestor: Vintage & Collectibles
前回と大カテゴリーが一緒
before ancestor: Vintage & Collectibles, now ancestor: Vintage & Collectibles
中カテゴリーは前回と一緒
before descendant: Home Decor, now descendant: Home Decor
before ancestor: Vintage & Collectibles, now ancestor: Vintage & Collectibles
前回と大カテゴリーが一緒
before ancestor: Vintage & Collectibles, now ancestor: Vintage & Collectibles
中カテゴリーは前回と一緒
before descendant: Home Decor, now descendant: Home Decor
before ancestor: Vintage & Collectibles, now ancestor: Vintage & Collectibles
前回と大カテゴリーが一緒
before ancestor: Vintage & Collectibles, now ancestor: Vintage & Collectibles
中カテゴリーは前回と一緒
before descendant: Home Decor, now descendant: Home Decor
before ancestor: Vintage & Collectibles, now ancestor: Vintage & Collectibles
前回と大カテゴリーが一緒
before ancestor: Vintage & Collectibles, now ancestor: Vintage & Collectibles
中カテゴリーは前回と一緒
before descendant: Home Decor, now descendant: Home Decor
before ancestor: Vintage & Collectibles, now ancestor: Vintage & Collectibles
前回と大カテゴリーが一緒
before ancestor: Vintage & Collectibles, now ancestor: Vintage & Collectibles
中カテゴリーは前回と一緒
before descendant: Home Decor, now descendant: Home Decor
before ancestor: Vintage & Collectibles, now ancestor: Vintage & Collectibles
前回と大カテゴリーが一緒
before ancestor: Vintage & Collectibles, now ancestor: Vintage & Collectibles
中カテゴリーは前回と一緒
before descendant: Home Decor, now descendant: Home Decor
before ancestor: Vintage & Collectibles, now ancestor: Vintage & Collectibles
前回と大カテゴリーが一緒
before ancestor: Vintage & Collectibles, now ancestor: Vintage & Collectibles
中カテゴリーは前回と一緒
before descendant: Home Decor, now descendant: Home Decor
before ancestor: Vintage & Collectibles, now ancestor: Vintage & Collectibles
前回と大カテゴリーが一緒
before ancestor: Vintage & Collectibles, now ancestor: Vintage & Collectibles
中カテゴリーは前回と一緒
before descendant: Home Decor, now descendant: Home Decor
before ancestor: Vintage & Collectibles, now ancestor: Vintage & Collectibles
前回と大カテゴリーが一緒
before ancestor: Vintage & Collectibles, now ancestor: Vintage & Collectibles
前回と中カテゴリーが一緒
before descendant: Home Decor, now descendant: Housewares
before ancestor: Vintage & Collectibles, now ancestor: Vintage & Collectibles
前回と大カテゴリーが一緒
before ancestor: Vintage & Collectibles, now ancestor: Vintage & Collectibles
中カテゴリーは前回と一緒
before descendant: Housewares, now descendant: Housewares
before ancestor: Vintage & Collectibles, now ancestor: Vintage & Collectibles
前回と大カテゴリーが一緒
before ancestor: Vintage & Collectibles, now ancestor: Vintage & Collectibles
中カテゴリーは前回と一緒
before descendant: Housewares, now descendant: Housewares
before ancestor: Vintage & Collectibles, now ancestor: Vintage & Collectibles
前回と大カテゴリーが一緒
before ancestor: Vintage & Collectibles, now ancestor: Vintage & Collectibles
中カテゴリーは前回と一緒
before descendant: Housewares, now descendant: Housewares
before ancestor: Vintage & Collectibles, now ancestor: Vintage & Collectibles
前回と大カテゴリーが一緒
before ancestor: Vintage & Collectibles, now ancestor: Vintage & Collectibles
中カテゴリーは前回と一緒
before descendant: Housewares, now descendant: Housewares
before ancestor: Vintage & Collectibles, now ancestor: Vintage & Collectibles
前回と大カテゴリーが一緒
before ancestor: Vintage & Collectibles, now ancestor: Vintage & Collectibles
中カテゴリーは前回と一緒
before descendant: Housewares, now descendant: Housewares
before ancestor: Vintage & Collectibles, now ancestor: Vintage & Collectibles
前回と大カテゴリーが一緒
before ancestor: Vintage & Collectibles, now ancestor: Vintage & Collectibles
中カテゴリーは前回と一緒
before descendant: Housewares, now descendant: Housewares
before ancestor: Vintage & Collectibles, now ancestor: Vintage & Collectibles
前回と大カテゴリーが一緒
before ancestor: Vintage & Collectibles, now ancestor: Vintage & Collectibles
中カテゴリーは前回と一緒
before descendant: Housewares, now descendant: Housewares
before ancestor: Vintage & Collectibles, now ancestor: Vintage & Collectibles
前回と大カテゴリーが一緒
before ancestor: Vintage & Collectibles, now ancestor: Vintage & Collectibles
中カテゴリーは前回と一緒
before descendant: Housewares, now descendant: Housewares
before ancestor: Vintage & Collectibles, now ancestor: Vintage & Collectibles
前回と大カテゴリーが一緒
before ancestor: Vintage & Collectibles, now ancestor: Vintage & Collectibles
中カテゴリーは前回と一緒
before descendant: Housewares, now descendant: Housewares
before ancestor: Vintage & Collectibles, now ancestor: Vintage & Collectibles
前回と大カテゴリーが一緒
before ancestor: Vintage & Collectibles, now ancestor: Vintage & Collectibles
中カテゴリーは前回と一緒
before descendant: Housewares, now descendant: Housewares
before ancestor: Vintage & Collectibles, now ancestor: Vintage & Collectibles
前回と大カテゴリーが一緒
before ancestor: Vintage & Collectibles, now ancestor: Vintage & Collectibles
中カテゴリーは前回と一緒
before descendant: Housewares, now descendant: Housewares
before ancestor: Vintage & Collectibles, now ancestor: Vintage & Collectibles
前回と大カテゴリーが一緒
before ancestor: Vintage & Collectibles, now ancestor: Vintage & Collectibles
中カテゴリーは前回と一緒
before descendant: Housewares, now descendant: Housewares
before ancestor: Vintage & Collectibles, now ancestor: Vintage & Collectibles
前回と大カテゴリーが一緒
before ancestor: Vintage & Collectibles, now ancestor: Vintage & Collectibles
中カテゴリーは前回と一緒
before descendant: Housewares, now descendant: Housewares
before ancestor: Vintage & Collectibles, now ancestor: Vintage & Collectibles
前回と大カテゴリーが一緒
before ancestor: Vintage & Collectibles, now ancestor: Vintage & Collectibles
前回と中カテゴリーが一緒
before descendant: Housewares, now descendant: Jewelry
before ancestor: Vintage & Collectibles, now ancestor: Vintage & Collectibles
前回と大カテゴリーが一緒
before ancestor: Vintage & Collectibles, now ancestor: Vintage & Collectibles
中カテゴリーは前回と一緒
before descendant: Jewelry, now descendant: Jewelry
before ancestor: Vintage & Collectibles, now ancestor: Vintage & Collectibles
前回と大カテゴリーが一緒
before ancestor: Vintage & Collectibles, now ancestor: Vintage & Collectibles
中カテゴリーは前回と一緒
before descendant: Jewelry, now descendant: Jewelry
before ancestor: Vintage & Collectibles, now ancestor: Vintage & Collectibles
前回と大カテゴリーが一緒
before ancestor: Vintage & Collectibles, now ancestor: Vintage & Collectibles
中カテゴリーは前回と一緒
before descendant: Jewelry, now descendant: Jewelry
before ancestor: Vintage & Collectibles, now ancestor: Vintage & Collectibles
前回と大カテゴリーが一緒
before ancestor: Vintage & Collectibles, now ancestor: Vintage & Collectibles
中カテゴリーは前回と一緒
before descendant: Jewelry, now descendant: Jewelry
before ancestor: Vintage & Collectibles, now ancestor: Vintage & Collectibles
前回と大カテゴリーが一緒
before ancestor: Vintage & Collectibles, now ancestor: Vintage & Collectibles
中カテゴリーは前回と一緒
before descendant: Jewelry, now descendant: Jewelry
before ancestor: Vintage & Collectibles, now ancestor: Vintage & Collectibles
前回と大カテゴリーが一緒
before ancestor: Vintage & Collectibles, now ancestor: Vintage & Collectibles
中カテゴリーは前回と一緒
before descendant: Jewelry, now descendant: Jewelry
before ancestor: Vintage & Collectibles, now ancestor: Vintage & Collectibles
前回と大カテゴリーが一緒
before ancestor: Vintage & Collectibles, now ancestor: Vintage & Collectibles
中カテゴリーは前回と一緒
before descendant: Jewelry, now descendant: Jewelry
before ancestor: Vintage & Collectibles, now ancestor: Vintage & Collectibles
前回と大カテゴリーが一緒
before ancestor: Vintage & Collectibles, now ancestor: Vintage & Collectibles
前回と中カテゴリーが一緒
before descendant: Jewelry, now descendant: Other
before ancestor: Vintage & Collectibles, now ancestor: Vintage & Collectibles
前回と大カテゴリーが一緒
before ancestor: Vintage & Collectibles, now ancestor: Vintage & Collectibles
前回と中カテゴリーが一緒
before descendant: Other, now descendant: Paper Ephemera
before ancestor: Vintage & Collectibles, now ancestor: Vintage & Collectibles
前回と大カテゴリーが一緒
before ancestor: Vintage & Collectibles, now ancestor: Vintage & Collectibles
中カテゴリーは前回と一緒
before descendant: Paper Ephemera, now descendant: Paper Ephemera
before ancestor: Vintage & Collectibles, now ancestor: Vintage & Collectibles
前回と大カテゴリーが一緒
before ancestor: Vintage & Collectibles, now ancestor: Vintage & Collectibles
中カテゴリーは前回と一緒
before descendant: Paper Ephemera, now descendant: Paper Ephemera
before ancestor: Vintage & Collectibles, now ancestor: Vintage & Collectibles
前回と大カテゴリーが一緒
before ancestor: Vintage & Collectibles, now ancestor: Vintage & Collectibles
中カテゴリーは前回と一緒
before descendant: Paper Ephemera, now descendant: Paper Ephemera
before ancestor: Vintage & Collectibles, now ancestor: Vintage & Collectibles
前回と大カテゴリーが一緒
before ancestor: Vintage & Collectibles, now ancestor: Vintage & Collectibles
中カテゴリーは前回と一緒
before descendant: Paper Ephemera, now descendant: Paper Ephemera
before ancestor: Vintage & Collectibles, now ancestor: Vintage & Collectibles
前回と大カテゴリーが一緒
before ancestor: Vintage & Collectibles, now ancestor: Vintage & Collectibles
中カテゴリーは前回と一緒
before descendant: Paper Ephemera, now descendant: Paper Ephemera
before ancestor: Vintage & Collectibles, now ancestor: Vintage & Collectibles
前回と大カテゴリーが一緒
before ancestor: Vintage & Collectibles, now ancestor: Vintage & Collectibles
前回と中カテゴリーが一緒
before descendant: Paper Ephemera, now descendant: Serving
before ancestor: Vintage & Collectibles, now ancestor: Vintage & Collectibles
前回と大カテゴリーが一緒
before ancestor: Vintage & Collectibles, now ancestor: Vintage & Collectibles
中カテゴリーは前回と一緒
before descendant: Serving, now descendant: Serving
before ancestor: Vintage & Collectibles, now ancestor: Vintage & Collectibles
前回と大カテゴリーが一緒
before ancestor: Vintage & Collectibles, now ancestor: Vintage & Collectibles
中カテゴリーは前回と一緒
before descendant: Serving, now descendant: Serving
before ancestor: Vintage & Collectibles, now ancestor: Vintage & Collectibles
前回と大カテゴリーが一緒
before ancestor: Vintage & Collectibles, now ancestor: Vintage & Collectibles
中カテゴリーは前回と一緒
before descendant: Serving, now descendant: Serving
before ancestor: Vintage & Collectibles, now ancestor: Vintage & Collectibles
前回と大カテゴリーが一緒
before ancestor: Vintage & Collectibles, now ancestor: Vintage & Collectibles
中カテゴリーは前回と一緒
before descendant: Serving, now descendant: Serving
before ancestor: Vintage & Collectibles, now ancestor: Vintage & Collectibles
前回と大カテゴリーが一緒
before ancestor: Vintage & Collectibles, now ancestor: Vintage & Collectibles
中カテゴリーは前回と一緒
before descendant: Serving, now descendant: Serving
before ancestor: Vintage & Collectibles, now ancestor: Vintage & Collectibles
前回と大カテゴリーが一緒
before ancestor: Vintage & Collectibles, now ancestor: Vintage & Collectibles
中カテゴリーは前回と一緒
before descendant: Serving, now descendant: Serving
before ancestor: Vintage & Collectibles, now ancestor: Vintage & Collectibles
前回と大カテゴリーが一緒
before ancestor: Vintage & Collectibles, now ancestor: Vintage & Collectibles
中カテゴリーは前回と一緒
before descendant: Serving, now descendant: Serving
before ancestor: Vintage & Collectibles, now ancestor: Vintage & Collectibles
前回と大カテゴリーが一緒
before ancestor: Vintage & Collectibles, now ancestor: Vintage & Collectibles
中カテゴリーは前回と一緒
before descendant: Serving, now descendant: Serving
before ancestor: Vintage & Collectibles, now ancestor: Vintage & Collectibles
前回と大カテゴリーが一緒
before ancestor: Vintage & Collectibles, now ancestor: Vintage & Collectibles
中カテゴリーは前回と一緒
before descendant: Serving, now descendant: Serving
before ancestor: Vintage & Collectibles, now ancestor: Vintage & Collectibles
前回と大カテゴリーが一緒
before ancestor: Vintage & Collectibles, now ancestor: Vintage & Collectibles
中カテゴリーは前回と一緒
before descendant: Serving, now descendant: Serving
before ancestor: Vintage & Collectibles, now ancestor: Vintage & Collectibles
前回と大カテゴリーが一緒
before ancestor: Vintage & Collectibles, now ancestor: Vintage & Collectibles
中カテゴリーは前回と一緒
before descendant: Serving, now descendant: Serving
before ancestor: Vintage & Collectibles, now ancestor: Vintage & Collectibles
前回と大カテゴリーが一緒
before ancestor: Vintage & Collectibles, now ancestor: Vintage & Collectibles
中カテゴリーは前回と一緒
before descendant: Serving, now descendant: Serving
before ancestor: Vintage & Collectibles, now ancestor: Vintage & Collectibles
前回と大カテゴリーが一緒
before ancestor: Vintage & Collectibles, now ancestor: Vintage & Collectibles
中カテゴリーは前回と一緒
before descendant: Serving, now descendant: Serving
before ancestor: Vintage & Collectibles, now ancestor: Vintage & Collectibles
前回と大カテゴリーが一緒
before ancestor: Vintage & Collectibles, now ancestor: Vintage & Collectibles
中カテゴリーは前回と一緒
before descendant: Serving, now descendant: Serving
before ancestor: Vintage & Collectibles, now ancestor: Vintage & Collectibles
前回と大カテゴリーが一緒
before ancestor: Vintage & Collectibles, now ancestor: Vintage & Collectibles
中カテゴリーは前回と一緒
before descendant: Serving, now descendant: Serving
before ancestor: Vintage & Collectibles, now ancestor: Vintage & Collectibles
前回と大カテゴリーが一緒
before ancestor: Vintage & Collectibles, now ancestor: Vintage & Collectibles
中カテゴリーは前回と一緒
before descendant: Serving, now descendant: Serving
before ancestor: Vintage & Collectibles, now ancestor: Vintage & Collectibles
前回と大カテゴリーが一緒
before ancestor: Vintage & Collectibles, now ancestor: Vintage & Collectibles
前回と中カテゴリーが一緒
before descendant: Serving, now descendant: Supplies
before ancestor: Vintage & Collectibles, now ancestor: Vintage & Collectibles
前回と大カテゴリーが一緒
before ancestor: Vintage & Collectibles, now ancestor: Vintage & Collectibles
中カテゴリーは前回と一緒
before descendant: Supplies, now descendant: Supplies
before ancestor: Vintage & Collectibles, now ancestor: Vintage & Collectibles
前回と大カテゴリーが一緒
before ancestor: Vintage & Collectibles, now ancestor: Vintage & Collectibles
中カテゴリーは前回と一緒
before descendant: Supplies, now descendant: Supplies
before ancestor: Vintage & Collectibles, now ancestor: Vintage & Collectibles
前回と大カテゴリーが一緒
before ancestor: Vintage & Collectibles, now ancestor: Vintage & Collectibles
中カテゴリーは前回と一緒
before descendant: Supplies, now descendant: Supplies
before ancestor: Vintage & Collectibles, now ancestor: Vintage & Collectibles
前回と大カテゴリーが一緒
before ancestor: Vintage & Collectibles, now ancestor: Vintage & Collectibles
中カテゴリーは前回と一緒
before descendant: Supplies, now descendant: Supplies
before ancestor: Vintage & Collectibles, now ancestor: Vintage & Collectibles
前回と大カテゴリーが一緒
before ancestor: Vintage & Collectibles, now ancestor: Vintage & Collectibles
中カテゴリーは前回と一緒
before descendant: Supplies, now descendant: Supplies
before ancestor: Vintage & Collectibles, now ancestor: Vintage & Collectibles
前回と大カテゴリーが一緒
before ancestor: Vintage & Collectibles, now ancestor: Vintage & Collectibles
中カテゴリーは前回と一緒
before descendant: Supplies, now descendant: Supplies
before ancestor: Vintage & Collectibles, now ancestor: Vintage & Collectibles
前回と大カテゴリーが一緒
before ancestor: Vintage & Collectibles, now ancestor: Vintage & Collectibles
中カテゴリーは前回と一緒
before descendant: Supplies, now descendant: Supplies
before ancestor: Vintage & Collectibles, now ancestor: Vintage & Collectibles
前回と大カテゴリーが一緒
before ancestor: Vintage & Collectibles, now ancestor: Vintage & Collectibles
中カテゴリーは前回と一緒
before descendant: Supplies, now descendant: Supplies
before ancestor: Vintage & Collectibles, now ancestor: Vintage & Collectibles
前回と大カテゴリーが一緒
before ancestor: Vintage & Collectibles, now ancestor: Vintage & Collectibles
中カテゴリーは前回と一緒
before descendant: Supplies, now descendant: Supplies
before ancestor: Vintage & Collectibles, now ancestor: Vintage & Collectibles
前回と大カテゴリーが一緒
before ancestor: Vintage & Collectibles, now ancestor: Vintage & Collectibles
中カテゴリーは前回と一緒
before descendant: Supplies, now descendant: Supplies
before ancestor: Vintage & Collectibles, now ancestor: Vintage & Collectibles
前回と大カテゴリーが一緒
before ancestor: Vintage & Collectibles, now ancestor: Vintage & Collectibles
中カテゴリーは前回と一緒
before descendant: Supplies, now descendant: Supplies
before ancestor: Vintage & Collectibles, now ancestor: Vintage & Collectibles
前回と大カテゴリーが一緒
before ancestor: Vintage & Collectibles, now ancestor: Vintage & Collectibles
中カテゴリーは前回と一緒
before descendant: Supplies, now descendant: Supplies
before ancestor: Vintage & Collectibles, now ancestor: Vintage & Collectibles
前回と大カテゴリーが一緒
before ancestor: Vintage & Collectibles, now ancestor: Vintage & Collectibles
前回と中カテゴリーが一緒
before descendant: Supplies, now descendant: Toy
before ancestor: Vintage & Collectibles, now ancestor: Vintage & Collectibles
前回と大カテゴリーが一緒
before ancestor: Vintage & Collectibles, now ancestor: Vintage & Collectibles
中カテゴリーは前回と一緒
before descendant: Toy, now descendant: Toy
before ancestor: Vintage & Collectibles, now ancestor: Vintage & Collectibles
前回と大カテゴリーが一緒
before ancestor: Vintage & Collectibles, now ancestor: Vintage & Collectibles
中カテゴリーは前回と一緒
before descendant: Toy, now descendant: Toy
before ancestor: Vintage & Collectibles, now ancestor: Vintage & Collectibles
前回と大カテゴリーが一緒
before ancestor: Vintage & Collectibles, now ancestor: Vintage & Collectibles
中カテゴリーは前回と一緒
before descendant: Toy, now descendant: Toy
before ancestor: Vintage & Collectibles, now ancestor: Vintage & Collectibles
前回と大カテゴリーが一緒
before ancestor: Vintage & Collectibles, now ancestor: Vintage & Collectibles
中カテゴリーは前回と一緒
before descendant: Toy, now descendant: Toy
before ancestor: Vintage & Collectibles, now ancestor: Vintage & Collectibles
前回と大カテゴリーが一緒
before ancestor: Vintage & Collectibles, now ancestor: Vintage & Collectibles
中カテゴリーは前回と一緒
before descendant: Toy, now descendant: Toy
before ancestor: Vintage & Collectibles, now ancestor: Vintage & Collectibles
前回と大カテゴリーが一緒
before ancestor: Vintage & Collectibles, now ancestor: Vintage & Collectibles
中カテゴリーは前回と一緒
before descendant: Toy, now descendant: Toy
before ancestor: Vintage & Collectibles, now ancestor: Vintage & Collectibles
前回と大カテゴリーが一緒
before ancestor: Vintage & Collectibles, now ancestor: Vintage & Collectibles
中カテゴリーは前回と一緒
before descendant: Toy, now descendant: Toy
before ancestor: Vintage & Collectibles, now ancestor: Vintage & Collectibles
前回と大カテゴリーが一緒
before ancestor: Vintage & Collectibles, now ancestor: Vintage & Collectibles
中カテゴリーは前回と一緒
before descendant: Toy, now descendant: Toy
before ancestor: Vintage & Collectibles, now ancestor: Vintage & Collectibles
前回と大カテゴリーが一緒
before ancestor: Vintage & Collectibles, now ancestor: Vintage & Collectibles
中カテゴリーは前回と一緒
before descendant: Toy, now descendant: Toy
before ancestor: Vintage & Collectibles, now ancestor: Vintage & Collectibles
前回と大カテゴリーが一緒
before ancestor: Vintage & Collectibles, now ancestor: Vintage & Collectibles
中カテゴリーは前回と一緒
before descendant: Toy, now descendant: Toy
before ancestor: Vintage & Collectibles, now ancestor: Vintage & Collectibles
前回と大カテゴリーが一緒
before ancestor: Vintage & Collectibles, now ancestor: Vintage & Collectibles
前回と中カテゴリーが一緒
before descendant: Toy, now descendant: Trading Cards
before ancestor: Vintage & Collectibles, now ancestor: Vintage & Collectibles
前回と大カテゴリーが一緒
before ancestor: Vintage & Collectibles, now ancestor: Vintage & Collectibles
中カテゴリーは前回と一緒
before descendant: Trading Cards, now descendant: Trading Cards
before ancestor: Vintage & Collectibles, now ancestor: Vintage & Collectibles
前回と大カテゴリーが一緒
before ancestor: Vintage & Collectibles, now ancestor: Vintage & Collectibles
中カテゴリーは前回と一緒
before descendant: Trading Cards, now descendant: Trading Cards
before ancestor: Vintage & Collectibles, now ancestor: Vintage & Collectibles
前回と大カテゴリーが一緒
before ancestor: Vintage & Collectibles, now ancestor: Vintage & Collectibles
中カテゴリーは前回と一緒
before descendant: Trading Cards, now descendant: Trading Cards
before ancestor: Vintage & Collectibles, now ancestor: Vintage & Collectibles
前回と大カテゴリーが一緒
before ancestor: Vintage & Collectibles, now ancestor: Vintage & Collectibles
中カテゴリーは前回と一緒
before descendant: Trading Cards, now descendant: Trading Cards
before ancestor: Vintage & Collectibles, now ancestor: Vintage & Collectibles
前回と大カテゴリーが一緒
before ancestor: Vintage & Collectibles, now ancestor: Vintage & Collectibles
中カテゴリーは前回と一緒
before descendant: Trading Cards, now descendant: Trading Cards
before ancestor: Vintage & Collectibles, now ancestor: Vintage & Collectibles
前回と大カテゴリーが一緒
before ancestor: Vintage & Collectibles, now ancestor: Vintage & Collectibles
中カテゴリーは前回と一緒
before descendant: Trading Cards, now descendant: Trading Cards
before ancestor: Vintage & Collectibles, now ancestor: Vintage & Collectibles
前回と大カテゴリーが一緒
before ancestor: Vintage & Collectibles, now ancestor: Vintage & Collectibles
中カテゴリーは前回と一緒
before descendant: Trading Cards, now descendant: Trading Cards
before ancestor: Vintage & Collectibles, now ancestor: Vintage & Collectibles
前回と大カテゴリーが一緒
before ancestor: Vintage & Collectibles, now ancestor: Vintage & Collectibles
中カテゴリーは前回と一緒
before descendant: Trading Cards, now descendant: Trading Cards
before ancestor: Vintage & Collectibles, now ancestor: Women
新しい大カテゴリーの登場
before ancestor: Vintage & Collectibles, now ancestor: Women
新しい中カテゴリーの登場
before descendant: Trading Cards, now descendant: Athletic Apparel
before ancestor: Women, now ancestor: Women
前回と大カテゴリーが一緒
before ancestor: Women, now ancestor: Women
中カテゴリーは前回と一緒
before descendant: Athletic Apparel, now descendant: Athletic Apparel
before ancestor: Women, now ancestor: Women
前回と大カテゴリーが一緒
before ancestor: Women, now ancestor: Women
中カテゴリーは前回と一緒
before descendant: Athletic Apparel, now descendant: Athletic Apparel
before ancestor: Women, now ancestor: Women
前回と大カテゴリーが一緒
before ancestor: Women, now ancestor: Women
中カテゴリーは前回と一緒
before descendant: Athletic Apparel, now descendant: Athletic Apparel
before ancestor: Women, now ancestor: Women
前回と大カテゴリーが一緒
before ancestor: Women, now ancestor: Women
中カテゴリーは前回と一緒
before descendant: Athletic Apparel, now descendant: Athletic Apparel
before ancestor: Women, now ancestor: Women
前回と大カテゴリーが一緒
before ancestor: Women, now ancestor: Women
中カテゴリーは前回と一緒
before descendant: Athletic Apparel, now descendant: Athletic Apparel
before ancestor: Women, now ancestor: Women
前回と大カテゴリーが一緒
before ancestor: Women, now ancestor: Women
中カテゴリーは前回と一緒
before descendant: Athletic Apparel, now descendant: Athletic Apparel
before ancestor: Women, now ancestor: Women
前回と大カテゴリーが一緒
before ancestor: Women, now ancestor: Women
中カテゴリーは前回と一緒
before descendant: Athletic Apparel, now descendant: Athletic Apparel
before ancestor: Women, now ancestor: Women
前回と大カテゴリーが一緒
before ancestor: Women, now ancestor: Women
中カテゴリーは前回と一緒
before descendant: Athletic Apparel, now descendant: Athletic Apparel
before ancestor: Women, now ancestor: Women
前回と大カテゴリーが一緒
before ancestor: Women, now ancestor: Women
中カテゴリーは前回と一緒
before descendant: Athletic Apparel, now descendant: Athletic Apparel
before ancestor: Women, now ancestor: Women
前回と大カテゴリーが一緒
before ancestor: Women, now ancestor: Women
中カテゴリーは前回と一緒
before descendant: Athletic Apparel, now descendant: Athletic Apparel
before ancestor: Women, now ancestor: Women
前回と大カテゴリーが一緒
before ancestor: Women, now ancestor: Women
中カテゴリーは前回と一緒
before descendant: Athletic Apparel, now descendant: Athletic Apparel
before ancestor: Women, now ancestor: Women
前回と大カテゴリーが一緒
before ancestor: Women, now ancestor: Women
前回と中カテゴリーが一緒
before descendant: Athletic Apparel, now descendant: Coats & Jackets
before ancestor: Women, now ancestor: Women
前回と大カテゴリーが一緒
before ancestor: Women, now ancestor: Women
中カテゴリーは前回と一緒
before descendant: Coats & Jackets, now descendant: Coats & Jackets
before ancestor: Women, now ancestor: Women
前回と大カテゴリーが一緒
before ancestor: Women, now ancestor: Women
中カテゴリーは前回と一緒
before descendant: Coats & Jackets, now descendant: Coats & Jackets
before ancestor: Women, now ancestor: Women
前回と大カテゴリーが一緒
before ancestor: Women, now ancestor: Women
中カテゴリーは前回と一緒
before descendant: Coats & Jackets, now descendant: Coats & Jackets
before ancestor: Women, now ancestor: Women
前回と大カテゴリーが一緒
before ancestor: Women, now ancestor: Women
中カテゴリーは前回と一緒
before descendant: Coats & Jackets, now descendant: Coats & Jackets
before ancestor: Women, now ancestor: Women
前回と大カテゴリーが一緒
before ancestor: Women, now ancestor: Women
中カテゴリーは前回と一緒
before descendant: Coats & Jackets, now descendant: Coats & Jackets
before ancestor: Women, now ancestor: Women
前回と大カテゴリーが一緒
before ancestor: Women, now ancestor: Women
中カテゴリーは前回と一緒
before descendant: Coats & Jackets, now descendant: Coats & Jackets
before ancestor: Women, now ancestor: Women
前回と大カテゴリーが一緒
before ancestor: Women, now ancestor: Women
中カテゴリーは前回と一緒
before descendant: Coats & Jackets, now descendant: Coats & Jackets
before ancestor: Women, now ancestor: Women
前回と大カテゴリーが一緒
before ancestor: Women, now ancestor: Women
中カテゴリーは前回と一緒
before descendant: Coats & Jackets, now descendant: Coats & Jackets
before ancestor: Women, now ancestor: Women
前回と大カテゴリーが一緒
before ancestor: Women, now ancestor: Women
中カテゴリーは前回と一緒
before descendant: Coats & Jackets, now descendant: Coats & Jackets
before ancestor: Women, now ancestor: Women
前回と大カテゴリーが一緒
before ancestor: Women, now ancestor: Women
中カテゴリーは前回と一緒
before descendant: Coats & Jackets, now descendant: Coats & Jackets
before ancestor: Women, now ancestor: Women
前回と大カテゴリーが一緒
before ancestor: Women, now ancestor: Women
中カテゴリーは前回と一緒
before descendant: Coats & Jackets, now descendant: Coats & Jackets
before ancestor: Women, now ancestor: Women
前回と大カテゴリーが一緒
before ancestor: Women, now ancestor: Women
中カテゴリーは前回と一緒
before descendant: Coats & Jackets, now descendant: Coats & Jackets
before ancestor: Women, now ancestor: Women
前回と大カテゴリーが一緒
before ancestor: Women, now ancestor: Women
中カテゴリーは前回と一緒
before descendant: Coats & Jackets, now descendant: Coats & Jackets
before ancestor: Women, now ancestor: Women
前回と大カテゴリーが一緒
before ancestor: Women, now ancestor: Women
中カテゴリーは前回と一緒
before descendant: Coats & Jackets, now descendant: Coats & Jackets
before ancestor: Women, now ancestor: Women
前回と大カテゴリーが一緒
before ancestor: Women, now ancestor: Women
前回と中カテゴリーが一緒
before descendant: Coats & Jackets, now descendant: Dresses
before ancestor: Women, now ancestor: Women
前回と大カテゴリーが一緒
before ancestor: Women, now ancestor: Women
中カテゴリーは前回と一緒
before descendant: Dresses, now descendant: Dresses
before ancestor: Women, now ancestor: Women
前回と大カテゴリーが一緒
before ancestor: Women, now ancestor: Women
中カテゴリーは前回と一緒
before descendant: Dresses, now descendant: Dresses
before ancestor: Women, now ancestor: Women
前回と大カテゴリーが一緒
before ancestor: Women, now ancestor: Women
中カテゴリーは前回と一緒
before descendant: Dresses, now descendant: Dresses
before ancestor: Women, now ancestor: Women
前回と大カテゴリーが一緒
before ancestor: Women, now ancestor: Women
中カテゴリーは前回と一緒
before descendant: Dresses, now descendant: Dresses
before ancestor: Women, now ancestor: Women
前回と大カテゴリーが一緒
before ancestor: Women, now ancestor: Women
中カテゴリーは前回と一緒
before descendant: Dresses, now descendant: Dresses
before ancestor: Women, now ancestor: Women
前回と大カテゴリーが一緒
before ancestor: Women, now ancestor: Women
前回と中カテゴリーが一緒
before descendant: Dresses, now descendant: Jeans
before ancestor: Women, now ancestor: Women
前回と大カテゴリーが一緒
before ancestor: Women, now ancestor: Women
中カテゴリーは前回と一緒
before descendant: Jeans, now descendant: Jeans
before ancestor: Women, now ancestor: Women
前回と大カテゴリーが一緒
before ancestor: Women, now ancestor: Women
中カテゴリーは前回と一緒
before descendant: Jeans, now descendant: Jeans
before ancestor: Women, now ancestor: Women
前回と大カテゴリーが一緒
before ancestor: Women, now ancestor: Women
中カテゴリーは前回と一緒
before descendant: Jeans, now descendant: Jeans
before ancestor: Women, now ancestor: Women
前回と大カテゴリーが一緒
before ancestor: Women, now ancestor: Women
中カテゴリーは前回と一緒
before descendant: Jeans, now descendant: Jeans
before ancestor: Women, now ancestor: Women
前回と大カテゴリーが一緒
before ancestor: Women, now ancestor: Women
中カテゴリーは前回と一緒
before descendant: Jeans, now descendant: Jeans
before ancestor: Women, now ancestor: Women
前回と大カテゴリーが一緒
before ancestor: Women, now ancestor: Women
中カテゴリーは前回と一緒
before descendant: Jeans, now descendant: Jeans
before ancestor: Women, now ancestor: Women
前回と大カテゴリーが一緒
before ancestor: Women, now ancestor: Women
中カテゴリーは前回と一緒
before descendant: Jeans, now descendant: Jeans
before ancestor: Women, now ancestor: Women
前回と大カテゴリーが一緒
before ancestor: Women, now ancestor: Women
中カテゴリーは前回と一緒
before descendant: Jeans, now descendant: Jeans
before ancestor: Women, now ancestor: Women
前回と大カテゴリーが一緒
before ancestor: Women, now ancestor: Women
中カテゴリーは前回と一緒
before descendant: Jeans, now descendant: Jeans
before ancestor: Women, now ancestor: Women
前回と大カテゴリーが一緒
before ancestor: Women, now ancestor: Women
中カテゴリーは前回と一緒
before descendant: Jeans, now descendant: Jeans
before ancestor: Women, now ancestor: Women
前回と大カテゴリーが一緒
before ancestor: Women, now ancestor: Women
中カテゴリーは前回と一緒
before descendant: Jeans, now descendant: Jeans
before ancestor: Women, now ancestor: Women
前回と大カテゴリーが一緒
before ancestor: Women, now ancestor: Women
前回と中カテゴリーが一緒
before descendant: Jeans, now descendant: Jewelry
before ancestor: Women, now ancestor: Women
前回と大カテゴリーが一緒
before ancestor: Women, now ancestor: Women
中カテゴリーは前回と一緒
before descendant: Jewelry, now descendant: Jewelry
before ancestor: Women, now ancestor: Women
前回と大カテゴリーが一緒
before ancestor: Women, now ancestor: Women
中カテゴリーは前回と一緒
before descendant: Jewelry, now descendant: Jewelry
before ancestor: Women, now ancestor: Women
前回と大カテゴリーが一緒
before ancestor: Women, now ancestor: Women
中カテゴリーは前回と一緒
before descendant: Jewelry, now descendant: Jewelry
before ancestor: Women, now ancestor: Women
前回と大カテゴリーが一緒
before ancestor: Women, now ancestor: Women
前回と中カテゴリーが一緒
before descendant: Jewelry, now descendant: Maternity
before ancestor: Women, now ancestor: Women
前回と大カテゴリーが一緒
before ancestor: Women, now ancestor: Women
中カテゴリーは前回と一緒
before descendant: Maternity, now descendant: Maternity
before ancestor: Women, now ancestor: Women
前回と大カテゴリーが一緒
before ancestor: Women, now ancestor: Women
中カテゴリーは前回と一緒
before descendant: Maternity, now descendant: Maternity
before ancestor: Women, now ancestor: Women
前回と大カテゴリーが一緒
before ancestor: Women, now ancestor: Women
中カテゴリーは前回と一緒
before descendant: Maternity, now descendant: Maternity
before ancestor: Women, now ancestor: Women
前回と大カテゴリーが一緒
before ancestor: Women, now ancestor: Women
中カテゴリーは前回と一緒
before descendant: Maternity, now descendant: Maternity
before ancestor: Women, now ancestor: Women
前回と大カテゴリーが一緒
before ancestor: Women, now ancestor: Women
中カテゴリーは前回と一緒
before descendant: Maternity, now descendant: Maternity
before ancestor: Women, now ancestor: Women
前回と大カテゴリーが一緒
before ancestor: Women, now ancestor: Women
中カテゴリーは前回と一緒
before descendant: Maternity, now descendant: Maternity
before ancestor: Women, now ancestor: Women
前回と大カテゴリーが一緒
before ancestor: Women, now ancestor: Women
中カテゴリーは前回と一緒
before descendant: Maternity, now descendant: Maternity
before ancestor: Women, now ancestor: Women
前回と大カテゴリーが一緒
before ancestor: Women, now ancestor: Women
中カテゴリーは前回と一緒
before descendant: Maternity, now descendant: Maternity
before ancestor: Women, now ancestor: Women
前回と大カテゴリーが一緒
before ancestor: Women, now ancestor: Women
中カテゴリーは前回と一緒
before descendant: Maternity, now descendant: Maternity
before ancestor: Women, now ancestor: Women
前回と大カテゴリーが一緒
before ancestor: Women, now ancestor: Women
前回と中カテゴリーが一緒
before descendant: Maternity, now descendant: Other
before ancestor: Women, now ancestor: Women
前回と大カテゴリーが一緒
before ancestor: Women, now ancestor: Women
前回と中カテゴリーが一緒
before descendant: Other, now descendant: Pants
before ancestor: Women, now ancestor: Women
前回と大カテゴリーが一緒
before ancestor: Women, now ancestor: Women
中カテゴリーは前回と一緒
before descendant: Pants, now descendant: Pants
before ancestor: Women, now ancestor: Women
前回と大カテゴリーが一緒
before ancestor: Women, now ancestor: Women
中カテゴリーは前回と一緒
before descendant: Pants, now descendant: Pants
before ancestor: Women, now ancestor: Women
前回と大カテゴリーが一緒
before ancestor: Women, now ancestor: Women
中カテゴリーは前回と一緒
before descendant: Pants, now descendant: Pants
before ancestor: Women, now ancestor: Women
前回と大カテゴリーが一緒
before ancestor: Women, now ancestor: Women
中カテゴリーは前回と一緒
before descendant: Pants, now descendant: Pants
before ancestor: Women, now ancestor: Women
前回と大カテゴリーが一緒
before ancestor: Women, now ancestor: Women
中カテゴリーは前回と一緒
before descendant: Pants, now descendant: Pants
before ancestor: Women, now ancestor: Women
前回と大カテゴリーが一緒
before ancestor: Women, now ancestor: Women
中カテゴリーは前回と一緒
before descendant: Pants, now descendant: Pants
before ancestor: Women, now ancestor: Women
前回と大カテゴリーが一緒
before ancestor: Women, now ancestor: Women
中カテゴリーは前回と一緒
before descendant: Pants, now descendant: Pants
before ancestor: Women, now ancestor: Women
前回と大カテゴリーが一緒
before ancestor: Women, now ancestor: Women
中カテゴリーは前回と一緒
before descendant: Pants, now descendant: Pants
before ancestor: Women, now ancestor: Women
前回と大カテゴリーが一緒
before ancestor: Women, now ancestor: Women
前回と中カテゴリーが一緒
before descendant: Pants, now descendant: Shoes
before ancestor: Women, now ancestor: Women
前回と大カテゴリーが一緒
before ancestor: Women, now ancestor: Women
中カテゴリーは前回と一緒
before descendant: Shoes, now descendant: Shoes
before ancestor: Women, now ancestor: Women
前回と大カテゴリーが一緒
before ancestor: Women, now ancestor: Women
中カテゴリーは前回と一緒
before descendant: Shoes, now descendant: Shoes
before ancestor: Women, now ancestor: Women
前回と大カテゴリーが一緒
before ancestor: Women, now ancestor: Women
中カテゴリーは前回と一緒
before descendant: Shoes, now descendant: Shoes
before ancestor: Women, now ancestor: Women
前回と大カテゴリーが一緒
before ancestor: Women, now ancestor: Women
中カテゴリーは前回と一緒
before descendant: Shoes, now descendant: Shoes
before ancestor: Women, now ancestor: Women
前回と大カテゴリーが一緒
before ancestor: Women, now ancestor: Women
中カテゴリーは前回と一緒
before descendant: Shoes, now descendant: Shoes
before ancestor: Women, now ancestor: Women
前回と大カテゴリーが一緒
before ancestor: Women, now ancestor: Women
中カテゴリーは前回と一緒
before descendant: Shoes, now descendant: Shoes
before ancestor: Women, now ancestor: Women
前回と大カテゴリーが一緒
before ancestor: Women, now ancestor: Women
中カテゴリーは前回と一緒
before descendant: Shoes, now descendant: Shoes
before ancestor: Women, now ancestor: Women
前回と大カテゴリーが一緒
before ancestor: Women, now ancestor: Women
中カテゴリーは前回と一緒
before descendant: Shoes, now descendant: Shoes
before ancestor: Women, now ancestor: Women
前回と大カテゴリーが一緒
before ancestor: Women, now ancestor: Women
中カテゴリーは前回と一緒
before descendant: Shoes, now descendant: Shoes
before ancestor: Women, now ancestor: Women
前回と大カテゴリーが一緒
before ancestor: Women, now ancestor: Women
中カテゴリーは前回と一緒
before descendant: Shoes, now descendant: Shoes
before ancestor: Women, now ancestor: Women
前回と大カテゴリーが一緒
before ancestor: Women, now ancestor: Women
中カテゴリーは前回と一緒
before descendant: Shoes, now descendant: Shoes
before ancestor: Women, now ancestor: Women
前回と大カテゴリーが一緒
before ancestor: Women, now ancestor: Women
中カテゴリーは前回と一緒
before descendant: Shoes, now descendant: Shoes
before ancestor: Women, now ancestor: Women
前回と大カテゴリーが一緒
before ancestor: Women, now ancestor: Women
前回と中カテゴリーが一緒
before descendant: Shoes, now descendant: Skirts
before ancestor: Women, now ancestor: Women
前回と大カテゴリーが一緒
before ancestor: Women, now ancestor: Women
中カテゴリーは前回と一緒
before descendant: Skirts, now descendant: Skirts
before ancestor: Women, now ancestor: Women
前回と大カテゴリーが一緒
before ancestor: Women, now ancestor: Women
中カテゴリーは前回と一緒
before descendant: Skirts, now descendant: Skirts
before ancestor: Women, now ancestor: Women
前回と大カテゴリーが一緒
before ancestor: Women, now ancestor: Women
中カテゴリーは前回と一緒
before descendant: Skirts, now descendant: Skirts
before ancestor: Women, now ancestor: Women
前回と大カテゴリーが一緒
before ancestor: Women, now ancestor: Women
中カテゴリーは前回と一緒
before descendant: Skirts, now descendant: Skirts
before ancestor: Women, now ancestor: Women
前回と大カテゴリーが一緒
before ancestor: Women, now ancestor: Women
中カテゴリーは前回と一緒
before descendant: Skirts, now descendant: Skirts
before ancestor: Women, now ancestor: Women
前回と大カテゴリーが一緒
before ancestor: Women, now ancestor: Women
中カテゴリーは前回と一緒
before descendant: Skirts, now descendant: Skirts
before ancestor: Women, now ancestor: Women
前回と大カテゴリーが一緒
before ancestor: Women, now ancestor: Women
中カテゴリーは前回と一緒
before descendant: Skirts, now descendant: Skirts
before ancestor: Women, now ancestor: Women
前回と大カテゴリーが一緒
before ancestor: Women, now ancestor: Women
中カテゴリーは前回と一緒
before descendant: Skirts, now descendant: Skirts
before ancestor: Women, now ancestor: Women
前回と大カテゴリーが一緒
before ancestor: Women, now ancestor: Women
中カテゴリーは前回と一緒
before descendant: Skirts, now descendant: Skirts
before ancestor: Women, now ancestor: Women
前回と大カテゴリーが一緒
before ancestor: Women, now ancestor: Women
中カテゴリーは前回と一緒
before descendant: Skirts, now descendant: Skirts
before ancestor: Women, now ancestor: Women
前回と大カテゴリーが一緒
before ancestor: Women, now ancestor: Women
中カテゴリーは前回と一緒
before descendant: Skirts, now descendant: Skirts
before ancestor: Women, now ancestor: Women
前回と大カテゴリーが一緒
before ancestor: Women, now ancestor: Women
前回と中カテゴリーが一緒
before descendant: Skirts, now descendant: Suits & Blazers
before ancestor: Women, now ancestor: Women
前回と大カテゴリーが一緒
before ancestor: Women, now ancestor: Women
中カテゴリーは前回と一緒
before descendant: Suits & Blazers, now descendant: Suits & Blazers
before ancestor: Women, now ancestor: Women
前回と大カテゴリーが一緒
before ancestor: Women, now ancestor: Women
中カテゴリーは前回と一緒
before descendant: Suits & Blazers, now descendant: Suits & Blazers
before ancestor: Women, now ancestor: Women
前回と大カテゴリーが一緒
before ancestor: Women, now ancestor: Women
中カテゴリーは前回と一緒
before descendant: Suits & Blazers, now descendant: Suits & Blazers
before ancestor: Women, now ancestor: Women
前回と大カテゴリーが一緒
before ancestor: Women, now ancestor: Women
中カテゴリーは前回と一緒
before descendant: Suits & Blazers, now descendant: Suits & Blazers
before ancestor: Women, now ancestor: Women
前回と大カテゴリーが一緒
before ancestor: Women, now ancestor: Women
前回と中カテゴリーが一緒
before descendant: Suits & Blazers, now descendant: Sweaters
before ancestor: Women, now ancestor: Women
前回と大カテゴリーが一緒
before ancestor: Women, now ancestor: Women
中カテゴリーは前回と一緒
before descendant: Sweaters, now descendant: Sweaters
before ancestor: Women, now ancestor: Women
前回と大カテゴリーが一緒
before ancestor: Women, now ancestor: Women
中カテゴリーは前回と一緒
before descendant: Sweaters, now descendant: Sweaters
before ancestor: Women, now ancestor: Women
前回と大カテゴリーが一緒
before ancestor: Women, now ancestor: Women
中カテゴリーは前回と一緒
before descendant: Sweaters, now descendant: Sweaters
before ancestor: Women, now ancestor: Women
前回と大カテゴリーが一緒
before ancestor: Women, now ancestor: Women
中カテゴリーは前回と一緒
before descendant: Sweaters, now descendant: Sweaters
before ancestor: Women, now ancestor: Women
前回と大カテゴリーが一緒
before ancestor: Women, now ancestor: Women
中カテゴリーは前回と一緒
before descendant: Sweaters, now descendant: Sweaters
before ancestor: Women, now ancestor: Women
前回と大カテゴリーが一緒
before ancestor: Women, now ancestor: Women
中カテゴリーは前回と一緒
before descendant: Sweaters, now descendant: Sweaters
before ancestor: Women, now ancestor: Women
前回と大カテゴリーが一緒
before ancestor: Women, now ancestor: Women
中カテゴリーは前回と一緒
before descendant: Sweaters, now descendant: Sweaters
before ancestor: Women, now ancestor: Women
前回と大カテゴリーが一緒
before ancestor: Women, now ancestor: Women
中カテゴリーは前回と一緒
before descendant: Sweaters, now descendant: Sweaters
before ancestor: Women, now ancestor: Women
前回と大カテゴリーが一緒
before ancestor: Women, now ancestor: Women
中カテゴリーは前回と一緒
before descendant: Sweaters, now descendant: Sweaters
before ancestor: Women, now ancestor: Women
前回と大カテゴリーが一緒
before ancestor: Women, now ancestor: Women
中カテゴリーは前回と一緒
before descendant: Sweaters, now descendant: Sweaters
before ancestor: Women, now ancestor: Women
前回と大カテゴリーが一緒
before ancestor: Women, now ancestor: Women
中カテゴリーは前回と一緒
before descendant: Sweaters, now descendant: Sweaters
before ancestor: Women, now ancestor: Women
前回と大カテゴリーが一緒
before ancestor: Women, now ancestor: Women
中カテゴリーは前回と一緒
before descendant: Sweaters, now descendant: Sweaters
before ancestor: Women, now ancestor: Women
前回と大カテゴリーが一緒
before ancestor: Women, now ancestor: Women
中カテゴリーは前回と一緒
before descendant: Sweaters, now descendant: Sweaters
before ancestor: Women, now ancestor: Women
前回と大カテゴリーが一緒
before ancestor: Women, now ancestor: Women
中カテゴリーは前回と一緒
before descendant: Sweaters, now descendant: Sweaters
before ancestor: Women, now ancestor: Women
前回と大カテゴリーが一緒
before ancestor: Women, now ancestor: Women
中カテゴリーは前回と一緒
before descendant: Sweaters, now descendant: Sweaters
before ancestor: Women, now ancestor: Women
前回と大カテゴリーが一緒
before ancestor: Women, now ancestor: Women
中カテゴリーは前回と一緒
before descendant: Sweaters, now descendant: Sweaters
before ancestor: Women, now ancestor: Women
前回と大カテゴリーが一緒
before ancestor: Women, now ancestor: Women
前回と中カテゴリーが一緒
before descendant: Sweaters, now descendant: Swimwear
before ancestor: Women, now ancestor: Women
前回と大カテゴリーが一緒
before ancestor: Women, now ancestor: Women
中カテゴリーは前回と一緒
before descendant: Swimwear, now descendant: Swimwear
before ancestor: Women, now ancestor: Women
前回と大カテゴリーが一緒
before ancestor: Women, now ancestor: Women
中カテゴリーは前回と一緒
before descendant: Swimwear, now descendant: Swimwear
before ancestor: Women, now ancestor: Women
前回と大カテゴリーが一緒
before ancestor: Women, now ancestor: Women
中カテゴリーは前回と一緒
before descendant: Swimwear, now descendant: Swimwear
before ancestor: Women, now ancestor: Women
前回と大カテゴリーが一緒
before ancestor: Women, now ancestor: Women
前回と中カテゴリーが一緒
before descendant: Swimwear, now descendant: Tops & Blouses
before ancestor: Women, now ancestor: Women
前回と大カテゴリーが一緒
before ancestor: Women, now ancestor: Women
中カテゴリーは前回と一緒
before descendant: Tops & Blouses, now descendant: Tops & Blouses
before ancestor: Women, now ancestor: Women
前回と大カテゴリーが一緒
before ancestor: Women, now ancestor: Women
中カテゴリーは前回と一緒
before descendant: Tops & Blouses, now descendant: Tops & Blouses
before ancestor: Women, now ancestor: Women
前回と大カテゴリーが一緒
before ancestor: Women, now ancestor: Women
中カテゴリーは前回と一緒
before descendant: Tops & Blouses, now descendant: Tops & Blouses
before ancestor: Women, now ancestor: Women
前回と大カテゴリーが一緒
before ancestor: Women, now ancestor: Women
中カテゴリーは前回と一緒
before descendant: Tops & Blouses, now descendant: Tops & Blouses
before ancestor: Women, now ancestor: Women
前回と大カテゴリーが一緒
before ancestor: Women, now ancestor: Women
中カテゴリーは前回と一緒
before descendant: Tops & Blouses, now descendant: Tops & Blouses
before ancestor: Women, now ancestor: Women
前回と大カテゴリーが一緒
before ancestor: Women, now ancestor: Women
中カテゴリーは前回と一緒
before descendant: Tops & Blouses, now descendant: Tops & Blouses
before ancestor: Women, now ancestor: Women
前回と大カテゴリーが一緒
before ancestor: Women, now ancestor: Women
中カテゴリーは前回と一緒
before descendant: Tops & Blouses, now descendant: Tops & Blouses
before ancestor: Women, now ancestor: Women
前回と大カテゴリーが一緒
before ancestor: Women, now ancestor: Women
中カテゴリーは前回と一緒
before descendant: Tops & Blouses, now descendant: Tops & Blouses
before ancestor: Women, now ancestor: Women
前回と大カテゴリーが一緒
before ancestor: Women, now ancestor: Women
中カテゴリーは前回と一緒
before descendant: Tops & Blouses, now descendant: Tops & Blouses
before ancestor: Women, now ancestor: Women
前回と大カテゴリーが一緒
before ancestor: Women, now ancestor: Women
中カテゴリーは前回と一緒
before descendant: Tops & Blouses, now descendant: Tops & Blouses
before ancestor: Women, now ancestor: Women
前回と大カテゴリーが一緒
before ancestor: Women, now ancestor: Women
前回と中カテゴリーが一緒
before descendant: Tops & Blouses, now descendant: Underwear
before ancestor: Women, now ancestor: Women
前回と大カテゴリーが一緒
before ancestor: Women, now ancestor: Women
中カテゴリーは前回と一緒
before descendant: Underwear, now descendant: Underwear
before ancestor: Women, now ancestor: Women
前回と大カテゴリーが一緒
before ancestor: Women, now ancestor: Women
中カテゴリーは前回と一緒
before descendant: Underwear, now descendant: Underwear
before ancestor: Women, now ancestor: Women
前回と大カテゴリーが一緒
before ancestor: Women, now ancestor: Women
中カテゴリーは前回と一緒
before descendant: Underwear, now descendant: Underwear
before ancestor: Women, now ancestor: Women
前回と大カテゴリーが一緒
before ancestor: Women, now ancestor: Women
中カテゴリーは前回と一緒
before descendant: Underwear, now descendant: Underwear
before ancestor: Women, now ancestor: Women
前回と大カテゴリーが一緒
before ancestor: Women, now ancestor: Women
前回と中カテゴリーが一緒
before descendant: Underwear, now descendant: Women's Accessories
before ancestor: Women, now ancestor: Women
前回と大カテゴリーが一緒
before ancestor: Women, now ancestor: Women
中カテゴリーは前回と一緒
before descendant: Women's Accessories, now descendant: Women's Accessories
before ancestor: Women, now ancestor: Women
前回と大カテゴリーが一緒
before ancestor: Women, now ancestor: Women
中カテゴリーは前回と一緒
before descendant: Women's Accessories, now descendant: Women's Accessories
before ancestor: Women, now ancestor: Women
前回と大カテゴリーが一緒
before ancestor: Women, now ancestor: Women
中カテゴリーは前回と一緒
before descendant: Women's Accessories, now descendant: Women's Accessories
before ancestor: Women, now ancestor: Women
前回と大カテゴリーが一緒
before ancestor: Women, now ancestor: Women
中カテゴリーは前回と一緒
before descendant: Women's Accessories, now descendant: Women's Accessories
before ancestor: Women, now ancestor: Women
前回と大カテゴリーが一緒
before ancestor: Women, now ancestor: Women
中カテゴリーは前回と一緒
before descendant: Women's Accessories, now descendant: Women's Accessories
before ancestor: Women, now ancestor: Women
前回と大カテゴリーが一緒
before ancestor: Women, now ancestor: Women
中カテゴリーは前回と一緒
before descendant: Women's Accessories, now descendant: Women's Accessories
before ancestor: Women, now ancestor: Women
前回と大カテゴリーが一緒
before ancestor: Women, now ancestor: Women
中カテゴリーは前回と一緒
before descendant: Women's Accessories, now descendant: Women's Accessories
before ancestor: Women, now ancestor: Women
前回と大カテゴリーが一緒
before ancestor: Women, now ancestor: Women
前回と中カテゴリーが一緒
before descendant: Women's Accessories, now descendant: Women's Handbags
before ancestor: Women, now ancestor: Women
前回と大カテゴリーが一緒
before ancestor: Women, now ancestor: Women
中カテゴリーは前回と一緒
before descendant: Women's Handbags, now descendant: Women's Handbags
before ancestor: Women, now ancestor: Women
前回と大カテゴリーが一緒
before ancestor: Women, now ancestor: Women
中カテゴリーは前回と一緒
before descendant: Women's Handbags, now descendant: Women's Handbags
before ancestor: Women, now ancestor: Women
前回と大カテゴリーが一緒
before ancestor: Women, now ancestor: Women
中カテゴリーは前回と一緒
before descendant: Women's Handbags, now descendant: Women's Handbags
before ancestor: Women, now ancestor: Women
前回と大カテゴリーが一緒
before ancestor: Women, now ancestor: Women
中カテゴリーは前回と一緒
before descendant: Women's Handbags, now descendant: Women's Handbags
before ancestor: Women, now ancestor: Women
前回と大カテゴリーが一緒
before ancestor: Women, now ancestor: Women
中カテゴリーは前回と一緒
before descendant: Women's Handbags, now descendant: Women's Handbags
before ancestor: Women, now ancestor: Women
前回と大カテゴリーが一緒
before ancestor: Women, now ancestor: Women
中カテゴリーは前回と一緒
before descendant: Women's Handbags, now descendant: Women's Handbags
before ancestor: Women, now ancestor: Women
前回と大カテゴリーが一緒
before ancestor: Women, now ancestor: Women
中カテゴリーは前回と一緒
before descendant: Women's Handbags, now descendant: Women's Handbags
before ancestor: Women, now ancestor: Women
前回と大カテゴリーが一緒
before ancestor: Women, now ancestor: Women
中カテゴリーは前回と一緒
before descendant: Women's Handbags, now descendant: Women's Handbags
]]></system-out>
  <system-err><![CDATA[]]></system-err>
</testsuite>
